This file contains any messages produced by compilers while
running configure, to aid debugging if configure makes a mistake.

It was created by BitStash Core configure 0.19.1, which was
generated by GNU Autoconf 2.69.  Invocation command line was

  $ ./configure PYTHONPATH= --disable-shared --with-pic --enable-benchmark=no --with-bignum=no --enable-module-recovery --enable-module-ecdh --enable-experimental --disable-jni --disable-shared --with-pic --enable-benchmark=no --with-bignum=no --enable-module-recovery --enable-module-ecdh --enable-experimental --disable-jni --no-create --no-recursion

## --------- ##
## Platform. ##
## --------- ##

hostname = cyperts-Latitude-334020646U00WZ
uname -m = x86_64
uname -r = 4.15.0-118-generic
uname -s = Linux
uname -v = #119-Ubuntu SMP Tue Sep 8 12:30:01 UTC 2020

/usr/bin/uname -p = unknown
/bin/uname -X     = unknown

/bin/arch              = unknown
/usr/bin/arch -k       = unknown
/usr/convex/getsysinfo = unknown
/usr/bin/hostinfo      = unknown
/bin/machine           = unknown
/usr/bin/oslevel       = unknown
/bin/universe          = unknown

PATH: ~/.rbenv/plugins/ruby-build/bin
PATH: /home/cyperts/.rbenv/shims
PATH: ~/.rbenv/bin
PATH: /home/cyperts/.rbenv/plugins/ruby-build/bin
PATH: /home/cyperts/.rbenv/shims
PATH: /home/cyperts/.rbenv/bin
PATH: /usr/local/sbin
PATH: /usr/local/bin
PATH: /usr/sbin
PATH: /usr/bin
PATH: /sbin
PATH: /bin
PATH: /usr/games
PATH: /usr/local/games
PATH: /snap/bin
PATH: /home/cyperts/go/bin/
PATH: /usr/local/go/bin
PATH: /usr/local/go/bin


## ----------- ##
## Core tests. ##
## ----------- ##

configure:3142: checking build system type
configure:3156: result: x86_64-pc-linux-gnu
configure:3176: checking host system type
configure:3189: result: x86_64-pc-linux-gnu
configure:3232: checking for a BSD-compatible install
configure:3300: result: /usr/bin/install -c
configure:3311: checking whether build environment is sane
configure:3366: result: yes
configure:3517: checking for a thread-safe mkdir -p
configure:3556: result: /bin/mkdir -p
configure:3563: checking for gawk
configure:3593: result: no
configure:3563: checking for mawk
configure:3579: found /usr/bin/mawk
configure:3590: result: mawk
configure:3601: checking whether make sets $(MAKE)
configure:3623: result: yes
configure:3652: checking whether make supports nested variables
configure:3669: result: yes
configure:3788: checking whether to enable maintainer-specific portions of Makefiles
configure:3797: result: yes
configure:3822: checking whether make supports nested variables
configure:3839: result: yes
configure:3914: checking for g++
configure:3930: found /usr/bin/g++
configure:3941: result: g++
configure:3968: checking for C++ compiler version
configure:3977: g++ --version >&5
g++ (Ubuntu 7.5.0-3ubuntu1~18.04) 7.5.0
Copyright (C) 2017 Free Software Foundation, Inc.
This is free software; see the source for copying conditions.  There is NO
warranty; not even for MERCHANTABILITY or FITNESS FOR A PARTICULAR PURPOSE.

configure:3988: $? = 0
configure:3977: g++ -v >&5
Using built-in specs.
COLLECT_GCC=g++
COLLECT_LTO_WRAPPER=/usr/lib/gcc/x86_64-linux-gnu/7/lto-wrapper
OFFLOAD_TARGET_NAMES=nvptx-none
OFFLOAD_TARGET_DEFAULT=1
Target: x86_64-linux-gnu
Configured with: ../src/configure -v --with-pkgversion='Ubuntu 7.5.0-3ubuntu1~18.04' --with-bugurl=file:///usr/share/doc/gcc-7/README.Bugs --enable-languages=c,ada,c++,go,brig,d,fortran,objc,obj-c++ --prefix=/usr --with-gcc-major-version-only --program-suffix=-7 --program-prefix=x86_64-linux-gnu- --enable-shared --enable-linker-build-id --libexecdir=/usr/lib --without-included-gettext --enable-threads=posix --libdir=/usr/lib --enable-nls --enable-bootstrap --enable-clocale=gnu --enable-libstdcxx-debug --enable-libstdcxx-time=yes --with-default-libstdcxx-abi=new --enable-gnu-unique-object --disable-vtable-verify --enable-libmpx --enable-plugin --enable-default-pie --with-system-zlib --with-target-system-zlib --enable-objc-gc=auto --enable-multiarch --disable-werror --with-arch-32=i686 --with-abi=m64 --with-multilib-list=m32,m64,mx32 --enable-multilib --with-tune=generic --enable-offload-targets=nvptx-none --without-cuda-driver --enable-checking=release --build=x86_64-linux-gnu --host=x86_64-linux-gnu --target=x86_64-linux-gnu
Thread model: posix
gcc version 7.5.0 (Ubuntu 7.5.0-3ubuntu1~18.04) 
configure:3988: $? = 0
configure:3977: g++ -V >&5
g++: error: unrecognized command line option '-V'
g++: fatal error: no input files
compilation terminated.
configure:3988: $? = 1
configure:3977: g++ -qversion >&5
g++: error: unrecognized command line option '-qversion'; did you mean '--version'?
g++: fatal error: no input files
compilation terminated.
configure:3988: $? = 1
configure:4008: checking whether the C++ compiler works
configure:4030: g++    conftest.cpp  >&5
configure:4034: $? = 0
configure:4082: result: yes
configure:4085: checking for C++ compiler default output file name
configure:4087: result: a.out
configure:4093: checking for suffix of executables
configure:4100: g++ -o conftest    conftest.cpp  >&5
configure:4104: $? = 0
configure:4126: result: 
configure:4148: checking whether we are cross compiling
configure:4156: g++ -o conftest    conftest.cpp  >&5
configure:4160: $? = 0
configure:4167: ./conftest
configure:4171: $? = 0
configure:4186: result: no
configure:4191: checking for suffix of object files
configure:4213: g++ -c   conftest.cpp >&5
configure:4217: $? = 0
configure:4238: result: o
configure:4242: checking whether we are using the GNU C++ compiler
configure:4261: g++ -c   conftest.cpp >&5
configure:4261: $? = 0
configure:4270: result: yes
configure:4279: checking whether g++ accepts -g
configure:4299: g++ -c -g  conftest.cpp >&5
configure:4299: $? = 0
configure:4340: result: yes
configure:4374: checking for style of include used by make
configure:4402: result: GNU
configure:4428: checking dependency style of g++
configure:4539: result: gcc3
configure:4579: checking whether g++ supports C++11 features with -std=c++11
configure:4875: g++ -std=c++11 -c -g -O2  conftest.cpp >&5
configure:4875: $? = 0
configure:4884: result: yes
configure:4928: checking whether std::atomic can be used without link library
configure:4946: g++ -std=c++11 -o conftest -g -O2   conftest.cpp  >&5
configure:4946: $? = 0
configure:4948: result: yes
configure:5113: checking for Objective C++ compiler version
configure:5122: g++ -std=c++11 --version >&5
g++ (Ubuntu 7.5.0-3ubuntu1~18.04) 7.5.0
Copyright (C) 2017 Free Software Foundation, Inc.
This is free software; see the source for copying conditions.  There is NO
warranty; not even for MERCHANTABILITY or FITNESS FOR A PARTICULAR PURPOSE.

configure:5133: $? = 0
configure:5122: g++ -std=c++11 -v >&5
Using built-in specs.
COLLECT_GCC=g++
COLLECT_LTO_WRAPPER=/usr/lib/gcc/x86_64-linux-gnu/7/lto-wrapper
OFFLOAD_TARGET_NAMES=nvptx-none
OFFLOAD_TARGET_DEFAULT=1
Target: x86_64-linux-gnu
Configured with: ../src/configure -v --with-pkgversion='Ubuntu 7.5.0-3ubuntu1~18.04' --with-bugurl=file:///usr/share/doc/gcc-7/README.Bugs --enable-languages=c,ada,c++,go,brig,d,fortran,objc,obj-c++ --prefix=/usr --with-gcc-major-version-only --program-suffix=-7 --program-prefix=x86_64-linux-gnu- --enable-shared --enable-linker-build-id --libexecdir=/usr/lib --without-included-gettext --enable-threads=posix --libdir=/usr/lib --enable-nls --enable-bootstrap --enable-clocale=gnu --enable-libstdcxx-debug --enable-libstdcxx-time=yes --with-default-libstdcxx-abi=new --enable-gnu-unique-object --disable-vtable-verify --enable-libmpx --enable-plugin --enable-default-pie --with-system-zlib --with-target-system-zlib --enable-objc-gc=auto --enable-multiarch --disable-werror --with-arch-32=i686 --with-abi=m64 --with-multilib-list=m32,m64,mx32 --enable-multilib --with-tune=generic --enable-offload-targets=nvptx-none --without-cuda-driver --enable-checking=release --build=x86_64-linux-gnu --host=x86_64-linux-gnu --target=x86_64-linux-gnu
Thread model: posix
gcc version 7.5.0 (Ubuntu 7.5.0-3ubuntu1~18.04) 
configure:5133: $? = 0
configure:5122: g++ -std=c++11 -V >&5
g++: error: unrecognized command line option '-V'
g++: fatal error: no input files
compilation terminated.
configure:5133: $? = 1
configure:5122: g++ -std=c++11 -qversion >&5
g++: error: unrecognized command line option '-qversion'; did you mean '--version'?
g++: fatal error: no input files
compilation terminated.
configure:5133: $? = 1
configure:5137: checking whether we are using the GNU Objective C++ compiler
configure:5156: g++ -std=c++11 -c   conftest.mm >&5
g++: error trying to exec 'cc1objplus': execvp: No such file or directory
configure:5156: $? = 1
configure: failed program was:
| /* confdefs.h */
| #define PACKAGE_NAME "BitStash Core"
| #define PACKAGE_TARNAME "bitstash"
| #define PACKAGE_VERSION "0.19.1"
| #define PACKAGE_STRING "BitStash Core 0.19.1"
| #define PACKAGE_BUGREPORT "https://github.com/bitstashco/BitStash-Core/issues"
| #define PACKAGE_URL "https://bitstash.co//"
| #define HAVE_CXX11 1
| /* end confdefs.h.  */
| 
| int
| main ()
| {
| #ifndef __GNUC__
|        choke me
| #endif
| 
|   ;
|   return 0;
| }
configure:5165: result: no
configure:5174: checking whether g++ -std=c++11 accepts -g
configure:5194: g++ -std=c++11 -c -g  conftest.mm >&5
g++: error trying to exec 'cc1objplus': execvp: No such file or directory
configure:5194: $? = 1
configure: failed program was:
| /* confdefs.h */
| #define PACKAGE_NAME "BitStash Core"
| #define PACKAGE_TARNAME "bitstash"
| #define PACKAGE_VERSION "0.19.1"
| #define PACKAGE_STRING "BitStash Core 0.19.1"
| #define PACKAGE_BUGREPORT "https://github.com/bitstashco/BitStash-Core/issues"
| #define PACKAGE_URL "https://bitstash.co//"
| #define HAVE_CXX11 1
| /* end confdefs.h.  */
| 
| int
| main ()
| {
| 
|   ;
|   return 0;
| }
configure:5209: g++ -std=c++11 -c   conftest.mm >&5
g++: error trying to exec 'cc1objplus': execvp: No such file or directory
configure:5209: $? = 1
configure: failed program was:
| /* confdefs.h */
| #define PACKAGE_NAME "BitStash Core"
| #define PACKAGE_TARNAME "bitstash"
| #define PACKAGE_VERSION "0.19.1"
| #define PACKAGE_STRING "BitStash Core 0.19.1"
| #define PACKAGE_BUGREPORT "https://github.com/bitstashco/BitStash-Core/issues"
| #define PACKAGE_URL "https://bitstash.co//"
| #define HAVE_CXX11 1
| /* end confdefs.h.  */
| 
| int
| main ()
| {
| 
|   ;
|   return 0;
| }
configure:5225: g++ -std=c++11 -c -g  conftest.mm >&5
g++: error trying to exec 'cc1objplus': execvp: No such file or directory
configure:5225: $? = 1
configure: failed program was:
| /* confdefs.h */
| #define PACKAGE_NAME "BitStash Core"
| #define PACKAGE_TARNAME "bitstash"
| #define PACKAGE_VERSION "0.19.1"
| #define PACKAGE_STRING "BitStash Core 0.19.1"
| #define PACKAGE_BUGREPORT "https://github.com/bitstashco/BitStash-Core/issues"
| #define PACKAGE_URL "https://bitstash.co//"
| #define HAVE_CXX11 1
| /* end confdefs.h.  */
| 
| int
| main ()
| {
| 
|   ;
|   return 0;
| }
configure:5235: result: no
configure:5260: checking dependency style of g++ -std=c++11
configure:5369: result: gcc3
configure:5432: checking how to print strings
configure:5459: result: printf
configure:5528: checking for gcc
configure:5544: found /usr/bin/gcc
configure:5555: result: gcc
configure:5784: checking for C compiler version
configure:5793: gcc --version >&5
gcc (Ubuntu 7.5.0-3ubuntu1~18.04) 7.5.0
Copyright (C) 2017 Free Software Foundation, Inc.
This is free software; see the source for copying conditions.  There is NO
warranty; not even for MERCHANTABILITY or FITNESS FOR A PARTICULAR PURPOSE.

configure:5804: $? = 0
configure:5793: gcc -v >&5
Using built-in specs.
COLLECT_GCC=gcc
COLLECT_LTO_WRAPPER=/usr/lib/gcc/x86_64-linux-gnu/7/lto-wrapper
OFFLOAD_TARGET_NAMES=nvptx-none
OFFLOAD_TARGET_DEFAULT=1
Target: x86_64-linux-gnu
Configured with: ../src/configure -v --with-pkgversion='Ubuntu 7.5.0-3ubuntu1~18.04' --with-bugurl=file:///usr/share/doc/gcc-7/README.Bugs --enable-languages=c,ada,c++,go,brig,d,fortran,objc,obj-c++ --prefix=/usr --with-gcc-major-version-only --program-suffix=-7 --program-prefix=x86_64-linux-gnu- --enable-shared --enable-linker-build-id --libexecdir=/usr/lib --without-included-gettext --enable-threads=posix --libdir=/usr/lib --enable-nls --enable-bootstrap --enable-clocale=gnu --enable-libstdcxx-debug --enable-libstdcxx-time=yes --with-default-libstdcxx-abi=new --enable-gnu-unique-object --disable-vtable-verify --enable-libmpx --enable-plugin --enable-default-pie --with-system-zlib --with-target-system-zlib --enable-objc-gc=auto --enable-multiarch --disable-werror --with-arch-32=i686 --with-abi=m64 --with-multilib-list=m32,m64,mx32 --enable-multilib --with-tune=generic --enable-offload-targets=nvptx-none --without-cuda-driver --enable-checking=release --build=x86_64-linux-gnu --host=x86_64-linux-gnu --target=x86_64-linux-gnu
Thread model: posix
gcc version 7.5.0 (Ubuntu 7.5.0-3ubuntu1~18.04) 
configure:5804: $? = 0
configure:5793: gcc -V >&5
gcc: error: unrecognized command line option '-V'
gcc: fatal error: no input files
compilation terminated.
configure:5804: $? = 1
configure:5793: gcc -qversion >&5
gcc: error: unrecognized command line option '-qversion'; did you mean '--version'?
gcc: fatal error: no input files
compilation terminated.
configure:5804: $? = 1
configure:5808: checking whether we are using the GNU C compiler
configure:5827: gcc -c   conftest.c >&5
configure:5827: $? = 0
configure:5836: result: yes
configure:5845: checking whether gcc accepts -g
configure:5865: gcc -c -g  conftest.c >&5
configure:5865: $? = 0
configure:5906: result: yes
configure:5923: checking for gcc option to accept ISO C89
configure:5986: gcc  -c -g -O2  conftest.c >&5
configure:5986: $? = 0
configure:5999: result: none needed
configure:6024: checking whether gcc understands -c and -o together
configure:6046: gcc -c conftest.c -o conftest2.o
configure:6049: $? = 0
configure:6046: gcc -c conftest.c -o conftest2.o
configure:6049: $? = 0
configure:6061: result: yes
configure:6080: checking dependency style of gcc
configure:6191: result: gcc3
configure:6206: checking for a sed that does not truncate output
configure:6270: result: /bin/sed
configure:6288: checking for grep that handles long lines and -e
configure:6346: result: /bin/grep
configure:6351: checking for egrep
configure:6413: result: /bin/grep -E
configure:6418: checking for fgrep
configure:6480: result: /bin/grep -F
configure:6515: checking for ld used by gcc
configure:6582: result: /usr/bin/ld
configure:6589: checking if the linker (/usr/bin/ld) is GNU ld
configure:6604: result: yes
configure:6616: checking for BSD- or MS-compatible name lister (nm)
configure:6670: result: /usr/bin/nm -B
configure:6800: checking the name lister (/usr/bin/nm -B) interface
configure:6807: gcc -c -g -O2  conftest.c >&5
configure:6810: /usr/bin/nm -B "conftest.o"
configure:6813: output
0000000000000000 B some_variable
configure:6820: result: BSD nm
configure:6823: checking whether ln -s works
configure:6827: result: yes
configure:6835: checking the maximum length of command line arguments
configure:6966: result: 1572864
configure:7014: checking how to convert x86_64-pc-linux-gnu file names to x86_64-pc-linux-gnu format
configure:7054: result: func_convert_file_noop
configure:7061: checking how to convert x86_64-pc-linux-gnu file names to toolchain format
configure:7081: result: func_convert_file_noop
configure:7088: checking for /usr/bin/ld option to reload object files
configure:7095: result: -r
configure:7169: checking for objdump
configure:7185: found /usr/bin/objdump
configure:7196: result: objdump
configure:7228: checking how to recognize dependent libraries
configure:7428: result: pass_all
configure:7513: checking for dlltool
configure:7543: result: no
configure:7573: checking how to associate runtime and link libraries
configure:7600: result: printf %s\n
configure:7661: checking for ar
configure:7677: found /usr/bin/ar
configure:7688: result: ar
configure:7725: checking for archiver @FILE support
configure:7742: gcc -c -g -O2  conftest.c >&5
configure:7742: $? = 0
configure:7745: ar cru libconftest.a @conftest.lst >&5
ar: `u' modifier ignored since `D' is the default (see `U')
configure:7748: $? = 0
configure:7753: ar cru libconftest.a @conftest.lst >&5
ar: `u' modifier ignored since `D' is the default (see `U')
ar: conftest.o: No such file or directory
configure:7756: $? = 1
configure:7768: result: @
configure:7826: checking for strip
configure:7842: found /usr/bin/strip
configure:7853: result: strip
configure:7925: checking for ranlib
configure:7941: found /usr/bin/ranlib
configure:7952: result: ranlib
configure:8054: checking command to parse /usr/bin/nm -B output from gcc object
configure:8207: gcc -c -g -O2  conftest.c >&5
configure:8210: $? = 0
configure:8214: /usr/bin/nm -B conftest.o \| sed -n -e 's/^.*[ ]\([ABCDGIRSTW][ABCDGIRSTW]*\)[ ][ ]*\([_A-Za-z][_A-Za-z0-9]*\)$/\1 \2 \2/p' | sed '/ __gnu_lto/d' \> conftest.nm
configure:8217: $? = 0
configure:8283: gcc -o conftest -g -O2   conftest.c conftstm.o >&5
configure:8286: $? = 0
configure:8324: result: ok
configure:8371: checking for sysroot
configure:8401: result: no
configure:8408: checking for a working dd
configure:8446: result: /bin/dd
configure:8450: checking how to truncate binary pipes
configure:8465: result: /bin/dd bs=4096 count=1
configure:8601: gcc -c -g -O2  conftest.c >&5
configure:8604: $? = 0
configure:8794: checking for mt
configure:8810: found /bin/mt
configure:8821: result: mt
configure:8844: checking if mt is a manifest tool
configure:8850: mt '-?'
configure:8858: result: no
configure:9535: checking how to run the C preprocessor
configure:9566: gcc -E  conftest.c
configure:9566: $? = 0
configure:9580: gcc -E  conftest.c
conftest.c:10:10: fatal error: ac_nonexistent.h: No such file or directory
 #include <ac_nonexistent.h>
          ^~~~~~~~~~~~~~~~~~
compilation terminated.
configure:9580: $? = 1
configure: failed program was:
| /* confdefs.h */
| #define PACKAGE_NAME "BitStash Core"
| #define PACKAGE_TARNAME "bitstash"
| #define PACKAGE_VERSION "0.19.1"
| #define PACKAGE_STRING "BitStash Core 0.19.1"
| #define PACKAGE_BUGREPORT "https://github.com/bitstashco/BitStash-Core/issues"
| #define PACKAGE_URL "https://bitstash.co//"
| #define HAVE_CXX11 1
| /* end confdefs.h.  */
| #include <ac_nonexistent.h>
configure:9605: result: gcc -E
configure:9625: gcc -E  conftest.c
configure:9625: $? = 0
configure:9639: gcc -E  conftest.c
conftest.c:10:10: fatal error: ac_nonexistent.h: No such file or directory
 #include <ac_nonexistent.h>
          ^~~~~~~~~~~~~~~~~~
compilation terminated.
configure:9639: $? = 1
configure: failed program was:
| /* confdefs.h */
| #define PACKAGE_NAME "BitStash Core"
| #define PACKAGE_TARNAME "bitstash"
| #define PACKAGE_VERSION "0.19.1"
| #define PACKAGE_STRING "BitStash Core 0.19.1"
| #define PACKAGE_BUGREPORT "https://github.com/bitstashco/BitStash-Core/issues"
| #define PACKAGE_URL "https://bitstash.co//"
| #define HAVE_CXX11 1
| /* end confdefs.h.  */
| #include <ac_nonexistent.h>
configure:9668: checking for ANSI C header files
configure:9688: gcc -c -g -O2  conftest.c >&5
configure:9688: $? = 0
configure:9761: gcc -o conftest -g -O2   conftest.c  >&5
configure:9761: $? = 0
configure:9761: ./conftest
configure:9761: $? = 0
configure:9772: result: yes
configure:9785: checking for sys/types.h
configure:9785: gcc -c -g -O2  conftest.c >&5
configure:9785: $? = 0
configure:9785: result: yes
configure:9785: checking for sys/stat.h
configure:9785: gcc -c -g -O2  conftest.c >&5
configure:9785: $? = 0
configure:9785: result: yes
configure:9785: checking for stdlib.h
configure:9785: gcc -c -g -O2  conftest.c >&5
configure:9785: $? = 0
configure:9785: result: yes
configure:9785: checking for string.h
configure:9785: gcc -c -g -O2  conftest.c >&5
configure:9785: $? = 0
configure:9785: result: yes
configure:9785: checking for memory.h
configure:9785: gcc -c -g -O2  conftest.c >&5
configure:9785: $? = 0
configure:9785: result: yes
configure:9785: checking for strings.h
configure:9785: gcc -c -g -O2  conftest.c >&5
configure:9785: $? = 0
configure:9785: result: yes
configure:9785: checking for inttypes.h
configure:9785: gcc -c -g -O2  conftest.c >&5
configure:9785: $? = 0
configure:9785: result: yes
configure:9785: checking for stdint.h
configure:9785: gcc -c -g -O2  conftest.c >&5
configure:9785: $? = 0
configure:9785: result: yes
configure:9785: checking for unistd.h
configure:9785: gcc -c -g -O2  conftest.c >&5
configure:9785: $? = 0
configure:9785: result: yes
configure:9799: checking for dlfcn.h
configure:9799: gcc -c -g -O2  conftest.c >&5
configure:9799: $? = 0
configure:9799: result: yes
configure:10064: checking for objdir
configure:10079: result: .libs
configure:10343: checking if gcc supports -fno-rtti -fno-exceptions
configure:10361: gcc -c -g -O2  -fno-rtti -fno-exceptions conftest.c >&5
cc1: warning: command line option '-fno-rtti' is valid for C++/ObjC++ but not for C
configure:10365: $? = 0
configure:10378: result: no
configure:10736: checking for gcc option to produce PIC
configure:10743: result: -fPIC -DPIC
configure:10751: checking if gcc PIC flag -fPIC -DPIC works
configure:10769: gcc -c -g -O2  -fPIC -DPIC -DPIC conftest.c >&5
configure:10773: $? = 0
configure:10786: result: yes
configure:10815: checking if gcc static flag -static works
configure:10843: result: yes
configure:10858: checking if gcc supports -c -o file.o
configure:10879: gcc -c -g -O2  -o out/conftest2.o conftest.c >&5
configure:10883: $? = 0
configure:10905: result: yes
configure:10913: checking if gcc supports -c -o file.o
configure:10960: result: yes
configure:10993: checking whether the gcc linker (/usr/bin/ld -m elf_x86_64) supports shared libraries
configure:12256: result: yes
configure:12496: checking dynamic linker characteristics
configure:13077: gcc -o conftest -g -O2   -Wl,-rpath -Wl,/foo conftest.c  >&5
configure:13077: $? = 0
configure:13326: result: GNU/Linux ld.so
configure:13448: checking how to hardcode library paths into programs
configure:13473: result: immediate
configure:14021: checking whether stripping libraries is possible
configure:14026: result: yes
configure:14061: checking if libtool supports shared libraries
configure:14063: result: yes
configure:14066: checking whether to build shared libraries
configure:14091: result: no
configure:14094: checking whether to build static libraries
configure:14098: result: yes
configure:14121: checking how to run the C++ preprocessor
configure:14148: g++ -std=c++11 -E  conftest.cpp
configure:14148: $? = 0
configure:14162: g++ -std=c++11 -E  conftest.cpp
conftest.cpp:22:10: fatal error: ac_nonexistent.h: No such file or directory
 #include <ac_nonexistent.h>
          ^~~~~~~~~~~~~~~~~~
compilation terminated.
configure:14162: $? = 1
configure: failed program was:
| /* confdefs.h */
| #define PACKAGE_NAME "BitStash Core"
| #define PACKAGE_TARNAME "bitstash"
| #define PACKAGE_VERSION "0.19.1"
| #define PACKAGE_STRING "BitStash Core 0.19.1"
| #define PACKAGE_BUGREPORT "https://github.com/bitstashco/BitStash-Core/issues"
| #define PACKAGE_URL "https://bitstash.co//"
| #define HAVE_CXX11 1
| #define STDC_HEADERS 1
| #define HAVE_SYS_TYPES_H 1
| #define HAVE_SYS_STAT_H 1
| #define HAVE_STDLIB_H 1
| #define HAVE_STRING_H 1
| #define HAVE_MEMORY_H 1
| #define HAVE_STRINGS_H 1
| #define HAVE_INTTYPES_H 1
| #define HAVE_STDINT_H 1
| #define HAVE_UNISTD_H 1
| #define HAVE_DLFCN_H 1
| #define LT_OBJDIR ".libs/"
| /* end confdefs.h.  */
| #include <ac_nonexistent.h>
configure:14187: result: g++ -std=c++11 -E
configure:14207: g++ -std=c++11 -E  conftest.cpp
configure:14207: $? = 0
configure:14221: g++ -std=c++11 -E  conftest.cpp
conftest.cpp:22:10: fatal error: ac_nonexistent.h: No such file or directory
 #include <ac_nonexistent.h>
          ^~~~~~~~~~~~~~~~~~
compilation terminated.
configure:14221: $? = 1
configure: failed program was:
| /* confdefs.h */
| #define PACKAGE_NAME "BitStash Core"
| #define PACKAGE_TARNAME "bitstash"
| #define PACKAGE_VERSION "0.19.1"
| #define PACKAGE_STRING "BitStash Core 0.19.1"
| #define PACKAGE_BUGREPORT "https://github.com/bitstashco/BitStash-Core/issues"
| #define PACKAGE_URL "https://bitstash.co//"
| #define HAVE_CXX11 1
| #define STDC_HEADERS 1
| #define HAVE_SYS_TYPES_H 1
| #define HAVE_SYS_STAT_H 1
| #define HAVE_STDLIB_H 1
| #define HAVE_STRING_H 1
| #define HAVE_MEMORY_H 1
| #define HAVE_STRINGS_H 1
| #define HAVE_INTTYPES_H 1
| #define HAVE_STDINT_H 1
| #define HAVE_UNISTD_H 1
| #define HAVE_DLFCN_H 1
| #define LT_OBJDIR ".libs/"
| /* end confdefs.h.  */
| #include <ac_nonexistent.h>
configure:14383: checking for ld used by g++ -std=c++11
configure:14450: result: /usr/bin/ld -m elf_x86_64
configure:14457: checking if the linker (/usr/bin/ld -m elf_x86_64) is GNU ld
configure:14472: result: yes
configure:14527: checking whether the g++ -std=c++11 linker (/usr/bin/ld -m elf_x86_64) supports shared libraries
configure:15600: result: yes
configure:15636: g++ -std=c++11 -c -g -O2  conftest.cpp >&5
configure:15639: $? = 0
configure:16120: checking for g++ -std=c++11 option to produce PIC
configure:16127: result: -fPIC -DPIC
configure:16135: checking if g++ -std=c++11 PIC flag -fPIC -DPIC works
configure:16153: g++ -std=c++11 -c -g -O2  -fPIC -DPIC -DPIC conftest.cpp >&5
configure:16157: $? = 0
configure:16170: result: yes
configure:16193: checking if g++ -std=c++11 static flag -static works
configure:16221: result: yes
configure:16233: checking if g++ -std=c++11 supports -c -o file.o
configure:16254: g++ -std=c++11 -c -g -O2  -o out/conftest2.o conftest.cpp >&5
configure:16258: $? = 0
configure:16280: result: yes
configure:16285: checking if g++ -std=c++11 supports -c -o file.o
configure:16332: result: yes
configure:16362: checking whether the g++ -std=c++11 linker (/usr/bin/ld -m elf_x86_64) supports shared libraries
configure:16405: result: yes
configure:16546: checking dynamic linker characteristics
configure:17303: result: GNU/Linux ld.so
configure:17368: checking how to hardcode library paths into programs
configure:17393: result: immediate
configure:17501: checking for ar
configure:17519: found /usr/bin/ar
configure:17531: result: /usr/bin/ar
configure:17599: checking for ranlib
configure:17617: found /usr/bin/ranlib
configure:17629: result: /usr/bin/ranlib
configure:17697: checking for strip
configure:17715: found /usr/bin/strip
configure:17727: result: /usr/bin/strip
configure:17795: checking for gcov
configure:17813: found /usr/bin/gcov
configure:17825: result: /usr/bin/gcov
configure:17849: checking for lcov
configure:17882: result: no
configure:17891: checking for python3.5
configure:17924: result: no
configure:17891: checking for python3.6
configure:17909: found /usr/bin/python3.6
configure:17921: result: /usr/bin/python3.6
configure:17934: checking for genhtml
configure:17967: result: no
configure:17974: checking for git
configure:17992: found /usr/bin/git
configure:18004: result: /usr/bin/git
configure:18014: checking for ccache
configure:18047: result: no
configure:18054: checking for xgettext
configure:18072: found /usr/bin/xgettext
configure:18084: result: /usr/bin/xgettext
configure:18094: checking for hexdump
configure:18112: found /usr/bin/hexdump
configure:18124: result: /usr/bin/hexdump
configure:18178: checking for readelf
configure:18196: found /usr/bin/readelf
configure:18208: result: /usr/bin/readelf
configure:18276: checking for c++filt
configure:18294: found /usr/bin/c++filt
configure:18306: result: /usr/bin/c++filt
configure:18374: checking for objcopy
configure:18392: found /usr/bin/objcopy
configure:18404: result: /usr/bin/objcopy
configure:18428: checking for doxygen
configure:18446: found /usr/bin/doxygen
configure:18458: result: /usr/bin/doxygen
configure:18722: checking whether C++ compiler accepts -Werror
configure:18741: g++ -std=c++11 -c -g -O2  -Werror  conftest.cpp >&5
configure:18741: $? = 0
configure:18749: result: yes
configure:19206: checking whether C++ compiler accepts -Wall
configure:19225: g++ -std=c++11 -c -g -O2 -Werror -Wall  -DBITSTASH_BUILD conftest.cpp >&5
configure:19225: $? = 0
configure:19234: result: yes
configure:19243: checking whether C++ compiler accepts -Wextra
configure:19262: g++ -std=c++11 -c -g -O2 -Werror -Wextra  -DBITSTASH_BUILD conftest.cpp >&5
configure:19262: $? = 0
configure:19271: result: yes
configure:19280: checking whether C++ compiler accepts -Wformat
configure:19299: g++ -std=c++11 -c -g -O2 -Werror -Wformat  -DBITSTASH_BUILD conftest.cpp >&5
configure:19299: $? = 0
configure:19308: result: yes
configure:19317: checking whether C++ compiler accepts -Wvla
configure:19336: g++ -std=c++11 -c -g -O2 -Werror -Wvla  -DBITSTASH_BUILD conftest.cpp >&5
configure:19336: $? = 0
configure:19345: result: yes
configure:19354: checking whether C++ compiler accepts -Wswitch
configure:19373: g++ -std=c++11 -c -g -O2 -Werror -Wswitch  -DBITSTASH_BUILD conftest.cpp >&5
configure:19373: $? = 0
configure:19382: result: yes
configure:19391: checking whether C++ compiler accepts -Wformat-security
configure:19410: g++ -std=c++11 -c -g -O2 -Werror -Wformat-security  -DBITSTASH_BUILD conftest.cpp >&5
configure:19410: $? = 0
configure:19419: result: yes
configure:19428: checking whether C++ compiler accepts -Wthread-safety-analysis
configure:19447: g++ -std=c++11 -c -g -O2 -Werror -Wthread-safety-analysis  -DBITSTASH_BUILD conftest.cpp >&5
g++: error: unrecognized command line option '-Wthread-safety-analysis'; did you mean '-fthreadsafe-statics'?
configure:19447: $? = 1
configure: failed program was:
| /* confdefs.h */
| #define PACKAGE_NAME "BitStash Core"
| #define PACKAGE_TARNAME "bitstash"
| #define PACKAGE_VERSION "0.19.1"
| #define PACKAGE_STRING "BitStash Core 0.19.1"
| #define PACKAGE_BUGREPORT "https://github.com/bitstashco/BitStash-Core/issues"
| #define PACKAGE_URL "https://bitstash.co//"
| #define HAVE_CXX11 1
| #define STDC_HEADERS 1
| #define HAVE_SYS_TYPES_H 1
| #define HAVE_SYS_STAT_H 1
| #define HAVE_STDLIB_H 1
| #define HAVE_STRING_H 1
| #define HAVE_MEMORY_H 1
| #define HAVE_STRINGS_H 1
| #define HAVE_INTTYPES_H 1
| #define HAVE_STDINT_H 1
| #define HAVE_UNISTD_H 1
| #define HAVE_DLFCN_H 1
| #define LT_OBJDIR ".libs/"
| #define USE_ASM 1
| /* end confdefs.h.  */
| 
| int
| main ()
| {
| 
|   ;
|   return 0;
| }
configure:19456: result: no
configure:19465: checking whether C++ compiler accepts -Wrange-loop-analysis
configure:19484: g++ -std=c++11 -c -g -O2 -Werror -Wrange-loop-analysis  -DBITSTASH_BUILD conftest.cpp >&5
g++: error: unrecognized command line option '-Wrange-loop-analysis'
configure:19484: $? = 1
configure: failed program was:
| /* confdefs.h */
| #define PACKAGE_NAME "BitStash Core"
| #define PACKAGE_TARNAME "bitstash"
| #define PACKAGE_VERSION "0.19.1"
| #define PACKAGE_STRING "BitStash Core 0.19.1"
| #define PACKAGE_BUGREPORT "https://github.com/bitstashco/BitStash-Core/issues"
| #define PACKAGE_URL "https://bitstash.co//"
| #define HAVE_CXX11 1
| #define STDC_HEADERS 1
| #define HAVE_SYS_TYPES_H 1
| #define HAVE_SYS_STAT_H 1
| #define HAVE_STDLIB_H 1
| #define HAVE_STRING_H 1
| #define HAVE_MEMORY_H 1
| #define HAVE_STRINGS_H 1
| #define HAVE_INTTYPES_H 1
| #define HAVE_STDINT_H 1
| #define HAVE_UNISTD_H 1
| #define HAVE_DLFCN_H 1
| #define LT_OBJDIR ".libs/"
| #define USE_ASM 1
| /* end confdefs.h.  */
| 
| int
| main ()
| {
| 
|   ;
|   return 0;
| }
configure:19493: result: no
configure:19502: checking whether C++ compiler accepts -Wredundant-decls
configure:19521: g++ -std=c++11 -c -g -O2 -Werror -Wredundant-decls  -DBITSTASH_BUILD conftest.cpp >&5
configure:19521: $? = 0
configure:19530: result: yes
configure:19543: checking whether C++ compiler accepts -Wunused-parameter
configure:19562: g++ -std=c++11 -c -g -O2 -Werror -Wunused-parameter  -DBITSTASH_BUILD conftest.cpp >&5
configure:19562: $? = 0
configure:19571: result: yes
configure:19580: checking whether C++ compiler accepts -Wself-assign
configure:19599: g++ -std=c++11 -c -g -O2 -Werror -Wself-assign  -DBITSTASH_BUILD conftest.cpp >&5
g++: error: unrecognized command line option '-Wself-assign'; did you mean '-Wcast-align'?
configure:19599: $? = 1
configure: failed program was:
| /* confdefs.h */
| #define PACKAGE_NAME "BitStash Core"
| #define PACKAGE_TARNAME "bitstash"
| #define PACKAGE_VERSION "0.19.1"
| #define PACKAGE_STRING "BitStash Core 0.19.1"
| #define PACKAGE_BUGREPORT "https://github.com/bitstashco/BitStash-Core/issues"
| #define PACKAGE_URL "https://bitstash.co//"
| #define HAVE_CXX11 1
| #define STDC_HEADERS 1
| #define HAVE_SYS_TYPES_H 1
| #define HAVE_SYS_STAT_H 1
| #define HAVE_STDLIB_H 1
| #define HAVE_STRING_H 1
| #define HAVE_MEMORY_H 1
| #define HAVE_STRINGS_H 1
| #define HAVE_INTTYPES_H 1
| #define HAVE_STDINT_H 1
| #define HAVE_UNISTD_H 1
| #define HAVE_DLFCN_H 1
| #define LT_OBJDIR ".libs/"
| #define USE_ASM 1
| /* end confdefs.h.  */
| 
| int
| main ()
| {
| 
|   ;
|   return 0;
| }
configure:19608: result: no
configure:19617: checking whether C++ compiler accepts -Wunused-local-typedef
configure:19636: g++ -std=c++11 -c -g -O2 -Werror -Wunused-local-typedef  -DBITSTASH_BUILD conftest.cpp >&5
g++: error: unrecognized command line option '-Wunused-local-typedef'; did you mean '-Wunused-local-typedefs'?
configure:19636: $? = 1
configure: failed program was:
| /* confdefs.h */
| #define PACKAGE_NAME "BitStash Core"
| #define PACKAGE_TARNAME "bitstash"
| #define PACKAGE_VERSION "0.19.1"
| #define PACKAGE_STRING "BitStash Core 0.19.1"
| #define PACKAGE_BUGREPORT "https://github.com/bitstashco/BitStash-Core/issues"
| #define PACKAGE_URL "https://bitstash.co//"
| #define HAVE_CXX11 1
| #define STDC_HEADERS 1
| #define HAVE_SYS_TYPES_H 1
| #define HAVE_SYS_STAT_H 1
| #define HAVE_STDLIB_H 1
| #define HAVE_STRING_H 1
| #define HAVE_MEMORY_H 1
| #define HAVE_STRINGS_H 1
| #define HAVE_INTTYPES_H 1
| #define HAVE_STDINT_H 1
| #define HAVE_UNISTD_H 1
| #define HAVE_DLFCN_H 1
| #define LT_OBJDIR ".libs/"
| #define USE_ASM 1
| /* end confdefs.h.  */
| 
| int
| main ()
| {
| 
|   ;
|   return 0;
| }
configure:19645: result: no
configure:19654: checking whether C++ compiler accepts -Wdeprecated-register
configure:19673: g++ -std=c++11 -c -g -O2 -Werror -Wdeprecated-register  -DBITSTASH_BUILD conftest.cpp >&5
g++: error: unrecognized command line option '-Wdeprecated-register'; did you mean '-frename-registers'?
configure:19673: $? = 1
configure: failed program was:
| /* confdefs.h */
| #define PACKAGE_NAME "BitStash Core"
| #define PACKAGE_TARNAME "bitstash"
| #define PACKAGE_VERSION "0.19.1"
| #define PACKAGE_STRING "BitStash Core 0.19.1"
| #define PACKAGE_BUGREPORT "https://github.com/bitstashco/BitStash-Core/issues"
| #define PACKAGE_URL "https://bitstash.co//"
| #define HAVE_CXX11 1
| #define STDC_HEADERS 1
| #define HAVE_SYS_TYPES_H 1
| #define HAVE_SYS_STAT_H 1
| #define HAVE_STDLIB_H 1
| #define HAVE_STRING_H 1
| #define HAVE_MEMORY_H 1
| #define HAVE_STRINGS_H 1
| #define HAVE_INTTYPES_H 1
| #define HAVE_STDINT_H 1
| #define HAVE_UNISTD_H 1
| #define HAVE_DLFCN_H 1
| #define LT_OBJDIR ".libs/"
| #define USE_ASM 1
| /* end confdefs.h.  */
| 
| int
| main ()
| {
| 
|   ;
|   return 0;
| }
configure:19682: result: no
configure:19691: checking whether C++ compiler accepts -Wimplicit-fallthrough
configure:19710: g++ -std=c++11 -c -g -O2 -Werror -Wimplicit-fallthrough  -DBITSTASH_BUILD conftest.cpp >&5
configure:19710: $? = 0
configure:19719: result: yes
configure:19728: checking whether C++ compiler accepts -Wno-unknown-pragmas
configure:19747: g++ -std=c++11 -c -g -O2 -Werror -Wno-unknown-pragmas  -DBITSTASH_BUILD conftest.cpp >&5
configure:19747: $? = 0
configure:19756: result: yes
configure:19777: checking whether C++ compiler accepts -msse4.2
configure:19796: g++ -std=c++11 -c -g -O2 -Werror -msse4.2  -DBITSTASH_BUILD conftest.cpp >&5
configure:19796: $? = 0
configure:19805: result: yes
configure:19814: checking whether C++ compiler accepts -msse4.1
configure:19833: g++ -std=c++11 -c -g -O2 -Werror -msse4.1  -DBITSTASH_BUILD conftest.cpp >&5
configure:19833: $? = 0
configure:19842: result: yes
configure:19851: checking whether C++ compiler accepts -mavx -mavx2
configure:19870: g++ -std=c++11 -c -g -O2 -Werror -mavx -mavx2  -DBITSTASH_BUILD conftest.cpp >&5
configure:19870: $? = 0
configure:19879: result: yes
configure:19888: checking whether C++ compiler accepts -msse4 -msha
configure:19907: g++ -std=c++11 -c -g -O2 -Werror -msse4 -msha  -DBITSTASH_BUILD conftest.cpp >&5
configure:19907: $? = 0
configure:19916: result: yes
configure:19927: checking for assembler crc32 support
configure:19953: g++ -std=c++11 -c -g -O2 -msse4.2  -DBITSTASH_BUILD conftest.cpp >&5
configure:19953: $? = 0
configure:19954: result: yes
configure:19966: checking for SSE4.1 intrinsics
configure:19985: g++ -std=c++11 -c -g -O2 -msse4.1  -DBITSTASH_BUILD conftest.cpp >&5
configure:19985: $? = 0
configure:19986: result: yes
configure:20000: checking for AVX2 intrinsics
configure:20019: g++ -std=c++11 -c -g -O2 -mavx -mavx2  -DBITSTASH_BUILD conftest.cpp >&5
configure:20019: $? = 0
configure:20020: result: yes
configure:20034: checking for SHA-NI intrinsics
configure:20055: g++ -std=c++11 -c -g -O2 -msse4 -msha  -DBITSTASH_BUILD conftest.cpp >&5
configure:20055: $? = 0
configure:20056: result: yes
configure:21744: checking for pkg-config
configure:21762: found /usr/bin/pkg-config
configure:21774: result: /usr/bin/pkg-config
configure:21799: checking pkg-config is at least version 0.9.0
configure:21802: result: yes
configure:21917: checking whether byte ordering is bigendian
configure:21932: g++ -std=c++11 -c -g -O2  -DBITSTASH_BUILD -DHAVE_BUILD_INFO -D__STDC_FORMAT_MACROS conftest.cpp >&5
conftest.cpp:27:9: error: expected unqualified-id before 'not' token
         not a universal capable compiler
         ^~~
configure:21932: $? = 1
configure: failed program was:
| /* confdefs.h */
| #define PACKAGE_NAME "BitStash Core"
| #define PACKAGE_TARNAME "bitstash"
| #define PACKAGE_VERSION "0.19.1"
| #define PACKAGE_STRING "BitStash Core 0.19.1"
| #define PACKAGE_BUGREPORT "https://github.com/bitstashco/BitStash-Core/issues"
| #define PACKAGE_URL "https://bitstash.co//"
| #define HAVE_CXX11 1
| #define STDC_HEADERS 1
| #define HAVE_SYS_TYPES_H 1
| #define HAVE_SYS_STAT_H 1
| #define HAVE_STDLIB_H 1
| #define HAVE_STRING_H 1
| #define HAVE_MEMORY_H 1
| #define HAVE_STRINGS_H 1
| #define HAVE_INTTYPES_H 1
| #define HAVE_STDINT_H 1
| #define HAVE_UNISTD_H 1
| #define HAVE_DLFCN_H 1
| #define LT_OBJDIR ".libs/"
| #define USE_ASM 1
| #define ENABLE_SSE41 1
| #define ENABLE_AVX2 1
| #define ENABLE_SHANI 1
| /* end confdefs.h.  */
| #ifndef __APPLE_CC__
| 	       not a universal capable compiler
| 	     #endif
| 	     typedef int dummy;
| 
configure:21977: g++ -std=c++11 -c -g -O2  -DBITSTASH_BUILD -DHAVE_BUILD_INFO -D__STDC_FORMAT_MACROS conftest.cpp >&5
configure:21977: $? = 0
configure:21995: g++ -std=c++11 -c -g -O2  -DBITSTASH_BUILD -DHAVE_BUILD_INFO -D__STDC_FORMAT_MACROS conftest.cpp >&5
conftest.cpp: In function 'int main()':
conftest.cpp:33:8: error: 'big' was not declared in this scope
    not big endian
        ^~~
configure:21995: $? = 1
configure: failed program was:
| /* confdefs.h */
| #define PACKAGE_NAME "BitStash Core"
| #define PACKAGE_TARNAME "bitstash"
| #define PACKAGE_VERSION "0.19.1"
| #define PACKAGE_STRING "BitStash Core 0.19.1"
| #define PACKAGE_BUGREPORT "https://github.com/bitstashco/BitStash-Core/issues"
| #define PACKAGE_URL "https://bitstash.co//"
| #define HAVE_CXX11 1
| #define STDC_HEADERS 1
| #define HAVE_SYS_TYPES_H 1
| #define HAVE_SYS_STAT_H 1
| #define HAVE_STDLIB_H 1
| #define HAVE_STRING_H 1
| #define HAVE_MEMORY_H 1
| #define HAVE_STRINGS_H 1
| #define HAVE_INTTYPES_H 1
| #define HAVE_STDINT_H 1
| #define HAVE_UNISTD_H 1
| #define HAVE_DLFCN_H 1
| #define LT_OBJDIR ".libs/"
| #define USE_ASM 1
| #define ENABLE_SSE41 1
| #define ENABLE_AVX2 1
| #define ENABLE_SHANI 1
| /* end confdefs.h.  */
| #include <sys/types.h>
| 		#include <sys/param.h>
| 
| int
| main ()
| {
| #if BYTE_ORDER != BIG_ENDIAN
| 		 not big endian
| 		#endif
| 
|   ;
|   return 0;
| }
configure:22123: result: no
configure:22325: checking whether gcc is Clang
configure:22350: result: no
configure:22473: checking whether pthreads work with -pthread
configure:22567: gcc -o conftest -g -O2 -pthread  -DBITSTASH_BUILD -DHAVE_BUILD_INFO -D__STDC_FORMAT_MACROS  conftest.c   >&5
configure:22567: $? = 0
configure:22576: result: yes
configure:22595: checking for joinable pthread attribute
configure:22613: gcc -o conftest -g -O2 -pthread  -DBITSTASH_BUILD -DHAVE_BUILD_INFO -D__STDC_FORMAT_MACROS  conftest.c   >&5
configure:22613: $? = 0
configure:22621: result: PTHREAD_CREATE_JOINABLE
configure:22635: checking whether more special flags are required for pthreads
configure:22648: result: no
configure:22656: checking for PTHREAD_PRIO_INHERIT
configure:22672: gcc -o conftest -g -O2 -pthread  -DBITSTASH_BUILD -DHAVE_BUILD_INFO -D__STDC_FORMAT_MACROS  conftest.c   >&5
configure:22672: $? = 0
configure:22681: result: yes
configure:22794: checking for special C compiler options needed for large files
configure:22839: result: no
configure:22845: checking for _FILE_OFFSET_BITS value needed for large files
configure:22870: g++ -std=c++11 -c -g -O2  -DBITSTASH_BUILD -DHAVE_BUILD_INFO -D__STDC_FORMAT_MACROS conftest.cpp >&5
configure:22870: $? = 0
configure:22902: result: no
configure:22988: checking whether strerror_r is declared
configure:22988: g++ -std=c++11 -c -g -O2  -DBITSTASH_BUILD -DHAVE_BUILD_INFO -D__STDC_FORMAT_MACROS conftest.cpp >&5
configure:22988: $? = 0
configure:22988: result: yes
configure:23001: checking for strerror_r
configure:23001: g++ -std=c++11 -o conftest -g -O2  -DBITSTASH_BUILD -DHAVE_BUILD_INFO -D__STDC_FORMAT_MACROS  conftest.cpp  >&5
configure:23001: $? = 0
configure:23001: result: yes
configure:23010: checking whether strerror_r returns char *
configure:23034: g++ -std=c++11 -c -g -O2  -DBITSTASH_BUILD -DHAVE_BUILD_INFO -D__STDC_FORMAT_MACROS conftest.cpp >&5
configure:23034: $? = 0
configure:23072: result: yes
configure:23093: checking whether the linker accepts -Wl,--large-address-aware
configure:23112: g++ -std=c++11 -o conftest -g -O2  -DBITSTASH_BUILD -DHAVE_BUILD_INFO -D__STDC_FORMAT_MACROS   -Wl,--large-address-aware conftest.cpp  >&5
/usr/bin/ld: unrecognized option '--large-address-aware'
/usr/bin/ld: use the --help option for usage information
collect2: error: ld returned 1 exit status
configure:23112: $? = 1
configure: failed program was:
| /* confdefs.h */
| #define PACKAGE_NAME "BitStash Core"
| #define PACKAGE_TARNAME "bitstash"
| #define PACKAGE_VERSION "0.19.1"
| #define PACKAGE_STRING "BitStash Core 0.19.1"
| #define PACKAGE_BUGREPORT "https://github.com/bitstashco/BitStash-Core/issues"
| #define PACKAGE_URL "https://bitstash.co//"
| #define HAVE_CXX11 1
| #define STDC_HEADERS 1
| #define HAVE_SYS_TYPES_H 1
| #define HAVE_SYS_STAT_H 1
| #define HAVE_STDLIB_H 1
| #define HAVE_STRING_H 1
| #define HAVE_MEMORY_H 1
| #define HAVE_STRINGS_H 1
| #define HAVE_INTTYPES_H 1
| #define HAVE_STDINT_H 1
| #define HAVE_UNISTD_H 1
| #define HAVE_DLFCN_H 1
| #define LT_OBJDIR ".libs/"
| #define USE_ASM 1
| #define ENABLE_SSE41 1
| #define ENABLE_AVX2 1
| #define ENABLE_SHANI 1
| #define HAVE_PTHREAD_PRIO_INHERIT 1
| #define HAVE_PTHREAD 1
| #define HAVE_DECL_STRERROR_R 1
| #define HAVE_STRERROR_R 1
| #define STRERROR_R_CHAR_P 1
| /* end confdefs.h.  */
| 
| int
| main ()
| {
| 
|   ;
|   return 0;
| }
configure:23121: result: no
configure:23133: checking for __attribute__((visibility))
configure:23157: g++ -std=c++11 -o conftest -g -O2  -DBITSTASH_BUILD -DHAVE_BUILD_INFO -D__STDC_FORMAT_MACROS  conftest.cpp  >&5
configure:23157: $? = 0
configure:23170: result: yes
configure:23186: checking for __attribute__((dllexport))
configure:23207: g++ -std=c++11 -o conftest -g -O2  -DBITSTASH_BUILD -DHAVE_BUILD_INFO -D__STDC_FORMAT_MACROS  conftest.cpp  >&5
conftest.cpp:34:62: warning: 'dllexport' attribute directive ignored [-Wattributes]
                     __attribute__((dllexport)) int foo( void ) { return 0; }
                                                              ^
configure:23207: $? = 0
configure:23220: result: no
configure:23236: checking for __attribute__((dllimport))
configure:23257: g++ -std=c++11 -o conftest -g -O2  -DBITSTASH_BUILD -DHAVE_BUILD_INFO -D__STDC_FORMAT_MACROS  conftest.cpp  >&5
conftest.cpp:34:62: warning: 'dllimport' attribute directive ignored [-Wattributes]
                     int foo( void ) __attribute__((dllimport));
                                                              ^
configure:23257: $? = 0
configure:23270: result: no
configure:23442: checking for library containing clock_gettime
configure:23473: g++ -std=c++11 -o conftest -g -O2  -DBITSTASH_BUILD -DHAVE_BUILD_INFO -D__STDC_FORMAT_MACROS  conftest.cpp  >&5
configure:23473: $? = 0
configure:23490: result: none required
configure:23622: checking whether C++ compiler accepts -fPIC
configure:23641: g++ -std=c++11 -c -g -O2  -fPIC  -DBITSTASH_BUILD -DHAVE_BUILD_INFO -D__STDC_FORMAT_MACROS conftest.cpp >&5
configure:23641: $? = 0
configure:23649: result: yes
configure:23662: checking whether C++ compiler accepts -fstack-reuse=none
configure:23681: g++ -std=c++11 -c -g -O2  -fstack-reuse=none  -DBITSTASH_BUILD -DHAVE_BUILD_INFO -D__STDC_FORMAT_MACROS conftest.cpp >&5
configure:23681: $? = 0
configure:23689: result: yes
configure:23699: checking whether C++ compiler accepts -Wstack-protector
configure:23718: g++ -std=c++11 -c -g -O2  -Wstack-protector  -DBITSTASH_BUILD -DHAVE_BUILD_INFO -D__STDC_FORMAT_MACROS conftest.cpp >&5
configure:23718: $? = 0
configure:23726: result: yes
configure:23734: checking whether C++ compiler accepts -fstack-protector-all
configure:23753: g++ -std=c++11 -c -g -O2  -fstack-protector-all  -DBITSTASH_BUILD -DHAVE_BUILD_INFO -D__STDC_FORMAT_MACROS conftest.cpp >&5
configure:23753: $? = 0
configure:23761: result: yes
configure:23770: checking whether C++ preprocessor accepts -D_FORTIFY_SOURCE=2
configure:23789: g++ -std=c++11 -E  -DBITSTASH_BUILD -DHAVE_BUILD_INFO -D__STDC_FORMAT_MACROS  -D_FORTIFY_SOURCE=2 conftest.cpp
configure:23789: $? = 0
configure:23797: result: yes
configure:23801: checking whether C++ preprocessor accepts -U_FORTIFY_SOURCE
configure:23820: g++ -std=c++11 -E  -DBITSTASH_BUILD -DHAVE_BUILD_INFO -D__STDC_FORMAT_MACROS  -U_FORTIFY_SOURCE conftest.cpp
configure:23820: $? = 0
configure:23828: result: yes
configure:23845: checking whether the linker accepts -Wl,--dynamicbase
configure:23864: g++ -std=c++11 -o conftest -g -O2  -DBITSTASH_BUILD -DHAVE_BUILD_INFO -D__STDC_FORMAT_MACROS   -Wl,--dynamicbase conftest.cpp  >&5
/usr/bin/ld: unrecognized option '--dynamicbase'
/usr/bin/ld: use the --help option for usage information
collect2: error: ld returned 1 exit status
configure:23864: $? = 1
configure: failed program was:
| /* confdefs.h */
| #define PACKAGE_NAME "BitStash Core"
| #define PACKAGE_TARNAME "bitstash"
| #define PACKAGE_VERSION "0.19.1"
| #define PACKAGE_STRING "BitStash Core 0.19.1"
| #define PACKAGE_BUGREPORT "https://github.com/bitstashco/BitStash-Core/issues"
| #define PACKAGE_URL "https://bitstash.co//"
| #define HAVE_CXX11 1
| #define STDC_HEADERS 1
| #define HAVE_SYS_TYPES_H 1
| #define HAVE_SYS_STAT_H 1
| #define HAVE_STDLIB_H 1
| #define HAVE_STRING_H 1
| #define HAVE_MEMORY_H 1
| #define HAVE_STRINGS_H 1
| #define HAVE_INTTYPES_H 1
| #define HAVE_STDINT_H 1
| #define HAVE_UNISTD_H 1
| #define HAVE_DLFCN_H 1
| #define LT_OBJDIR ".libs/"
| #define USE_ASM 1
| #define ENABLE_SSE41 1
| #define ENABLE_AVX2 1
| #define ENABLE_SHANI 1
| #define HAVE_PTHREAD_PRIO_INHERIT 1
| #define HAVE_PTHREAD 1
| #define HAVE_DECL_STRERROR_R 1
| #define HAVE_STRERROR_R 1
| #define STRERROR_R_CHAR_P 1
| #define HAVE_FUNC_ATTRIBUTE_VISIBILITY 1
| /* end confdefs.h.  */
| 
| int
| main ()
| {
| 
|   ;
|   return 0;
| }
configure:23873: result: no
configure:23881: checking whether the linker accepts -Wl,--nxcompat
configure:23900: g++ -std=c++11 -o conftest -g -O2  -DBITSTASH_BUILD -DHAVE_BUILD_INFO -D__STDC_FORMAT_MACROS   -Wl,--nxcompat conftest.cpp  >&5
/usr/bin/ld: unrecognized option '--nxcompat'
/usr/bin/ld: use the --help option for usage information
collect2: error: ld returned 1 exit status
configure:23900: $? = 1
configure: failed program was:
| /* confdefs.h */
| #define PACKAGE_NAME "BitStash Core"
| #define PACKAGE_TARNAME "bitstash"
| #define PACKAGE_VERSION "0.19.1"
| #define PACKAGE_STRING "BitStash Core 0.19.1"
| #define PACKAGE_BUGREPORT "https://github.com/bitstashco/BitStash-Core/issues"
| #define PACKAGE_URL "https://bitstash.co//"
| #define HAVE_CXX11 1
| #define STDC_HEADERS 1
| #define HAVE_SYS_TYPES_H 1
| #define HAVE_SYS_STAT_H 1
| #define HAVE_STDLIB_H 1
| #define HAVE_STRING_H 1
| #define HAVE_MEMORY_H 1
| #define HAVE_STRINGS_H 1
| #define HAVE_INTTYPES_H 1
| #define HAVE_STDINT_H 1
| #define HAVE_UNISTD_H 1
| #define HAVE_DLFCN_H 1
| #define LT_OBJDIR ".libs/"
| #define USE_ASM 1
| #define ENABLE_SSE41 1
| #define ENABLE_AVX2 1
| #define ENABLE_SHANI 1
| #define HAVE_PTHREAD_PRIO_INHERIT 1
| #define HAVE_PTHREAD 1
| #define HAVE_DECL_STRERROR_R 1
| #define HAVE_STRERROR_R 1
| #define STRERROR_R_CHAR_P 1
| #define HAVE_FUNC_ATTRIBUTE_VISIBILITY 1
| /* end confdefs.h.  */
| 
| int
| main ()
| {
| 
|   ;
|   return 0;
| }
configure:23909: result: no
configure:23917: checking whether the linker accepts -Wl,--high-entropy-va
configure:23936: g++ -std=c++11 -o conftest -g -O2  -DBITSTASH_BUILD -DHAVE_BUILD_INFO -D__STDC_FORMAT_MACROS   -Wl,--high-entropy-va conftest.cpp  >&5
/usr/bin/ld: unrecognized option '--high-entropy-va'
/usr/bin/ld: use the --help option for usage information
collect2: error: ld returned 1 exit status
configure:23936: $? = 1
configure: failed program was:
| /* confdefs.h */
| #define PACKAGE_NAME "BitStash Core"
| #define PACKAGE_TARNAME "bitstash"
| #define PACKAGE_VERSION "0.19.1"
| #define PACKAGE_STRING "BitStash Core 0.19.1"
| #define PACKAGE_BUGREPORT "https://github.com/bitstashco/BitStash-Core/issues"
| #define PACKAGE_URL "https://bitstash.co//"
| #define HAVE_CXX11 1
| #define STDC_HEADERS 1
| #define HAVE_SYS_TYPES_H 1
| #define HAVE_SYS_STAT_H 1
| #define HAVE_STDLIB_H 1
| #define HAVE_STRING_H 1
| #define HAVE_MEMORY_H 1
| #define HAVE_STRINGS_H 1
| #define HAVE_INTTYPES_H 1
| #define HAVE_STDINT_H 1
| #define HAVE_UNISTD_H 1
| #define HAVE_DLFCN_H 1
| #define LT_OBJDIR ".libs/"
| #define USE_ASM 1
| #define ENABLE_SSE41 1
| #define ENABLE_AVX2 1
| #define ENABLE_SHANI 1
| #define HAVE_PTHREAD_PRIO_INHERIT 1
| #define HAVE_PTHREAD 1
| #define HAVE_DECL_STRERROR_R 1
| #define HAVE_STRERROR_R 1
| #define STRERROR_R_CHAR_P 1
| #define HAVE_FUNC_ATTRIBUTE_VISIBILITY 1
| /* end confdefs.h.  */
| 
| int
| main ()
| {
| 
|   ;
|   return 0;
| }
configure:23945: result: no
configure:23953: checking whether the linker accepts -Wl,-z,relro
configure:23972: g++ -std=c++11 -o conftest -g -O2  -DBITSTASH_BUILD -DHAVE_BUILD_INFO -D__STDC_FORMAT_MACROS   -Wl,-z,relro conftest.cpp  >&5
configure:23972: $? = 0
configure:23981: result: yes
configure:23989: checking whether the linker accepts -Wl,-z,now
configure:24008: g++ -std=c++11 -o conftest -g -O2  -DBITSTASH_BUILD -DHAVE_BUILD_INFO -D__STDC_FORMAT_MACROS   -Wl,-z,now conftest.cpp  >&5
configure:24008: $? = 0
configure:24017: result: yes
configure:24026: checking whether the linker accepts -fPIE -pie
configure:24045: g++ -std=c++11 -o conftest -g -O2  -DBITSTASH_BUILD -DHAVE_BUILD_INFO -D__STDC_FORMAT_MACROS  -Werror -fPIE -pie conftest.cpp  >&5
configure:24045: $? = 0
configure:24055: result: yes
configure:24153: checking endian.h usability
configure:24153: g++ -std=c++11 -c -g -O2  -DBITSTASH_BUILD -DHAVE_BUILD_INFO -D__STDC_FORMAT_MACROS conftest.cpp >&5
configure:24153: $? = 0
configure:24153: result: yes
configure:24153: checking endian.h presence
configure:24153: g++ -std=c++11 -E  -DBITSTASH_BUILD -DHAVE_BUILD_INFO -D__STDC_FORMAT_MACROS conftest.cpp
configure:24153: $? = 0
configure:24153: result: yes
configure:24153: checking for endian.h
configure:24153: result: yes
configure:24153: checking sys/endian.h usability
configure:24153: g++ -std=c++11 -c -g -O2  -DBITSTASH_BUILD -DHAVE_BUILD_INFO -D__STDC_FORMAT_MACROS conftest.cpp >&5
conftest.cpp:66:10: fatal error: sys/endian.h: No such file or directory
 #include <sys/endian.h>
          ^~~~~~~~~~~~~~
compilation terminated.
configure:24153: $? = 1
configure: failed program was:
| /* confdefs.h */
| #define PACKAGE_NAME "BitStash Core"
| #define PACKAGE_TARNAME "bitstash"
| #define PACKAGE_VERSION "0.19.1"
| #define PACKAGE_STRING "BitStash Core 0.19.1"
| #define PACKAGE_BUGREPORT "https://github.com/bitstashco/BitStash-Core/issues"
| #define PACKAGE_URL "https://bitstash.co//"
| #define HAVE_CXX11 1
| #define STDC_HEADERS 1
| #define HAVE_SYS_TYPES_H 1
| #define HAVE_SYS_STAT_H 1
| #define HAVE_STDLIB_H 1
| #define HAVE_STRING_H 1
| #define HAVE_MEMORY_H 1
| #define HAVE_STRINGS_H 1
| #define HAVE_INTTYPES_H 1
| #define HAVE_STDINT_H 1
| #define HAVE_UNISTD_H 1
| #define HAVE_DLFCN_H 1
| #define LT_OBJDIR ".libs/"
| #define USE_ASM 1
| #define ENABLE_SSE41 1
| #define ENABLE_AVX2 1
| #define ENABLE_SHANI 1
| #define HAVE_PTHREAD_PRIO_INHERIT 1
| #define HAVE_PTHREAD 1
| #define HAVE_DECL_STRERROR_R 1
| #define HAVE_STRERROR_R 1
| #define STRERROR_R_CHAR_P 1
| #define HAVE_FUNC_ATTRIBUTE_VISIBILITY 1
| #define HAVE_ENDIAN_H 1
| /* end confdefs.h.  */
| #include <stdio.h>
| #ifdef HAVE_SYS_TYPES_H
| # include <sys/types.h>
| #endif
| #ifdef HAVE_SYS_STAT_H
| # include <sys/stat.h>
| #endif
| #ifdef STDC_HEADERS
| # include <stdlib.h>
| # include <stddef.h>
| #else
| # ifdef HAVE_STDLIB_H
| #  include <stdlib.h>
| # endif
| #endif
| #ifdef HAVE_STRING_H
| # if !defined STDC_HEADERS && defined HAVE_MEMORY_H
| #  include <memory.h>
| # endif
| # include <string.h>
| #endif
| #ifdef HAVE_STRINGS_H
| # include <strings.h>
| #endif
| #ifdef HAVE_INTTYPES_H
| # include <inttypes.h>
| #endif
| #ifdef HAVE_STDINT_H
| # include <stdint.h>
| #endif
| #ifdef HAVE_UNISTD_H
| # include <unistd.h>
| #endif
| #include <sys/endian.h>
configure:24153: result: no
configure:24153: checking sys/endian.h presence
configure:24153: g++ -std=c++11 -E  -DBITSTASH_BUILD -DHAVE_BUILD_INFO -D__STDC_FORMAT_MACROS conftest.cpp
conftest.cpp:33:10: fatal error: sys/endian.h: No such file or directory
 #include <sys/endian.h>
          ^~~~~~~~~~~~~~
compilation terminated.
configure:24153: $? = 1
configure: failed program was:
| /* confdefs.h */
| #define PACKAGE_NAME "BitStash Core"
| #define PACKAGE_TARNAME "bitstash"
| #define PACKAGE_VERSION "0.19.1"
| #define PACKAGE_STRING "BitStash Core 0.19.1"
| #define PACKAGE_BUGREPORT "https://github.com/bitstashco/BitStash-Core/issues"
| #define PACKAGE_URL "https://bitstash.co//"
| #define HAVE_CXX11 1
| #define STDC_HEADERS 1
| #define HAVE_SYS_TYPES_H 1
| #define HAVE_SYS_STAT_H 1
| #define HAVE_STDLIB_H 1
| #define HAVE_STRING_H 1
| #define HAVE_MEMORY_H 1
| #define HAVE_STRINGS_H 1
| #define HAVE_INTTYPES_H 1
| #define HAVE_STDINT_H 1
| #define HAVE_UNISTD_H 1
| #define HAVE_DLFCN_H 1
| #define LT_OBJDIR ".libs/"
| #define USE_ASM 1
| #define ENABLE_SSE41 1
| #define ENABLE_AVX2 1
| #define ENABLE_SHANI 1
| #define HAVE_PTHREAD_PRIO_INHERIT 1
| #define HAVE_PTHREAD 1
| #define HAVE_DECL_STRERROR_R 1
| #define HAVE_STRERROR_R 1
| #define STRERROR_R_CHAR_P 1
| #define HAVE_FUNC_ATTRIBUTE_VISIBILITY 1
| #define HAVE_ENDIAN_H 1
| /* end confdefs.h.  */
| #include <sys/endian.h>
configure:24153: result: no
configure:24153: checking for sys/endian.h
configure:24153: result: no
configure:24153: checking byteswap.h usability
configure:24153: g++ -std=c++11 -c -g -O2  -DBITSTASH_BUILD -DHAVE_BUILD_INFO -D__STDC_FORMAT_MACROS conftest.cpp >&5
configure:24153: $? = 0
configure:24153: result: yes
configure:24153: checking byteswap.h presence
configure:24153: g++ -std=c++11 -E  -DBITSTASH_BUILD -DHAVE_BUILD_INFO -D__STDC_FORMAT_MACROS conftest.cpp
configure:24153: $? = 0
configure:24153: result: yes
configure:24153: checking for byteswap.h
configure:24153: result: yes
configure:24153: checking stdio.h usability
configure:24153: g++ -std=c++11 -c -g -O2  -DBITSTASH_BUILD -DHAVE_BUILD_INFO -D__STDC_FORMAT_MACROS conftest.cpp >&5
configure:24153: $? = 0
configure:24153: result: yes
configure:24153: checking stdio.h presence
configure:24153: g++ -std=c++11 -E  -DBITSTASH_BUILD -DHAVE_BUILD_INFO -D__STDC_FORMAT_MACROS conftest.cpp
configure:24153: $? = 0
configure:24153: result: yes
configure:24153: checking for stdio.h
configure:24153: result: yes
configure:24153: checking for stdlib.h
configure:24153: result: yes
configure:24153: checking for unistd.h
configure:24153: result: yes
configure:24153: checking for strings.h
configure:24153: result: yes
configure:24153: checking for sys/types.h
configure:24153: result: yes
configure:24153: checking for sys/stat.h
configure:24153: result: yes
configure:24153: checking sys/select.h usability
configure:24153: g++ -std=c++11 -c -g -O2  -DBITSTASH_BUILD -DHAVE_BUILD_INFO -D__STDC_FORMAT_MACROS conftest.cpp >&5
configure:24153: $? = 0
configure:24153: result: yes
configure:24153: checking sys/select.h presence
configure:24153: g++ -std=c++11 -E  -DBITSTASH_BUILD -DHAVE_BUILD_INFO -D__STDC_FORMAT_MACROS conftest.cpp
configure:24153: $? = 0
configure:24153: result: yes
configure:24153: checking for sys/select.h
configure:24153: result: yes
configure:24153: checking sys/prctl.h usability
configure:24153: g++ -std=c++11 -c -g -O2  -DBITSTASH_BUILD -DHAVE_BUILD_INFO -D__STDC_FORMAT_MACROS conftest.cpp >&5
configure:24153: $? = 0
configure:24153: result: yes
configure:24153: checking sys/prctl.h presence
configure:24153: g++ -std=c++11 -E  -DBITSTASH_BUILD -DHAVE_BUILD_INFO -D__STDC_FORMAT_MACROS conftest.cpp
configure:24153: $? = 0
configure:24153: result: yes
configure:24153: checking for sys/prctl.h
configure:24153: result: yes
configure:24166: checking FD_ZERO memcpy dependence
configure:24189: g++ -std=c++11 -c -g -O2  -DBITSTASH_BUILD -DHAVE_BUILD_INFO -D__STDC_FORMAT_MACROS conftest.cpp >&5
configure:24189: $? = 0
configure:24190: result: no
configure:24230: checking whether getifaddrs is declared
configure:24230: g++ -std=c++11 -c -g -O2  -DBITSTASH_BUILD -DHAVE_BUILD_INFO -D__STDC_FORMAT_MACROS conftest.cpp >&5
configure:24230: $? = 0
configure:24230: result: yes
configure:24243: checking whether freeifaddrs is declared
configure:24243: g++ -std=c++11 -c -g -O2  -DBITSTASH_BUILD -DHAVE_BUILD_INFO -D__STDC_FORMAT_MACROS conftest.cpp >&5
configure:24243: $? = 0
configure:24243: result: yes
configure:24257: checking whether strnlen is declared
configure:24257: g++ -std=c++11 -c -g -O2  -DBITSTASH_BUILD -DHAVE_BUILD_INFO -D__STDC_FORMAT_MACROS conftest.cpp >&5
configure:24257: $? = 0
configure:24257: result: yes
configure:24270: checking whether daemon is declared
configure:24270: g++ -std=c++11 -c -g -O2  -DBITSTASH_BUILD -DHAVE_BUILD_INFO -D__STDC_FORMAT_MACROS conftest.cpp >&5
configure:24270: $? = 0
configure:24270: result: yes
configure:24282: checking whether le16toh is declared
configure:24282: g++ -std=c++11 -c -g -O2  -DBITSTASH_BUILD -DHAVE_BUILD_INFO -D__STDC_FORMAT_MACROS conftest.cpp >&5
configure:24282: $? = 0
configure:24282: result: yes
configure:24297: checking whether le32toh is declared
configure:24297: g++ -std=c++11 -c -g -O2  -DBITSTASH_BUILD -DHAVE_BUILD_INFO -D__STDC_FORMAT_MACROS conftest.cpp >&5
configure:24297: $? = 0
configure:24297: result: yes
configure:24312: checking whether le64toh is declared
configure:24312: g++ -std=c++11 -c -g -O2  -DBITSTASH_BUILD -DHAVE_BUILD_INFO -D__STDC_FORMAT_MACROS conftest.cpp >&5
configure:24312: $? = 0
configure:24312: result: yes
configure:24327: checking whether htole16 is declared
configure:24327: g++ -std=c++11 -c -g -O2  -DBITSTASH_BUILD -DHAVE_BUILD_INFO -D__STDC_FORMAT_MACROS conftest.cpp >&5
configure:24327: $? = 0
configure:24327: result: yes
configure:24342: checking whether htole32 is declared
configure:24342: g++ -std=c++11 -c -g -O2  -DBITSTASH_BUILD -DHAVE_BUILD_INFO -D__STDC_FORMAT_MACROS conftest.cpp >&5
configure:24342: $? = 0
configure:24342: result: yes
configure:24357: checking whether htole64 is declared
configure:24357: g++ -std=c++11 -c -g -O2  -DBITSTASH_BUILD -DHAVE_BUILD_INFO -D__STDC_FORMAT_MACROS conftest.cpp >&5
configure:24357: $? = 0
configure:24357: result: yes
configure:24372: checking whether be16toh is declared
configure:24372: g++ -std=c++11 -c -g -O2  -DBITSTASH_BUILD -DHAVE_BUILD_INFO -D__STDC_FORMAT_MACROS conftest.cpp >&5
configure:24372: $? = 0
configure:24372: result: yes
configure:24387: checking whether be32toh is declared
configure:24387: g++ -std=c++11 -c -g -O2  -DBITSTASH_BUILD -DHAVE_BUILD_INFO -D__STDC_FORMAT_MACROS conftest.cpp >&5
configure:24387: $? = 0
configure:24387: result: yes
configure:24402: checking whether be64toh is declared
configure:24402: g++ -std=c++11 -c -g -O2  -DBITSTASH_BUILD -DHAVE_BUILD_INFO -D__STDC_FORMAT_MACROS conftest.cpp >&5
configure:24402: $? = 0
configure:24402: result: yes
configure:24417: checking whether htobe16 is declared
configure:24417: g++ -std=c++11 -c -g -O2  -DBITSTASH_BUILD -DHAVE_BUILD_INFO -D__STDC_FORMAT_MACROS conftest.cpp >&5
configure:24417: $? = 0
configure:24417: result: yes
configure:24432: checking whether htobe32 is declared
configure:24432: g++ -std=c++11 -c -g -O2  -DBITSTASH_BUILD -DHAVE_BUILD_INFO -D__STDC_FORMAT_MACROS conftest.cpp >&5
configure:24432: $? = 0
configure:24432: result: yes
configure:24447: checking whether htobe64 is declared
configure:24447: g++ -std=c++11 -c -g -O2  -DBITSTASH_BUILD -DHAVE_BUILD_INFO -D__STDC_FORMAT_MACROS conftest.cpp >&5
configure:24447: $? = 0
configure:24447: result: yes
configure:24464: checking whether bswap_16 is declared
configure:24464: g++ -std=c++11 -c -g -O2  -DBITSTASH_BUILD -DHAVE_BUILD_INFO -D__STDC_FORMAT_MACROS conftest.cpp >&5
configure:24464: $? = 0
configure:24464: result: yes
configure:24477: checking whether bswap_32 is declared
configure:24477: g++ -std=c++11 -c -g -O2  -DBITSTASH_BUILD -DHAVE_BUILD_INFO -D__STDC_FORMAT_MACROS conftest.cpp >&5
configure:24477: $? = 0
configure:24477: result: yes
configure:24490: checking whether bswap_64 is declared
configure:24490: g++ -std=c++11 -c -g -O2  -DBITSTASH_BUILD -DHAVE_BUILD_INFO -D__STDC_FORMAT_MACROS conftest.cpp >&5
configure:24490: $? = 0
configure:24490: result: yes
configure:24505: checking whether __builtin_clz is declared
configure:24505: g++ -std=c++11 -c -g -O2  -DBITSTASH_BUILD -DHAVE_BUILD_INFO -D__STDC_FORMAT_MACROS conftest.cpp >&5
configure:24505: $? = 0
configure:24505: result: yes
configure:24515: checking whether __builtin_clzl is declared
configure:24515: g++ -std=c++11 -c -g -O2  -DBITSTASH_BUILD -DHAVE_BUILD_INFO -D__STDC_FORMAT_MACROS conftest.cpp >&5
configure:24515: $? = 0
configure:24515: result: yes
configure:24525: checking whether __builtin_clzll is declared
configure:24525: g++ -std=c++11 -c -g -O2  -DBITSTASH_BUILD -DHAVE_BUILD_INFO -D__STDC_FORMAT_MACROS conftest.cpp >&5
configure:24525: $? = 0
configure:24525: result: yes
configure:24537: checking for getmemoryinfo
configure:24550: g++ -std=c++11 -c -g -O2  -DBITSTASH_BUILD -DHAVE_BUILD_INFO -D__STDC_FORMAT_MACROS conftest.cpp >&5
configure:24550: $? = 0
configure:24551: result: yes
configure:24562: checking for mallopt M_ARENA_MAX
configure:24575: g++ -std=c++11 -c -g -O2  -DBITSTASH_BUILD -DHAVE_BUILD_INFO -D__STDC_FORMAT_MACROS conftest.cpp >&5
configure:24575: $? = 0
configure:24576: result: yes
configure:24587: checking for visibility attribute
configure:24596: g++ -std=c++11 -o conftest -g -O2  -DBITSTASH_BUILD -DHAVE_BUILD_INFO -D__STDC_FORMAT_MACROS  conftest.cpp  >&5
configure:24596: $? = 0
configure:24601: result: yes
configure:24620: checking for thread_local support
configure:24634: g++ -std=c++11 -o conftest -g -O2  -DBITSTASH_BUILD -DHAVE_BUILD_INFO -D__STDC_FORMAT_MACROS  -pthread conftest.cpp  >&5
configure:24634: $? = 0
configure:24660: result: yes
configure:24678: checking for Linux getrandom syscall
configure:24693: g++ -std=c++11 -c -g -O2  -DBITSTASH_BUILD -DHAVE_BUILD_INFO -D__STDC_FORMAT_MACROS conftest.cpp >&5
configure:24693: $? = 0
configure:24694: result: yes
configure:24705: checking for getentropy
configure:24718: g++ -std=c++11 -c -g -O2  -DBITSTASH_BUILD -DHAVE_BUILD_INFO -D__STDC_FORMAT_MACROS conftest.cpp >&5
conftest.cpp: In function 'int main()':
conftest.cpp:73:12: warning: ignoring return value of 'int getentropy(void*, size_t)', declared with attribute warn_unused_result [-Wunused-result]
  getentropy(nullptr, 32)
  ~~~~~~~~~~^~~~~~~~~~~~~
configure:24718: $? = 0
configure:24719: result: yes
configure:24730: checking for getentropy via random.h
configure:24744: g++ -std=c++11 -c -g -O2  -DBITSTASH_BUILD -DHAVE_BUILD_INFO -D__STDC_FORMAT_MACROS conftest.cpp >&5
conftest.cpp: In function 'int main()':
conftest.cpp:75:12: warning: ignoring return value of 'int getentropy(void*, size_t)', declared with attribute warn_unused_result [-Wunused-result]
  getentropy(nullptr, 32)
  ~~~~~~~~~~^~~~~~~~~~~~~
configure:24744: $? = 0
configure:24745: result: yes
configure:24756: checking for sysctl KERN_ARND
configure:24771: g++ -std=c++11 -c -g -O2  -DBITSTASH_BUILD -DHAVE_BUILD_INFO -D__STDC_FORMAT_MACROS conftest.cpp >&5
conftest.cpp: In function 'int main()':
conftest.cpp:76:40: error: 'KERN_ARND' was not declared in this scope
  static const int name[2] = {CTL_KERN, KERN_ARND};
                                        ^~~~~~~~~
conftest.cpp:76:40: note: suggested alternative: 'KERN_ACCT'
  static const int name[2] = {CTL_KERN, KERN_ARND};
                                        ^~~~~~~~~
                                        KERN_ACCT
conftest.cpp:77:49: error: invalid conversion from 'const int*' to 'int*' [-fpermissive]
     sysctl(name, 2, nullptr, nullptr, nullptr, 0);
                                                 ^
In file included from conftest.cpp:72:0:
/usr/include/x86_64-linux-gnu/sys/sysctl.h:68:12: note:   initializing argument 1 of 'int sysctl(int*, int, void*, size_t*, void*, size_t)'
 extern int sysctl (int *__name, int __nlen, void *__oldval,
            ^~~~~~
configure:24771: $? = 1
configure: failed program was:
| /* confdefs.h */
| #define PACKAGE_NAME "BitStash Core"
| #define PACKAGE_TARNAME "bitstash"
| #define PACKAGE_VERSION "0.19.1"
| #define PACKAGE_STRING "BitStash Core 0.19.1"
| #define PACKAGE_BUGREPORT "https://github.com/bitstashco/BitStash-Core/issues"
| #define PACKAGE_URL "https://bitstash.co//"
| #define HAVE_CXX11 1
| #define STDC_HEADERS 1
| #define HAVE_SYS_TYPES_H 1
| #define HAVE_SYS_STAT_H 1
| #define HAVE_STDLIB_H 1
| #define HAVE_STRING_H 1
| #define HAVE_MEMORY_H 1
| #define HAVE_STRINGS_H 1
| #define HAVE_INTTYPES_H 1
| #define HAVE_STDINT_H 1
| #define HAVE_UNISTD_H 1
| #define HAVE_DLFCN_H 1
| #define LT_OBJDIR ".libs/"
| #define USE_ASM 1
| #define ENABLE_SSE41 1
| #define ENABLE_AVX2 1
| #define ENABLE_SHANI 1
| #define HAVE_PTHREAD_PRIO_INHERIT 1
| #define HAVE_PTHREAD 1
| #define HAVE_DECL_STRERROR_R 1
| #define HAVE_STRERROR_R 1
| #define STRERROR_R_CHAR_P 1
| #define HAVE_FUNC_ATTRIBUTE_VISIBILITY 1
| #define HAVE_ENDIAN_H 1
| #define HAVE_BYTESWAP_H 1
| #define HAVE_STDIO_H 1
| #define HAVE_STDLIB_H 1
| #define HAVE_UNISTD_H 1
| #define HAVE_STRINGS_H 1
| #define HAVE_SYS_TYPES_H 1
| #define HAVE_SYS_STAT_H 1
| #define HAVE_SYS_SELECT_H 1
| #define HAVE_SYS_PRCTL_H 1
| #define HAVE_DECL_GETIFADDRS 1
| #define HAVE_DECL_FREEIFADDRS 1
| #define HAVE_DECL_STRNLEN 1
| #define HAVE_DECL_DAEMON 1
| #define HAVE_DECL_LE16TOH 1
| #define HAVE_DECL_LE32TOH 1
| #define HAVE_DECL_LE64TOH 1
| #define HAVE_DECL_HTOLE16 1
| #define HAVE_DECL_HTOLE32 1
| #define HAVE_DECL_HTOLE64 1
| #define HAVE_DECL_BE16TOH 1
| #define HAVE_DECL_BE32TOH 1
| #define HAVE_DECL_BE64TOH 1
| #define HAVE_DECL_HTOBE16 1
| #define HAVE_DECL_HTOBE32 1
| #define HAVE_DECL_HTOBE64 1
| #define HAVE_DECL_BSWAP_16 1
| #define HAVE_DECL_BSWAP_32 1
| #define HAVE_DECL_BSWAP_64 1
| #define HAVE_DECL___BUILTIN_CLZ 1
| #define HAVE_DECL___BUILTIN_CLZL 1
| #define HAVE_DECL___BUILTIN_CLZLL 1
| #define HAVE_MALLOC_INFO 1
| #define HAVE_MALLOPT_ARENA_MAX 1
| #define HAVE_VISIBILITY_ATTRIBUTE 1
| #define HAVE_THREAD_LOCAL 1
| #define HAVE_SYS_GETRANDOM 1
| #define HAVE_GETENTROPY 1
| #define HAVE_GETENTROPY_RAND 1
| /* end confdefs.h.  */
| #include <sys/types.h>
|   #include <sys/sysctl.h>
| int
| main ()
| {
|  static const int name[2] = {CTL_KERN, KERN_ARND};
|     sysctl(name, 2, nullptr, nullptr, nullptr, 0);
|   ;
|   return 0;
| }
configure:24777: result: no
configure:24783: checking for if type char equals int8_t
configure:24797: g++ -std=c++11 -c -g -O2  -DBITSTASH_BUILD -DHAVE_BUILD_INFO -D__STDC_FORMAT_MACROS conftest.cpp >&5
conftest.cpp: In function 'int main()':
conftest.cpp:76:2: error: static assertion failed
  static_assert(std::is_same<int8_t, char>::value, "");
  ^~~~~~~~~~~~~
configure:24797: $? = 1
configure: failed program was:
| /* confdefs.h */
| #define PACKAGE_NAME "BitStash Core"
| #define PACKAGE_TARNAME "bitstash"
| #define PACKAGE_VERSION "0.19.1"
| #define PACKAGE_STRING "BitStash Core 0.19.1"
| #define PACKAGE_BUGREPORT "https://github.com/bitstashco/BitStash-Core/issues"
| #define PACKAGE_URL "https://bitstash.co//"
| #define HAVE_CXX11 1
| #define STDC_HEADERS 1
| #define HAVE_SYS_TYPES_H 1
| #define HAVE_SYS_STAT_H 1
| #define HAVE_STDLIB_H 1
| #define HAVE_STRING_H 1
| #define HAVE_MEMORY_H 1
| #define HAVE_STRINGS_H 1
| #define HAVE_INTTYPES_H 1
| #define HAVE_STDINT_H 1
| #define HAVE_UNISTD_H 1
| #define HAVE_DLFCN_H 1
| #define LT_OBJDIR ".libs/"
| #define USE_ASM 1
| #define ENABLE_SSE41 1
| #define ENABLE_AVX2 1
| #define ENABLE_SHANI 1
| #define HAVE_PTHREAD_PRIO_INHERIT 1
| #define HAVE_PTHREAD 1
| #define HAVE_DECL_STRERROR_R 1
| #define HAVE_STRERROR_R 1
| #define STRERROR_R_CHAR_P 1
| #define HAVE_FUNC_ATTRIBUTE_VISIBILITY 1
| #define HAVE_ENDIAN_H 1
| #define HAVE_BYTESWAP_H 1
| #define HAVE_STDIO_H 1
| #define HAVE_STDLIB_H 1
| #define HAVE_UNISTD_H 1
| #define HAVE_STRINGS_H 1
| #define HAVE_SYS_TYPES_H 1
| #define HAVE_SYS_STAT_H 1
| #define HAVE_SYS_SELECT_H 1
| #define HAVE_SYS_PRCTL_H 1
| #define HAVE_DECL_GETIFADDRS 1
| #define HAVE_DECL_FREEIFADDRS 1
| #define HAVE_DECL_STRNLEN 1
| #define HAVE_DECL_DAEMON 1
| #define HAVE_DECL_LE16TOH 1
| #define HAVE_DECL_LE32TOH 1
| #define HAVE_DECL_LE64TOH 1
| #define HAVE_DECL_HTOLE16 1
| #define HAVE_DECL_HTOLE32 1
| #define HAVE_DECL_HTOLE64 1
| #define HAVE_DECL_BE16TOH 1
| #define HAVE_DECL_BE32TOH 1
| #define HAVE_DECL_BE64TOH 1
| #define HAVE_DECL_HTOBE16 1
| #define HAVE_DECL_HTOBE32 1
| #define HAVE_DECL_HTOBE64 1
| #define HAVE_DECL_BSWAP_16 1
| #define HAVE_DECL_BSWAP_32 1
| #define HAVE_DECL_BSWAP_64 1
| #define HAVE_DECL___BUILTIN_CLZ 1
| #define HAVE_DECL___BUILTIN_CLZL 1
| #define HAVE_DECL___BUILTIN_CLZLL 1
| #define HAVE_MALLOC_INFO 1
| #define HAVE_MALLOPT_ARENA_MAX 1
| #define HAVE_VISIBILITY_ATTRIBUTE 1
| #define HAVE_THREAD_LOCAL 1
| #define HAVE_SYS_GETRANDOM 1
| #define HAVE_GETENTROPY 1
| #define HAVE_GETENTROPY_RAND 1
| /* end confdefs.h.  */
| #include <stdint.h>
|   #include <type_traits>
| int
| main ()
| {
|  static_assert(std::is_same<int8_t, char>::value, "");
|   ;
|   return 0;
| }
configure:24803: result: no
configure:24848: checking for std::system
configure:24862: g++ -std=c++11 -o conftest -g -O2  -DBITSTASH_BUILD -DHAVE_BUILD_INFO -D__STDC_FORMAT_MACROS  conftest.cpp  >&5
configure:24862: $? = 0
configure:24863: result: yes
configure:24875: checking for ::_wsystem
configure:24889: g++ -std=c++11 -o conftest -g -O2  -DBITSTASH_BUILD -DHAVE_BUILD_INFO -D__STDC_FORMAT_MACROS  conftest.cpp  >&5
conftest.cpp: In function 'int main()':
conftest.cpp:76:15: error: '::_wsystem' has not been declared
  int nErr = ::_wsystem("");
               ^~~~~~~~
configure:24889: $? = 1
configure: failed program was:
| /* confdefs.h */
| #define PACKAGE_NAME "BitStash Core"
| #define PACKAGE_TARNAME "bitstash"
| #define PACKAGE_VERSION "0.19.1"
| #define PACKAGE_STRING "BitStash Core 0.19.1"
| #define PACKAGE_BUGREPORT "https://github.com/bitstashco/BitStash-Core/issues"
| #define PACKAGE_URL "https://bitstash.co//"
| #define HAVE_CXX11 1
| #define STDC_HEADERS 1
| #define HAVE_SYS_TYPES_H 1
| #define HAVE_SYS_STAT_H 1
| #define HAVE_STDLIB_H 1
| #define HAVE_STRING_H 1
| #define HAVE_MEMORY_H 1
| #define HAVE_STRINGS_H 1
| #define HAVE_INTTYPES_H 1
| #define HAVE_STDINT_H 1
| #define HAVE_UNISTD_H 1
| #define HAVE_DLFCN_H 1
| #define LT_OBJDIR ".libs/"
| #define USE_ASM 1
| #define ENABLE_SSE41 1
| #define ENABLE_AVX2 1
| #define ENABLE_SHANI 1
| #define HAVE_PTHREAD_PRIO_INHERIT 1
| #define HAVE_PTHREAD 1
| #define HAVE_DECL_STRERROR_R 1
| #define HAVE_STRERROR_R 1
| #define STRERROR_R_CHAR_P 1
| #define HAVE_FUNC_ATTRIBUTE_VISIBILITY 1
| #define HAVE_ENDIAN_H 1
| #define HAVE_BYTESWAP_H 1
| #define HAVE_STDIO_H 1
| #define HAVE_STDLIB_H 1
| #define HAVE_UNISTD_H 1
| #define HAVE_STRINGS_H 1
| #define HAVE_SYS_TYPES_H 1
| #define HAVE_SYS_STAT_H 1
| #define HAVE_SYS_SELECT_H 1
| #define HAVE_SYS_PRCTL_H 1
| #define HAVE_DECL_GETIFADDRS 1
| #define HAVE_DECL_FREEIFADDRS 1
| #define HAVE_DECL_STRNLEN 1
| #define HAVE_DECL_DAEMON 1
| #define HAVE_DECL_LE16TOH 1
| #define HAVE_DECL_LE32TOH 1
| #define HAVE_DECL_LE64TOH 1
| #define HAVE_DECL_HTOLE16 1
| #define HAVE_DECL_HTOLE32 1
| #define HAVE_DECL_HTOLE64 1
| #define HAVE_DECL_BE16TOH 1
| #define HAVE_DECL_BE32TOH 1
| #define HAVE_DECL_BE64TOH 1
| #define HAVE_DECL_HTOBE16 1
| #define HAVE_DECL_HTOBE32 1
| #define HAVE_DECL_HTOBE64 1
| #define HAVE_DECL_BSWAP_16 1
| #define HAVE_DECL_BSWAP_32 1
| #define HAVE_DECL_BSWAP_64 1
| #define HAVE_DECL___BUILTIN_CLZ 1
| #define HAVE_DECL___BUILTIN_CLZL 1
| #define HAVE_DECL___BUILTIN_CLZLL 1
| #define HAVE_MALLOC_INFO 1
| #define HAVE_MALLOPT_ARENA_MAX 1
| #define HAVE_VISIBILITY_ATTRIBUTE 1
| #define HAVE_THREAD_LOCAL 1
| #define HAVE_SYS_GETRANDOM 1
| #define HAVE_GETENTROPY 1
| #define HAVE_GETENTROPY_RAND 1
| #define HAVE_STD__SYSTEM 1
| /* end confdefs.h.  */
| 
| int
| main ()
| {
|  int nErr = ::_wsystem("");
| 
|   ;
|   return 0;
| }
configure:24895: result: no
configure:25046: checking for QT5
configure:25053: $PKG_CONFIG --exists --print-errors "$qt5_modules"
configure:25056: $? = 0
configure:25070: $PKG_CONFIG --exists --print-errors "$qt5_modules"
configure:25073: $? = 0
configure:25111: result: yes
configure:25143: checking for QT_TEST
configure:25150: $PKG_CONFIG --exists --print-errors "${QT_LIB_PREFIX}Test"
configure:25153: $? = 0
configure:25167: $PKG_CONFIG --exists --print-errors "${QT_LIB_PREFIX}Test"
configure:25170: $? = 0
configure:25208: result: yes
configure:25215: checking for QT_DBUS
configure:25222: $PKG_CONFIG --exists --print-errors "${QT_LIB_PREFIX}DBus"
configure:25225: $? = 0
configure:25239: $PKG_CONFIG --exists --print-errors "${QT_LIB_PREFIX}DBus"
configure:25242: $? = 0
configure:25280: result: yes
configure:26347: checking for static Qt
configure:26373: g++ -std=c++11 -c -fPIC -g -O2 -I/usr/include/x86_64-linux-gnu/qt5/QtNetwork -I/usr/include/x86_64-linux-gnu/qt5 -I/usr/include/x86_64-linux-gnu/qt5/QtWidgets -I/usr/include/x86_64-linux-gnu/qt5 -I/usr/include/x86_64-linux-gnu/qt5/QtGui -I/usr/include/x86_64-linux-gnu/qt5 -I/usr/include/x86_64-linux-gnu/qt5/QtCore -I/usr/include/x86_64-linux-gnu/qt5  -DBITSTASH_BUILD -DHAVE_BUILD_INFO -D__STDC_FORMAT_MACROS conftest.cpp >&5
conftest.cpp:75:28: warning: extra tokens at end of #ifndef directive
         #ifndef QT_VERSION OR QT_VERSION_STR
                            ^~
conftest.cpp: In function 'int main()':
conftest.cpp:84:9: error: 'choke' was not declared in this scope
         choke
         ^~~~~
configure:26373: $? = 1
configure: failed program was:
| /* confdefs.h */
| #define PACKAGE_NAME "BitStash Core"
| #define PACKAGE_TARNAME "bitstash"
| #define PACKAGE_VERSION "0.19.1"
| #define PACKAGE_STRING "BitStash Core 0.19.1"
| #define PACKAGE_BUGREPORT "https://github.com/bitstashco/BitStash-Core/issues"
| #define PACKAGE_URL "https://bitstash.co//"
| #define HAVE_CXX11 1
| #define STDC_HEADERS 1
| #define HAVE_SYS_TYPES_H 1
| #define HAVE_SYS_STAT_H 1
| #define HAVE_STDLIB_H 1
| #define HAVE_STRING_H 1
| #define HAVE_MEMORY_H 1
| #define HAVE_STRINGS_H 1
| #define HAVE_INTTYPES_H 1
| #define HAVE_STDINT_H 1
| #define HAVE_UNISTD_H 1
| #define HAVE_DLFCN_H 1
| #define LT_OBJDIR ".libs/"
| #define USE_ASM 1
| #define ENABLE_SSE41 1
| #define ENABLE_AVX2 1
| #define ENABLE_SHANI 1
| #define HAVE_PTHREAD_PRIO_INHERIT 1
| #define HAVE_PTHREAD 1
| #define HAVE_DECL_STRERROR_R 1
| #define HAVE_STRERROR_R 1
| #define STRERROR_R_CHAR_P 1
| #define HAVE_FUNC_ATTRIBUTE_VISIBILITY 1
| #define HAVE_ENDIAN_H 1
| #define HAVE_BYTESWAP_H 1
| #define HAVE_STDIO_H 1
| #define HAVE_STDLIB_H 1
| #define HAVE_UNISTD_H 1
| #define HAVE_STRINGS_H 1
| #define HAVE_SYS_TYPES_H 1
| #define HAVE_SYS_STAT_H 1
| #define HAVE_SYS_SELECT_H 1
| #define HAVE_SYS_PRCTL_H 1
| #define HAVE_DECL_GETIFADDRS 1
| #define HAVE_DECL_FREEIFADDRS 1
| #define HAVE_DECL_STRNLEN 1
| #define HAVE_DECL_DAEMON 1
| #define HAVE_DECL_LE16TOH 1
| #define HAVE_DECL_LE32TOH 1
| #define HAVE_DECL_LE64TOH 1
| #define HAVE_DECL_HTOLE16 1
| #define HAVE_DECL_HTOLE32 1
| #define HAVE_DECL_HTOLE64 1
| #define HAVE_DECL_BE16TOH 1
| #define HAVE_DECL_BE32TOH 1
| #define HAVE_DECL_BE64TOH 1
| #define HAVE_DECL_HTOBE16 1
| #define HAVE_DECL_HTOBE32 1
| #define HAVE_DECL_HTOBE64 1
| #define HAVE_DECL_BSWAP_16 1
| #define HAVE_DECL_BSWAP_32 1
| #define HAVE_DECL_BSWAP_64 1
| #define HAVE_DECL___BUILTIN_CLZ 1
| #define HAVE_DECL___BUILTIN_CLZL 1
| #define HAVE_DECL___BUILTIN_CLZLL 1
| #define HAVE_MALLOC_INFO 1
| #define HAVE_MALLOPT_ARENA_MAX 1
| #define HAVE_VISIBILITY_ATTRIBUTE 1
| #define HAVE_THREAD_LOCAL 1
| #define HAVE_SYS_GETRANDOM 1
| #define HAVE_GETENTROPY 1
| #define HAVE_GETENTROPY_RAND 1
| #define HAVE_STD__SYSTEM 1
| #define HAVE_SYSTEM HAVE_STD__SYSTEM || HAVE_WSYSTEM
| /* end confdefs.h.  */
| 
|         #include <QtCore/qconfig.h>
|         #ifndef QT_VERSION OR QT_VERSION_STR
|         #  include <QtCore/qglobal.h>
|         #endif
| 
| int
| main ()
| {
| 
|         #if !defined(QT_STATIC)
|         choke
|         #endif
| 
|   ;
|   return 0;
| }
configure:26381: result: no
configure:28126: checking whether -fPIE can be used with this Qt config
configure:28152: g++ -std=c++11 -c -fPIE -g -O2 -I/usr/include/x86_64-linux-gnu/qt5/QtNetwork -I/usr/include/x86_64-linux-gnu/qt5 -I/usr/include/x86_64-linux-gnu/qt5/QtWidgets -I/usr/include/x86_64-linux-gnu/qt5 -I/usr/include/x86_64-linux-gnu/qt5/QtGui -I/usr/include/x86_64-linux-gnu/qt5 -I/usr/include/x86_64-linux-gnu/qt5/QtCore -I/usr/include/x86_64-linux-gnu/qt5  -DBITSTASH_BUILD -DHAVE_BUILD_INFO -D__STDC_FORMAT_MACROS conftest.cpp >&5
In file included from conftest.cpp:76:0:
/usr/include/x86_64-linux-gnu/qt5/QtCore/qglobal.h:1135:4: error: #error "You must build your code with position independent code if Qt was built with -reduce-relocations. " "Compile your code with -fPIC (-fPIE is not enough)."
 #  error "You must build your code with position independent code if Qt was built with -reduce-relocations. "\
    ^~~~~
conftest.cpp: In function 'int main()':
conftest.cpp:84:9: error: 'choke' was not declared in this scope
         choke
         ^~~~~
configure:28152: $? = 1
configure: failed program was:
| /* confdefs.h */
| #define PACKAGE_NAME "BitStash Core"
| #define PACKAGE_TARNAME "bitstash"
| #define PACKAGE_VERSION "0.19.1"
| #define PACKAGE_STRING "BitStash Core 0.19.1"
| #define PACKAGE_BUGREPORT "https://github.com/bitstashco/BitStash-Core/issues"
| #define PACKAGE_URL "https://bitstash.co//"
| #define HAVE_CXX11 1
| #define STDC_HEADERS 1
| #define HAVE_SYS_TYPES_H 1
| #define HAVE_SYS_STAT_H 1
| #define HAVE_STDLIB_H 1
| #define HAVE_STRING_H 1
| #define HAVE_MEMORY_H 1
| #define HAVE_STRINGS_H 1
| #define HAVE_INTTYPES_H 1
| #define HAVE_STDINT_H 1
| #define HAVE_UNISTD_H 1
| #define HAVE_DLFCN_H 1
| #define LT_OBJDIR ".libs/"
| #define USE_ASM 1
| #define ENABLE_SSE41 1
| #define ENABLE_AVX2 1
| #define ENABLE_SHANI 1
| #define HAVE_PTHREAD_PRIO_INHERIT 1
| #define HAVE_PTHREAD 1
| #define HAVE_DECL_STRERROR_R 1
| #define HAVE_STRERROR_R 1
| #define STRERROR_R_CHAR_P 1
| #define HAVE_FUNC_ATTRIBUTE_VISIBILITY 1
| #define HAVE_ENDIAN_H 1
| #define HAVE_BYTESWAP_H 1
| #define HAVE_STDIO_H 1
| #define HAVE_STDLIB_H 1
| #define HAVE_UNISTD_H 1
| #define HAVE_STRINGS_H 1
| #define HAVE_SYS_TYPES_H 1
| #define HAVE_SYS_STAT_H 1
| #define HAVE_SYS_SELECT_H 1
| #define HAVE_SYS_PRCTL_H 1
| #define HAVE_DECL_GETIFADDRS 1
| #define HAVE_DECL_FREEIFADDRS 1
| #define HAVE_DECL_STRNLEN 1
| #define HAVE_DECL_DAEMON 1
| #define HAVE_DECL_LE16TOH 1
| #define HAVE_DECL_LE32TOH 1
| #define HAVE_DECL_LE64TOH 1
| #define HAVE_DECL_HTOLE16 1
| #define HAVE_DECL_HTOLE32 1
| #define HAVE_DECL_HTOLE64 1
| #define HAVE_DECL_BE16TOH 1
| #define HAVE_DECL_BE32TOH 1
| #define HAVE_DECL_BE64TOH 1
| #define HAVE_DECL_HTOBE16 1
| #define HAVE_DECL_HTOBE32 1
| #define HAVE_DECL_HTOBE64 1
| #define HAVE_DECL_BSWAP_16 1
| #define HAVE_DECL_BSWAP_32 1
| #define HAVE_DECL_BSWAP_64 1
| #define HAVE_DECL___BUILTIN_CLZ 1
| #define HAVE_DECL___BUILTIN_CLZL 1
| #define HAVE_DECL___BUILTIN_CLZLL 1
| #define HAVE_MALLOC_INFO 1
| #define HAVE_MALLOPT_ARENA_MAX 1
| #define HAVE_VISIBILITY_ATTRIBUTE 1
| #define HAVE_THREAD_LOCAL 1
| #define HAVE_SYS_GETRANDOM 1
| #define HAVE_GETENTROPY 1
| #define HAVE_GETENTROPY_RAND 1
| #define HAVE_STD__SYSTEM 1
| #define HAVE_SYSTEM HAVE_STD__SYSTEM || HAVE_WSYSTEM
| /* end confdefs.h.  */
| 
|         #include <QtCore/qconfig.h>
|         #ifndef QT_VERSION
|         #  include <QtCore/qglobal.h>
|         #endif
| 
| int
| main ()
| {
| 
|         #if defined(QT_REDUCE_RELOCATIONS)
|         choke
|         #endif
| 
|   ;
|   return 0;
| }
configure:28156: result: no
configure:28226: checking for moc-qt5
configure:28259: result: no
configure:28226: checking for moc5
configure:28259: result: no
configure:28226: checking for moc
configure:28244: found /usr/lib/qt5/bin/moc
configure:28256: result: /usr/lib/qt5/bin/moc
configure:28345: checking for uic-qt5
configure:28378: result: no
configure:28345: checking for uic5
configure:28378: result: no
configure:28345: checking for uic
configure:28363: found /usr/lib/qt5/bin/uic
configure:28375: result: /usr/lib/qt5/bin/uic
configure:28464: checking for rcc-qt5
configure:28497: result: no
configure:28464: checking for rcc5
configure:28497: result: no
configure:28464: checking for rcc
configure:28482: found /usr/lib/qt5/bin/rcc
configure:28494: result: /usr/lib/qt5/bin/rcc
configure:28583: checking for lrelease-qt5
configure:28616: result: no
configure:28583: checking for lrelease5
configure:28616: result: no
configure:28583: checking for lrelease
configure:28601: found /usr/lib/qt5/bin/lrelease
configure:28613: result: /usr/lib/qt5/bin/lrelease
configure:28702: checking for lupdate-qt5
configure:28735: result: no
configure:28702: checking for lupdate5
configure:28735: result: no
configure:28702: checking for lupdate
configure:28720: found /usr/lib/qt5/bin/lupdate
configure:28732: result: /usr/lib/qt5/bin/lupdate
configure:28917: checking whether to build BitStash Core GUI
configure:28948: result: yes (Qt5)
configure:28975: checking for Berkeley DB C++ headers
configure:29005: g++ -std=c++11 -c -g -O2  -DBITSTASH_BUILD -DHAVE_BUILD_INFO -D__STDC_FORMAT_MACROS conftest.cpp >&5
conftest.cpp:74:18: fatal error: bdb4.8/db_cxx.h: No such file or directory
         #include <bdb4.8/db_cxx.h>
                  ^~~~~~~~~~~~~~~~~
compilation terminated.
configure:29005: $? = 1
configure: failed program was:
| /* confdefs.h */
| #define PACKAGE_NAME "BitStash Core"
| #define PACKAGE_TARNAME "bitstash"
| #define PACKAGE_VERSION "0.19.1"
| #define PACKAGE_STRING "BitStash Core 0.19.1"
| #define PACKAGE_BUGREPORT "https://github.com/bitstashco/BitStash-Core/issues"
| #define PACKAGE_URL "https://bitstash.co//"
| #define HAVE_CXX11 1
| #define STDC_HEADERS 1
| #define HAVE_SYS_TYPES_H 1
| #define HAVE_SYS_STAT_H 1
| #define HAVE_STDLIB_H 1
| #define HAVE_STRING_H 1
| #define HAVE_MEMORY_H 1
| #define HAVE_STRINGS_H 1
| #define HAVE_INTTYPES_H 1
| #define HAVE_STDINT_H 1
| #define HAVE_UNISTD_H 1
| #define HAVE_DLFCN_H 1
| #define LT_OBJDIR ".libs/"
| #define USE_ASM 1
| #define ENABLE_SSE41 1
| #define ENABLE_AVX2 1
| #define ENABLE_SHANI 1
| #define HAVE_PTHREAD_PRIO_INHERIT 1
| #define HAVE_PTHREAD 1
| #define HAVE_DECL_STRERROR_R 1
| #define HAVE_STRERROR_R 1
| #define STRERROR_R_CHAR_P 1
| #define HAVE_FUNC_ATTRIBUTE_VISIBILITY 1
| #define HAVE_ENDIAN_H 1
| #define HAVE_BYTESWAP_H 1
| #define HAVE_STDIO_H 1
| #define HAVE_STDLIB_H 1
| #define HAVE_UNISTD_H 1
| #define HAVE_STRINGS_H 1
| #define HAVE_SYS_TYPES_H 1
| #define HAVE_SYS_STAT_H 1
| #define HAVE_SYS_SELECT_H 1
| #define HAVE_SYS_PRCTL_H 1
| #define HAVE_DECL_GETIFADDRS 1
| #define HAVE_DECL_FREEIFADDRS 1
| #define HAVE_DECL_STRNLEN 1
| #define HAVE_DECL_DAEMON 1
| #define HAVE_DECL_LE16TOH 1
| #define HAVE_DECL_LE32TOH 1
| #define HAVE_DECL_LE64TOH 1
| #define HAVE_DECL_HTOLE16 1
| #define HAVE_DECL_HTOLE32 1
| #define HAVE_DECL_HTOLE64 1
| #define HAVE_DECL_BE16TOH 1
| #define HAVE_DECL_BE32TOH 1
| #define HAVE_DECL_BE64TOH 1
| #define HAVE_DECL_HTOBE16 1
| #define HAVE_DECL_HTOBE32 1
| #define HAVE_DECL_HTOBE64 1
| #define HAVE_DECL_BSWAP_16 1
| #define HAVE_DECL_BSWAP_32 1
| #define HAVE_DECL_BSWAP_64 1
| #define HAVE_DECL___BUILTIN_CLZ 1
| #define HAVE_DECL___BUILTIN_CLZL 1
| #define HAVE_DECL___BUILTIN_CLZLL 1
| #define HAVE_MALLOC_INFO 1
| #define HAVE_MALLOPT_ARENA_MAX 1
| #define HAVE_VISIBILITY_ATTRIBUTE 1
| #define HAVE_THREAD_LOCAL 1
| #define HAVE_SYS_GETRANDOM 1
| #define HAVE_GETENTROPY 1
| #define HAVE_GETENTROPY_RAND 1
| #define HAVE_STD__SYSTEM 1
| #define HAVE_SYSTEM HAVE_STD__SYSTEM || HAVE_WSYSTEM
| /* end confdefs.h.  */
| 
|         #include <bdb4.8/db_cxx.h>
| 
| int
| main ()
| {
| 
|         #if !((DB_VERSION_MAJOR == 4 && DB_VERSION_MINOR >= 8) || DB_VERSION_MAJOR > 4)
|           #error "failed to find bdb 4.8+"
|         #endif
| 
|   ;
|   return 0;
| }
configure:29005: g++ -std=c++11 -c -g -O2  -DBITSTASH_BUILD -DHAVE_BUILD_INFO -D__STDC_FORMAT_MACROS conftest.cpp >&5
conftest.cpp:74:18: fatal error: libdb4.8/db_cxx.h: No such file or directory
         #include <libdb4.8/db_cxx.h>
                  ^~~~~~~~~~~~~~~~~~~
compilation terminated.
configure:29005: $? = 1
configure: failed program was:
| /* confdefs.h */
| #define PACKAGE_NAME "BitStash Core"
| #define PACKAGE_TARNAME "bitstash"
| #define PACKAGE_VERSION "0.19.1"
| #define PACKAGE_STRING "BitStash Core 0.19.1"
| #define PACKAGE_BUGREPORT "https://github.com/bitstashco/BitStash-Core/issues"
| #define PACKAGE_URL "https://bitstash.co//"
| #define HAVE_CXX11 1
| #define STDC_HEADERS 1
| #define HAVE_SYS_TYPES_H 1
| #define HAVE_SYS_STAT_H 1
| #define HAVE_STDLIB_H 1
| #define HAVE_STRING_H 1
| #define HAVE_MEMORY_H 1
| #define HAVE_STRINGS_H 1
| #define HAVE_INTTYPES_H 1
| #define HAVE_STDINT_H 1
| #define HAVE_UNISTD_H 1
| #define HAVE_DLFCN_H 1
| #define LT_OBJDIR ".libs/"
| #define USE_ASM 1
| #define ENABLE_SSE41 1
| #define ENABLE_AVX2 1
| #define ENABLE_SHANI 1
| #define HAVE_PTHREAD_PRIO_INHERIT 1
| #define HAVE_PTHREAD 1
| #define HAVE_DECL_STRERROR_R 1
| #define HAVE_STRERROR_R 1
| #define STRERROR_R_CHAR_P 1
| #define HAVE_FUNC_ATTRIBUTE_VISIBILITY 1
| #define HAVE_ENDIAN_H 1
| #define HAVE_BYTESWAP_H 1
| #define HAVE_STDIO_H 1
| #define HAVE_STDLIB_H 1
| #define HAVE_UNISTD_H 1
| #define HAVE_STRINGS_H 1
| #define HAVE_SYS_TYPES_H 1
| #define HAVE_SYS_STAT_H 1
| #define HAVE_SYS_SELECT_H 1
| #define HAVE_SYS_PRCTL_H 1
| #define HAVE_DECL_GETIFADDRS 1
| #define HAVE_DECL_FREEIFADDRS 1
| #define HAVE_DECL_STRNLEN 1
| #define HAVE_DECL_DAEMON 1
| #define HAVE_DECL_LE16TOH 1
| #define HAVE_DECL_LE32TOH 1
| #define HAVE_DECL_LE64TOH 1
| #define HAVE_DECL_HTOLE16 1
| #define HAVE_DECL_HTOLE32 1
| #define HAVE_DECL_HTOLE64 1
| #define HAVE_DECL_BE16TOH 1
| #define HAVE_DECL_BE32TOH 1
| #define HAVE_DECL_BE64TOH 1
| #define HAVE_DECL_HTOBE16 1
| #define HAVE_DECL_HTOBE32 1
| #define HAVE_DECL_HTOBE64 1
| #define HAVE_DECL_BSWAP_16 1
| #define HAVE_DECL_BSWAP_32 1
| #define HAVE_DECL_BSWAP_64 1
| #define HAVE_DECL___BUILTIN_CLZ 1
| #define HAVE_DECL___BUILTIN_CLZL 1
| #define HAVE_DECL___BUILTIN_CLZLL 1
| #define HAVE_MALLOC_INFO 1
| #define HAVE_MALLOPT_ARENA_MAX 1
| #define HAVE_VISIBILITY_ATTRIBUTE 1
| #define HAVE_THREAD_LOCAL 1
| #define HAVE_SYS_GETRANDOM 1
| #define HAVE_GETENTROPY 1
| #define HAVE_GETENTROPY_RAND 1
| #define HAVE_STD__SYSTEM 1
| #define HAVE_SYSTEM HAVE_STD__SYSTEM || HAVE_WSYSTEM
| /* end confdefs.h.  */
| 
|         #include <libdb4.8/db_cxx.h>
| 
| int
| main ()
| {
| 
|         #if !((DB_VERSION_MAJOR == 4 && DB_VERSION_MINOR >= 8) || DB_VERSION_MAJOR > 4)
|           #error "failed to find bdb 4.8+"
|         #endif
| 
|   ;
|   return 0;
| }
configure:29005: g++ -std=c++11 -c -g -O2  -DBITSTASH_BUILD -DHAVE_BUILD_INFO -D__STDC_FORMAT_MACROS conftest.cpp >&5
conftest.cpp:74:18: fatal error: db4.8/db_cxx.h: No such file or directory
         #include <db4.8/db_cxx.h>
                  ^~~~~~~~~~~~~~~~
compilation terminated.
configure:29005: $? = 1
configure: failed program was:
| /* confdefs.h */
| #define PACKAGE_NAME "BitStash Core"
| #define PACKAGE_TARNAME "bitstash"
| #define PACKAGE_VERSION "0.19.1"
| #define PACKAGE_STRING "BitStash Core 0.19.1"
| #define PACKAGE_BUGREPORT "https://github.com/bitstashco/BitStash-Core/issues"
| #define PACKAGE_URL "https://bitstash.co//"
| #define HAVE_CXX11 1
| #define STDC_HEADERS 1
| #define HAVE_SYS_TYPES_H 1
| #define HAVE_SYS_STAT_H 1
| #define HAVE_STDLIB_H 1
| #define HAVE_STRING_H 1
| #define HAVE_MEMORY_H 1
| #define HAVE_STRINGS_H 1
| #define HAVE_INTTYPES_H 1
| #define HAVE_STDINT_H 1
| #define HAVE_UNISTD_H 1
| #define HAVE_DLFCN_H 1
| #define LT_OBJDIR ".libs/"
| #define USE_ASM 1
| #define ENABLE_SSE41 1
| #define ENABLE_AVX2 1
| #define ENABLE_SHANI 1
| #define HAVE_PTHREAD_PRIO_INHERIT 1
| #define HAVE_PTHREAD 1
| #define HAVE_DECL_STRERROR_R 1
| #define HAVE_STRERROR_R 1
| #define STRERROR_R_CHAR_P 1
| #define HAVE_FUNC_ATTRIBUTE_VISIBILITY 1
| #define HAVE_ENDIAN_H 1
| #define HAVE_BYTESWAP_H 1
| #define HAVE_STDIO_H 1
| #define HAVE_STDLIB_H 1
| #define HAVE_UNISTD_H 1
| #define HAVE_STRINGS_H 1
| #define HAVE_SYS_TYPES_H 1
| #define HAVE_SYS_STAT_H 1
| #define HAVE_SYS_SELECT_H 1
| #define HAVE_SYS_PRCTL_H 1
| #define HAVE_DECL_GETIFADDRS 1
| #define HAVE_DECL_FREEIFADDRS 1
| #define HAVE_DECL_STRNLEN 1
| #define HAVE_DECL_DAEMON 1
| #define HAVE_DECL_LE16TOH 1
| #define HAVE_DECL_LE32TOH 1
| #define HAVE_DECL_LE64TOH 1
| #define HAVE_DECL_HTOLE16 1
| #define HAVE_DECL_HTOLE32 1
| #define HAVE_DECL_HTOLE64 1
| #define HAVE_DECL_BE16TOH 1
| #define HAVE_DECL_BE32TOH 1
| #define HAVE_DECL_BE64TOH 1
| #define HAVE_DECL_HTOBE16 1
| #define HAVE_DECL_HTOBE32 1
| #define HAVE_DECL_HTOBE64 1
| #define HAVE_DECL_BSWAP_16 1
| #define HAVE_DECL_BSWAP_32 1
| #define HAVE_DECL_BSWAP_64 1
| #define HAVE_DECL___BUILTIN_CLZ 1
| #define HAVE_DECL___BUILTIN_CLZL 1
| #define HAVE_DECL___BUILTIN_CLZLL 1
| #define HAVE_MALLOC_INFO 1
| #define HAVE_MALLOPT_ARENA_MAX 1
| #define HAVE_VISIBILITY_ATTRIBUTE 1
| #define HAVE_THREAD_LOCAL 1
| #define HAVE_SYS_GETRANDOM 1
| #define HAVE_GETENTROPY 1
| #define HAVE_GETENTROPY_RAND 1
| #define HAVE_STD__SYSTEM 1
| #define HAVE_SYSTEM HAVE_STD__SYSTEM || HAVE_WSYSTEM
| /* end confdefs.h.  */
| 
|         #include <db4.8/db_cxx.h>
| 
| int
| main ()
| {
| 
|         #if !((DB_VERSION_MAJOR == 4 && DB_VERSION_MINOR >= 8) || DB_VERSION_MAJOR > 4)
|           #error "failed to find bdb 4.8+"
|         #endif
| 
|   ;
|   return 0;
| }
configure:29005: g++ -std=c++11 -c -g -O2  -DBITSTASH_BUILD -DHAVE_BUILD_INFO -D__STDC_FORMAT_MACROS conftest.cpp >&5
conftest.cpp:74:18: fatal error: bdb48/db_cxx.h: No such file or directory
         #include <bdb48/db_cxx.h>
                  ^~~~~~~~~~~~~~~~
compilation terminated.
configure:29005: $? = 1
configure: failed program was:
| /* confdefs.h */
| #define PACKAGE_NAME "BitStash Core"
| #define PACKAGE_TARNAME "bitstash"
| #define PACKAGE_VERSION "0.19.1"
| #define PACKAGE_STRING "BitStash Core 0.19.1"
| #define PACKAGE_BUGREPORT "https://github.com/bitstashco/BitStash-Core/issues"
| #define PACKAGE_URL "https://bitstash.co//"
| #define HAVE_CXX11 1
| #define STDC_HEADERS 1
| #define HAVE_SYS_TYPES_H 1
| #define HAVE_SYS_STAT_H 1
| #define HAVE_STDLIB_H 1
| #define HAVE_STRING_H 1
| #define HAVE_MEMORY_H 1
| #define HAVE_STRINGS_H 1
| #define HAVE_INTTYPES_H 1
| #define HAVE_STDINT_H 1
| #define HAVE_UNISTD_H 1
| #define HAVE_DLFCN_H 1
| #define LT_OBJDIR ".libs/"
| #define USE_ASM 1
| #define ENABLE_SSE41 1
| #define ENABLE_AVX2 1
| #define ENABLE_SHANI 1
| #define HAVE_PTHREAD_PRIO_INHERIT 1
| #define HAVE_PTHREAD 1
| #define HAVE_DECL_STRERROR_R 1
| #define HAVE_STRERROR_R 1
| #define STRERROR_R_CHAR_P 1
| #define HAVE_FUNC_ATTRIBUTE_VISIBILITY 1
| #define HAVE_ENDIAN_H 1
| #define HAVE_BYTESWAP_H 1
| #define HAVE_STDIO_H 1
| #define HAVE_STDLIB_H 1
| #define HAVE_UNISTD_H 1
| #define HAVE_STRINGS_H 1
| #define HAVE_SYS_TYPES_H 1
| #define HAVE_SYS_STAT_H 1
| #define HAVE_SYS_SELECT_H 1
| #define HAVE_SYS_PRCTL_H 1
| #define HAVE_DECL_GETIFADDRS 1
| #define HAVE_DECL_FREEIFADDRS 1
| #define HAVE_DECL_STRNLEN 1
| #define HAVE_DECL_DAEMON 1
| #define HAVE_DECL_LE16TOH 1
| #define HAVE_DECL_LE32TOH 1
| #define HAVE_DECL_LE64TOH 1
| #define HAVE_DECL_HTOLE16 1
| #define HAVE_DECL_HTOLE32 1
| #define HAVE_DECL_HTOLE64 1
| #define HAVE_DECL_BE16TOH 1
| #define HAVE_DECL_BE32TOH 1
| #define HAVE_DECL_BE64TOH 1
| #define HAVE_DECL_HTOBE16 1
| #define HAVE_DECL_HTOBE32 1
| #define HAVE_DECL_HTOBE64 1
| #define HAVE_DECL_BSWAP_16 1
| #define HAVE_DECL_BSWAP_32 1
| #define HAVE_DECL_BSWAP_64 1
| #define HAVE_DECL___BUILTIN_CLZ 1
| #define HAVE_DECL___BUILTIN_CLZL 1
| #define HAVE_DECL___BUILTIN_CLZLL 1
| #define HAVE_MALLOC_INFO 1
| #define HAVE_MALLOPT_ARENA_MAX 1
| #define HAVE_VISIBILITY_ATTRIBUTE 1
| #define HAVE_THREAD_LOCAL 1
| #define HAVE_SYS_GETRANDOM 1
| #define HAVE_GETENTROPY 1
| #define HAVE_GETENTROPY_RAND 1
| #define HAVE_STD__SYSTEM 1
| #define HAVE_SYSTEM HAVE_STD__SYSTEM || HAVE_WSYSTEM
| /* end confdefs.h.  */
| 
|         #include <bdb48/db_cxx.h>
| 
| int
| main ()
| {
| 
|         #if !((DB_VERSION_MAJOR == 4 && DB_VERSION_MINOR >= 8) || DB_VERSION_MAJOR > 4)
|           #error "failed to find bdb 4.8+"
|         #endif
| 
|   ;
|   return 0;
| }
configure:29005: g++ -std=c++11 -c -g -O2  -DBITSTASH_BUILD -DHAVE_BUILD_INFO -D__STDC_FORMAT_MACROS conftest.cpp >&5
conftest.cpp:74:18: fatal error: libdb48/db_cxx.h: No such file or directory
         #include <libdb48/db_cxx.h>
                  ^~~~~~~~~~~~~~~~~~
compilation terminated.
configure:29005: $? = 1
configure: failed program was:
| /* confdefs.h */
| #define PACKAGE_NAME "BitStash Core"
| #define PACKAGE_TARNAME "bitstash"
| #define PACKAGE_VERSION "0.19.1"
| #define PACKAGE_STRING "BitStash Core 0.19.1"
| #define PACKAGE_BUGREPORT "https://github.com/bitstashco/BitStash-Core/issues"
| #define PACKAGE_URL "https://bitstash.co//"
| #define HAVE_CXX11 1
| #define STDC_HEADERS 1
| #define HAVE_SYS_TYPES_H 1
| #define HAVE_SYS_STAT_H 1
| #define HAVE_STDLIB_H 1
| #define HAVE_STRING_H 1
| #define HAVE_MEMORY_H 1
| #define HAVE_STRINGS_H 1
| #define HAVE_INTTYPES_H 1
| #define HAVE_STDINT_H 1
| #define HAVE_UNISTD_H 1
| #define HAVE_DLFCN_H 1
| #define LT_OBJDIR ".libs/"
| #define USE_ASM 1
| #define ENABLE_SSE41 1
| #define ENABLE_AVX2 1
| #define ENABLE_SHANI 1
| #define HAVE_PTHREAD_PRIO_INHERIT 1
| #define HAVE_PTHREAD 1
| #define HAVE_DECL_STRERROR_R 1
| #define HAVE_STRERROR_R 1
| #define STRERROR_R_CHAR_P 1
| #define HAVE_FUNC_ATTRIBUTE_VISIBILITY 1
| #define HAVE_ENDIAN_H 1
| #define HAVE_BYTESWAP_H 1
| #define HAVE_STDIO_H 1
| #define HAVE_STDLIB_H 1
| #define HAVE_UNISTD_H 1
| #define HAVE_STRINGS_H 1
| #define HAVE_SYS_TYPES_H 1
| #define HAVE_SYS_STAT_H 1
| #define HAVE_SYS_SELECT_H 1
| #define HAVE_SYS_PRCTL_H 1
| #define HAVE_DECL_GETIFADDRS 1
| #define HAVE_DECL_FREEIFADDRS 1
| #define HAVE_DECL_STRNLEN 1
| #define HAVE_DECL_DAEMON 1
| #define HAVE_DECL_LE16TOH 1
| #define HAVE_DECL_LE32TOH 1
| #define HAVE_DECL_LE64TOH 1
| #define HAVE_DECL_HTOLE16 1
| #define HAVE_DECL_HTOLE32 1
| #define HAVE_DECL_HTOLE64 1
| #define HAVE_DECL_BE16TOH 1
| #define HAVE_DECL_BE32TOH 1
| #define HAVE_DECL_BE64TOH 1
| #define HAVE_DECL_HTOBE16 1
| #define HAVE_DECL_HTOBE32 1
| #define HAVE_DECL_HTOBE64 1
| #define HAVE_DECL_BSWAP_16 1
| #define HAVE_DECL_BSWAP_32 1
| #define HAVE_DECL_BSWAP_64 1
| #define HAVE_DECL___BUILTIN_CLZ 1
| #define HAVE_DECL___BUILTIN_CLZL 1
| #define HAVE_DECL___BUILTIN_CLZLL 1
| #define HAVE_MALLOC_INFO 1
| #define HAVE_MALLOPT_ARENA_MAX 1
| #define HAVE_VISIBILITY_ATTRIBUTE 1
| #define HAVE_THREAD_LOCAL 1
| #define HAVE_SYS_GETRANDOM 1
| #define HAVE_GETENTROPY 1
| #define HAVE_GETENTROPY_RAND 1
| #define HAVE_STD__SYSTEM 1
| #define HAVE_SYSTEM HAVE_STD__SYSTEM || HAVE_WSYSTEM
| /* end confdefs.h.  */
| 
|         #include <libdb48/db_cxx.h>
| 
| int
| main ()
| {
| 
|         #if !((DB_VERSION_MAJOR == 4 && DB_VERSION_MINOR >= 8) || DB_VERSION_MAJOR > 4)
|           #error "failed to find bdb 4.8+"
|         #endif
| 
|   ;
|   return 0;
| }
configure:29005: g++ -std=c++11 -c -g -O2  -DBITSTASH_BUILD -DHAVE_BUILD_INFO -D__STDC_FORMAT_MACROS conftest.cpp >&5
conftest.cpp:74:18: fatal error: db48/db_cxx.h: No such file or directory
         #include <db48/db_cxx.h>
                  ^~~~~~~~~~~~~~~
compilation terminated.
configure:29005: $? = 1
configure: failed program was:
| /* confdefs.h */
| #define PACKAGE_NAME "BitStash Core"
| #define PACKAGE_TARNAME "bitstash"
| #define PACKAGE_VERSION "0.19.1"
| #define PACKAGE_STRING "BitStash Core 0.19.1"
| #define PACKAGE_BUGREPORT "https://github.com/bitstashco/BitStash-Core/issues"
| #define PACKAGE_URL "https://bitstash.co//"
| #define HAVE_CXX11 1
| #define STDC_HEADERS 1
| #define HAVE_SYS_TYPES_H 1
| #define HAVE_SYS_STAT_H 1
| #define HAVE_STDLIB_H 1
| #define HAVE_STRING_H 1
| #define HAVE_MEMORY_H 1
| #define HAVE_STRINGS_H 1
| #define HAVE_INTTYPES_H 1
| #define HAVE_STDINT_H 1
| #define HAVE_UNISTD_H 1
| #define HAVE_DLFCN_H 1
| #define LT_OBJDIR ".libs/"
| #define USE_ASM 1
| #define ENABLE_SSE41 1
| #define ENABLE_AVX2 1
| #define ENABLE_SHANI 1
| #define HAVE_PTHREAD_PRIO_INHERIT 1
| #define HAVE_PTHREAD 1
| #define HAVE_DECL_STRERROR_R 1
| #define HAVE_STRERROR_R 1
| #define STRERROR_R_CHAR_P 1
| #define HAVE_FUNC_ATTRIBUTE_VISIBILITY 1
| #define HAVE_ENDIAN_H 1
| #define HAVE_BYTESWAP_H 1
| #define HAVE_STDIO_H 1
| #define HAVE_STDLIB_H 1
| #define HAVE_UNISTD_H 1
| #define HAVE_STRINGS_H 1
| #define HAVE_SYS_TYPES_H 1
| #define HAVE_SYS_STAT_H 1
| #define HAVE_SYS_SELECT_H 1
| #define HAVE_SYS_PRCTL_H 1
| #define HAVE_DECL_GETIFADDRS 1
| #define HAVE_DECL_FREEIFADDRS 1
| #define HAVE_DECL_STRNLEN 1
| #define HAVE_DECL_DAEMON 1
| #define HAVE_DECL_LE16TOH 1
| #define HAVE_DECL_LE32TOH 1
| #define HAVE_DECL_LE64TOH 1
| #define HAVE_DECL_HTOLE16 1
| #define HAVE_DECL_HTOLE32 1
| #define HAVE_DECL_HTOLE64 1
| #define HAVE_DECL_BE16TOH 1
| #define HAVE_DECL_BE32TOH 1
| #define HAVE_DECL_BE64TOH 1
| #define HAVE_DECL_HTOBE16 1
| #define HAVE_DECL_HTOBE32 1
| #define HAVE_DECL_HTOBE64 1
| #define HAVE_DECL_BSWAP_16 1
| #define HAVE_DECL_BSWAP_32 1
| #define HAVE_DECL_BSWAP_64 1
| #define HAVE_DECL___BUILTIN_CLZ 1
| #define HAVE_DECL___BUILTIN_CLZL 1
| #define HAVE_DECL___BUILTIN_CLZLL 1
| #define HAVE_MALLOC_INFO 1
| #define HAVE_MALLOPT_ARENA_MAX 1
| #define HAVE_VISIBILITY_ATTRIBUTE 1
| #define HAVE_THREAD_LOCAL 1
| #define HAVE_SYS_GETRANDOM 1
| #define HAVE_GETENTROPY 1
| #define HAVE_GETENTROPY_RAND 1
| #define HAVE_STD__SYSTEM 1
| #define HAVE_SYSTEM HAVE_STD__SYSTEM || HAVE_WSYSTEM
| /* end confdefs.h.  */
| 
|         #include <db48/db_cxx.h>
| 
| int
| main ()
| {
| 
|         #if !((DB_VERSION_MAJOR == 4 && DB_VERSION_MINOR >= 8) || DB_VERSION_MAJOR > 4)
|           #error "failed to find bdb 4.8+"
|         #endif
| 
|   ;
|   return 0;
| }
configure:29005: g++ -std=c++11 -c -g -O2  -DBITSTASH_BUILD -DHAVE_BUILD_INFO -D__STDC_FORMAT_MACROS conftest.cpp >&5
conftest.cpp:74:18: fatal error: bdb4/db_cxx.h: No such file or directory
         #include <bdb4/db_cxx.h>
                  ^~~~~~~~~~~~~~~
compilation terminated.
configure:29005: $? = 1
configure: failed program was:
| /* confdefs.h */
| #define PACKAGE_NAME "BitStash Core"
| #define PACKAGE_TARNAME "bitstash"
| #define PACKAGE_VERSION "0.19.1"
| #define PACKAGE_STRING "BitStash Core 0.19.1"
| #define PACKAGE_BUGREPORT "https://github.com/bitstashco/BitStash-Core/issues"
| #define PACKAGE_URL "https://bitstash.co//"
| #define HAVE_CXX11 1
| #define STDC_HEADERS 1
| #define HAVE_SYS_TYPES_H 1
| #define HAVE_SYS_STAT_H 1
| #define HAVE_STDLIB_H 1
| #define HAVE_STRING_H 1
| #define HAVE_MEMORY_H 1
| #define HAVE_STRINGS_H 1
| #define HAVE_INTTYPES_H 1
| #define HAVE_STDINT_H 1
| #define HAVE_UNISTD_H 1
| #define HAVE_DLFCN_H 1
| #define LT_OBJDIR ".libs/"
| #define USE_ASM 1
| #define ENABLE_SSE41 1
| #define ENABLE_AVX2 1
| #define ENABLE_SHANI 1
| #define HAVE_PTHREAD_PRIO_INHERIT 1
| #define HAVE_PTHREAD 1
| #define HAVE_DECL_STRERROR_R 1
| #define HAVE_STRERROR_R 1
| #define STRERROR_R_CHAR_P 1
| #define HAVE_FUNC_ATTRIBUTE_VISIBILITY 1
| #define HAVE_ENDIAN_H 1
| #define HAVE_BYTESWAP_H 1
| #define HAVE_STDIO_H 1
| #define HAVE_STDLIB_H 1
| #define HAVE_UNISTD_H 1
| #define HAVE_STRINGS_H 1
| #define HAVE_SYS_TYPES_H 1
| #define HAVE_SYS_STAT_H 1
| #define HAVE_SYS_SELECT_H 1
| #define HAVE_SYS_PRCTL_H 1
| #define HAVE_DECL_GETIFADDRS 1
| #define HAVE_DECL_FREEIFADDRS 1
| #define HAVE_DECL_STRNLEN 1
| #define HAVE_DECL_DAEMON 1
| #define HAVE_DECL_LE16TOH 1
| #define HAVE_DECL_LE32TOH 1
| #define HAVE_DECL_LE64TOH 1
| #define HAVE_DECL_HTOLE16 1
| #define HAVE_DECL_HTOLE32 1
| #define HAVE_DECL_HTOLE64 1
| #define HAVE_DECL_BE16TOH 1
| #define HAVE_DECL_BE32TOH 1
| #define HAVE_DECL_BE64TOH 1
| #define HAVE_DECL_HTOBE16 1
| #define HAVE_DECL_HTOBE32 1
| #define HAVE_DECL_HTOBE64 1
| #define HAVE_DECL_BSWAP_16 1
| #define HAVE_DECL_BSWAP_32 1
| #define HAVE_DECL_BSWAP_64 1
| #define HAVE_DECL___BUILTIN_CLZ 1
| #define HAVE_DECL___BUILTIN_CLZL 1
| #define HAVE_DECL___BUILTIN_CLZLL 1
| #define HAVE_MALLOC_INFO 1
| #define HAVE_MALLOPT_ARENA_MAX 1
| #define HAVE_VISIBILITY_ATTRIBUTE 1
| #define HAVE_THREAD_LOCAL 1
| #define HAVE_SYS_GETRANDOM 1
| #define HAVE_GETENTROPY 1
| #define HAVE_GETENTROPY_RAND 1
| #define HAVE_STD__SYSTEM 1
| #define HAVE_SYSTEM HAVE_STD__SYSTEM || HAVE_WSYSTEM
| /* end confdefs.h.  */
| 
|         #include <bdb4/db_cxx.h>
| 
| int
| main ()
| {
| 
|         #if !((DB_VERSION_MAJOR == 4 && DB_VERSION_MINOR >= 8) || DB_VERSION_MAJOR > 4)
|           #error "failed to find bdb 4.8+"
|         #endif
| 
|   ;
|   return 0;
| }
configure:29005: g++ -std=c++11 -c -g -O2  -DBITSTASH_BUILD -DHAVE_BUILD_INFO -D__STDC_FORMAT_MACROS conftest.cpp >&5
conftest.cpp:74:18: fatal error: libdb4/db_cxx.h: No such file or directory
         #include <libdb4/db_cxx.h>
                  ^~~~~~~~~~~~~~~~~
compilation terminated.
configure:29005: $? = 1
configure: failed program was:
| /* confdefs.h */
| #define PACKAGE_NAME "BitStash Core"
| #define PACKAGE_TARNAME "bitstash"
| #define PACKAGE_VERSION "0.19.1"
| #define PACKAGE_STRING "BitStash Core 0.19.1"
| #define PACKAGE_BUGREPORT "https://github.com/bitstashco/BitStash-Core/issues"
| #define PACKAGE_URL "https://bitstash.co//"
| #define HAVE_CXX11 1
| #define STDC_HEADERS 1
| #define HAVE_SYS_TYPES_H 1
| #define HAVE_SYS_STAT_H 1
| #define HAVE_STDLIB_H 1
| #define HAVE_STRING_H 1
| #define HAVE_MEMORY_H 1
| #define HAVE_STRINGS_H 1
| #define HAVE_INTTYPES_H 1
| #define HAVE_STDINT_H 1
| #define HAVE_UNISTD_H 1
| #define HAVE_DLFCN_H 1
| #define LT_OBJDIR ".libs/"
| #define USE_ASM 1
| #define ENABLE_SSE41 1
| #define ENABLE_AVX2 1
| #define ENABLE_SHANI 1
| #define HAVE_PTHREAD_PRIO_INHERIT 1
| #define HAVE_PTHREAD 1
| #define HAVE_DECL_STRERROR_R 1
| #define HAVE_STRERROR_R 1
| #define STRERROR_R_CHAR_P 1
| #define HAVE_FUNC_ATTRIBUTE_VISIBILITY 1
| #define HAVE_ENDIAN_H 1
| #define HAVE_BYTESWAP_H 1
| #define HAVE_STDIO_H 1
| #define HAVE_STDLIB_H 1
| #define HAVE_UNISTD_H 1
| #define HAVE_STRINGS_H 1
| #define HAVE_SYS_TYPES_H 1
| #define HAVE_SYS_STAT_H 1
| #define HAVE_SYS_SELECT_H 1
| #define HAVE_SYS_PRCTL_H 1
| #define HAVE_DECL_GETIFADDRS 1
| #define HAVE_DECL_FREEIFADDRS 1
| #define HAVE_DECL_STRNLEN 1
| #define HAVE_DECL_DAEMON 1
| #define HAVE_DECL_LE16TOH 1
| #define HAVE_DECL_LE32TOH 1
| #define HAVE_DECL_LE64TOH 1
| #define HAVE_DECL_HTOLE16 1
| #define HAVE_DECL_HTOLE32 1
| #define HAVE_DECL_HTOLE64 1
| #define HAVE_DECL_BE16TOH 1
| #define HAVE_DECL_BE32TOH 1
| #define HAVE_DECL_BE64TOH 1
| #define HAVE_DECL_HTOBE16 1
| #define HAVE_DECL_HTOBE32 1
| #define HAVE_DECL_HTOBE64 1
| #define HAVE_DECL_BSWAP_16 1
| #define HAVE_DECL_BSWAP_32 1
| #define HAVE_DECL_BSWAP_64 1
| #define HAVE_DECL___BUILTIN_CLZ 1
| #define HAVE_DECL___BUILTIN_CLZL 1
| #define HAVE_DECL___BUILTIN_CLZLL 1
| #define HAVE_MALLOC_INFO 1
| #define HAVE_MALLOPT_ARENA_MAX 1
| #define HAVE_VISIBILITY_ATTRIBUTE 1
| #define HAVE_THREAD_LOCAL 1
| #define HAVE_SYS_GETRANDOM 1
| #define HAVE_GETENTROPY 1
| #define HAVE_GETENTROPY_RAND 1
| #define HAVE_STD__SYSTEM 1
| #define HAVE_SYSTEM HAVE_STD__SYSTEM || HAVE_WSYSTEM
| /* end confdefs.h.  */
| 
|         #include <libdb4/db_cxx.h>
| 
| int
| main ()
| {
| 
|         #if !((DB_VERSION_MAJOR == 4 && DB_VERSION_MINOR >= 8) || DB_VERSION_MAJOR > 4)
|           #error "failed to find bdb 4.8+"
|         #endif
| 
|   ;
|   return 0;
| }
configure:29005: g++ -std=c++11 -c -g -O2  -DBITSTASH_BUILD -DHAVE_BUILD_INFO -D__STDC_FORMAT_MACROS conftest.cpp >&5
conftest.cpp:74:18: fatal error: db4/db_cxx.h: No such file or directory
         #include <db4/db_cxx.h>
                  ^~~~~~~~~~~~~~
compilation terminated.
configure:29005: $? = 1
configure: failed program was:
| /* confdefs.h */
| #define PACKAGE_NAME "BitStash Core"
| #define PACKAGE_TARNAME "bitstash"
| #define PACKAGE_VERSION "0.19.1"
| #define PACKAGE_STRING "BitStash Core 0.19.1"
| #define PACKAGE_BUGREPORT "https://github.com/bitstashco/BitStash-Core/issues"
| #define PACKAGE_URL "https://bitstash.co//"
| #define HAVE_CXX11 1
| #define STDC_HEADERS 1
| #define HAVE_SYS_TYPES_H 1
| #define HAVE_SYS_STAT_H 1
| #define HAVE_STDLIB_H 1
| #define HAVE_STRING_H 1
| #define HAVE_MEMORY_H 1
| #define HAVE_STRINGS_H 1
| #define HAVE_INTTYPES_H 1
| #define HAVE_STDINT_H 1
| #define HAVE_UNISTD_H 1
| #define HAVE_DLFCN_H 1
| #define LT_OBJDIR ".libs/"
| #define USE_ASM 1
| #define ENABLE_SSE41 1
| #define ENABLE_AVX2 1
| #define ENABLE_SHANI 1
| #define HAVE_PTHREAD_PRIO_INHERIT 1
| #define HAVE_PTHREAD 1
| #define HAVE_DECL_STRERROR_R 1
| #define HAVE_STRERROR_R 1
| #define STRERROR_R_CHAR_P 1
| #define HAVE_FUNC_ATTRIBUTE_VISIBILITY 1
| #define HAVE_ENDIAN_H 1
| #define HAVE_BYTESWAP_H 1
| #define HAVE_STDIO_H 1
| #define HAVE_STDLIB_H 1
| #define HAVE_UNISTD_H 1
| #define HAVE_STRINGS_H 1
| #define HAVE_SYS_TYPES_H 1
| #define HAVE_SYS_STAT_H 1
| #define HAVE_SYS_SELECT_H 1
| #define HAVE_SYS_PRCTL_H 1
| #define HAVE_DECL_GETIFADDRS 1
| #define HAVE_DECL_FREEIFADDRS 1
| #define HAVE_DECL_STRNLEN 1
| #define HAVE_DECL_DAEMON 1
| #define HAVE_DECL_LE16TOH 1
| #define HAVE_DECL_LE32TOH 1
| #define HAVE_DECL_LE64TOH 1
| #define HAVE_DECL_HTOLE16 1
| #define HAVE_DECL_HTOLE32 1
| #define HAVE_DECL_HTOLE64 1
| #define HAVE_DECL_BE16TOH 1
| #define HAVE_DECL_BE32TOH 1
| #define HAVE_DECL_BE64TOH 1
| #define HAVE_DECL_HTOBE16 1
| #define HAVE_DECL_HTOBE32 1
| #define HAVE_DECL_HTOBE64 1
| #define HAVE_DECL_BSWAP_16 1
| #define HAVE_DECL_BSWAP_32 1
| #define HAVE_DECL_BSWAP_64 1
| #define HAVE_DECL___BUILTIN_CLZ 1
| #define HAVE_DECL___BUILTIN_CLZL 1
| #define HAVE_DECL___BUILTIN_CLZLL 1
| #define HAVE_MALLOC_INFO 1
| #define HAVE_MALLOPT_ARENA_MAX 1
| #define HAVE_VISIBILITY_ATTRIBUTE 1
| #define HAVE_THREAD_LOCAL 1
| #define HAVE_SYS_GETRANDOM 1
| #define HAVE_GETENTROPY 1
| #define HAVE_GETENTROPY_RAND 1
| #define HAVE_STD__SYSTEM 1
| #define HAVE_SYSTEM HAVE_STD__SYSTEM || HAVE_WSYSTEM
| /* end confdefs.h.  */
| 
|         #include <db4/db_cxx.h>
| 
| int
| main ()
| {
| 
|         #if !((DB_VERSION_MAJOR == 4 && DB_VERSION_MINOR >= 8) || DB_VERSION_MAJOR > 4)
|           #error "failed to find bdb 4.8+"
|         #endif
| 
|   ;
|   return 0;
| }
configure:29005: g++ -std=c++11 -c -g -O2  -DBITSTASH_BUILD -DHAVE_BUILD_INFO -D__STDC_FORMAT_MACROS conftest.cpp >&5
conftest.cpp:74:18: fatal error: bdb5/db_cxx.h: No such file or directory
         #include <bdb5/db_cxx.h>
                  ^~~~~~~~~~~~~~~
compilation terminated.
configure:29005: $? = 1
configure: failed program was:
| /* confdefs.h */
| #define PACKAGE_NAME "BitStash Core"
| #define PACKAGE_TARNAME "bitstash"
| #define PACKAGE_VERSION "0.19.1"
| #define PACKAGE_STRING "BitStash Core 0.19.1"
| #define PACKAGE_BUGREPORT "https://github.com/bitstashco/BitStash-Core/issues"
| #define PACKAGE_URL "https://bitstash.co//"
| #define HAVE_CXX11 1
| #define STDC_HEADERS 1
| #define HAVE_SYS_TYPES_H 1
| #define HAVE_SYS_STAT_H 1
| #define HAVE_STDLIB_H 1
| #define HAVE_STRING_H 1
| #define HAVE_MEMORY_H 1
| #define HAVE_STRINGS_H 1
| #define HAVE_INTTYPES_H 1
| #define HAVE_STDINT_H 1
| #define HAVE_UNISTD_H 1
| #define HAVE_DLFCN_H 1
| #define LT_OBJDIR ".libs/"
| #define USE_ASM 1
| #define ENABLE_SSE41 1
| #define ENABLE_AVX2 1
| #define ENABLE_SHANI 1
| #define HAVE_PTHREAD_PRIO_INHERIT 1
| #define HAVE_PTHREAD 1
| #define HAVE_DECL_STRERROR_R 1
| #define HAVE_STRERROR_R 1
| #define STRERROR_R_CHAR_P 1
| #define HAVE_FUNC_ATTRIBUTE_VISIBILITY 1
| #define HAVE_ENDIAN_H 1
| #define HAVE_BYTESWAP_H 1
| #define HAVE_STDIO_H 1
| #define HAVE_STDLIB_H 1
| #define HAVE_UNISTD_H 1
| #define HAVE_STRINGS_H 1
| #define HAVE_SYS_TYPES_H 1
| #define HAVE_SYS_STAT_H 1
| #define HAVE_SYS_SELECT_H 1
| #define HAVE_SYS_PRCTL_H 1
| #define HAVE_DECL_GETIFADDRS 1
| #define HAVE_DECL_FREEIFADDRS 1
| #define HAVE_DECL_STRNLEN 1
| #define HAVE_DECL_DAEMON 1
| #define HAVE_DECL_LE16TOH 1
| #define HAVE_DECL_LE32TOH 1
| #define HAVE_DECL_LE64TOH 1
| #define HAVE_DECL_HTOLE16 1
| #define HAVE_DECL_HTOLE32 1
| #define HAVE_DECL_HTOLE64 1
| #define HAVE_DECL_BE16TOH 1
| #define HAVE_DECL_BE32TOH 1
| #define HAVE_DECL_BE64TOH 1
| #define HAVE_DECL_HTOBE16 1
| #define HAVE_DECL_HTOBE32 1
| #define HAVE_DECL_HTOBE64 1
| #define HAVE_DECL_BSWAP_16 1
| #define HAVE_DECL_BSWAP_32 1
| #define HAVE_DECL_BSWAP_64 1
| #define HAVE_DECL___BUILTIN_CLZ 1
| #define HAVE_DECL___BUILTIN_CLZL 1
| #define HAVE_DECL___BUILTIN_CLZLL 1
| #define HAVE_MALLOC_INFO 1
| #define HAVE_MALLOPT_ARENA_MAX 1
| #define HAVE_VISIBILITY_ATTRIBUTE 1
| #define HAVE_THREAD_LOCAL 1
| #define HAVE_SYS_GETRANDOM 1
| #define HAVE_GETENTROPY 1
| #define HAVE_GETENTROPY_RAND 1
| #define HAVE_STD__SYSTEM 1
| #define HAVE_SYSTEM HAVE_STD__SYSTEM || HAVE_WSYSTEM
| /* end confdefs.h.  */
| 
|         #include <bdb5/db_cxx.h>
| 
| int
| main ()
| {
| 
|         #if !((DB_VERSION_MAJOR == 4 && DB_VERSION_MINOR >= 8) || DB_VERSION_MAJOR > 4)
|           #error "failed to find bdb 4.8+"
|         #endif
| 
|   ;
|   return 0;
| }
configure:29005: g++ -std=c++11 -c -g -O2  -DBITSTASH_BUILD -DHAVE_BUILD_INFO -D__STDC_FORMAT_MACROS conftest.cpp >&5
conftest.cpp:74:18: fatal error: libdb5/db_cxx.h: No such file or directory
         #include <libdb5/db_cxx.h>
                  ^~~~~~~~~~~~~~~~~
compilation terminated.
configure:29005: $? = 1
configure: failed program was:
| /* confdefs.h */
| #define PACKAGE_NAME "BitStash Core"
| #define PACKAGE_TARNAME "bitstash"
| #define PACKAGE_VERSION "0.19.1"
| #define PACKAGE_STRING "BitStash Core 0.19.1"
| #define PACKAGE_BUGREPORT "https://github.com/bitstashco/BitStash-Core/issues"
| #define PACKAGE_URL "https://bitstash.co//"
| #define HAVE_CXX11 1
| #define STDC_HEADERS 1
| #define HAVE_SYS_TYPES_H 1
| #define HAVE_SYS_STAT_H 1
| #define HAVE_STDLIB_H 1
| #define HAVE_STRING_H 1
| #define HAVE_MEMORY_H 1
| #define HAVE_STRINGS_H 1
| #define HAVE_INTTYPES_H 1
| #define HAVE_STDINT_H 1
| #define HAVE_UNISTD_H 1
| #define HAVE_DLFCN_H 1
| #define LT_OBJDIR ".libs/"
| #define USE_ASM 1
| #define ENABLE_SSE41 1
| #define ENABLE_AVX2 1
| #define ENABLE_SHANI 1
| #define HAVE_PTHREAD_PRIO_INHERIT 1
| #define HAVE_PTHREAD 1
| #define HAVE_DECL_STRERROR_R 1
| #define HAVE_STRERROR_R 1
| #define STRERROR_R_CHAR_P 1
| #define HAVE_FUNC_ATTRIBUTE_VISIBILITY 1
| #define HAVE_ENDIAN_H 1
| #define HAVE_BYTESWAP_H 1
| #define HAVE_STDIO_H 1
| #define HAVE_STDLIB_H 1
| #define HAVE_UNISTD_H 1
| #define HAVE_STRINGS_H 1
| #define HAVE_SYS_TYPES_H 1
| #define HAVE_SYS_STAT_H 1
| #define HAVE_SYS_SELECT_H 1
| #define HAVE_SYS_PRCTL_H 1
| #define HAVE_DECL_GETIFADDRS 1
| #define HAVE_DECL_FREEIFADDRS 1
| #define HAVE_DECL_STRNLEN 1
| #define HAVE_DECL_DAEMON 1
| #define HAVE_DECL_LE16TOH 1
| #define HAVE_DECL_LE32TOH 1
| #define HAVE_DECL_LE64TOH 1
| #define HAVE_DECL_HTOLE16 1
| #define HAVE_DECL_HTOLE32 1
| #define HAVE_DECL_HTOLE64 1
| #define HAVE_DECL_BE16TOH 1
| #define HAVE_DECL_BE32TOH 1
| #define HAVE_DECL_BE64TOH 1
| #define HAVE_DECL_HTOBE16 1
| #define HAVE_DECL_HTOBE32 1
| #define HAVE_DECL_HTOBE64 1
| #define HAVE_DECL_BSWAP_16 1
| #define HAVE_DECL_BSWAP_32 1
| #define HAVE_DECL_BSWAP_64 1
| #define HAVE_DECL___BUILTIN_CLZ 1
| #define HAVE_DECL___BUILTIN_CLZL 1
| #define HAVE_DECL___BUILTIN_CLZLL 1
| #define HAVE_MALLOC_INFO 1
| #define HAVE_MALLOPT_ARENA_MAX 1
| #define HAVE_VISIBILITY_ATTRIBUTE 1
| #define HAVE_THREAD_LOCAL 1
| #define HAVE_SYS_GETRANDOM 1
| #define HAVE_GETENTROPY 1
| #define HAVE_GETENTROPY_RAND 1
| #define HAVE_STD__SYSTEM 1
| #define HAVE_SYSTEM HAVE_STD__SYSTEM || HAVE_WSYSTEM
| /* end confdefs.h.  */
| 
|         #include <libdb5/db_cxx.h>
| 
| int
| main ()
| {
| 
|         #if !((DB_VERSION_MAJOR == 4 && DB_VERSION_MINOR >= 8) || DB_VERSION_MAJOR > 4)
|           #error "failed to find bdb 4.8+"
|         #endif
| 
|   ;
|   return 0;
| }
configure:29005: g++ -std=c++11 -c -g -O2  -DBITSTASH_BUILD -DHAVE_BUILD_INFO -D__STDC_FORMAT_MACROS conftest.cpp >&5
conftest.cpp:74:18: fatal error: db5/db_cxx.h: No such file or directory
         #include <db5/db_cxx.h>
                  ^~~~~~~~~~~~~~
compilation terminated.
configure:29005: $? = 1
configure: failed program was:
| /* confdefs.h */
| #define PACKAGE_NAME "BitStash Core"
| #define PACKAGE_TARNAME "bitstash"
| #define PACKAGE_VERSION "0.19.1"
| #define PACKAGE_STRING "BitStash Core 0.19.1"
| #define PACKAGE_BUGREPORT "https://github.com/bitstashco/BitStash-Core/issues"
| #define PACKAGE_URL "https://bitstash.co//"
| #define HAVE_CXX11 1
| #define STDC_HEADERS 1
| #define HAVE_SYS_TYPES_H 1
| #define HAVE_SYS_STAT_H 1
| #define HAVE_STDLIB_H 1
| #define HAVE_STRING_H 1
| #define HAVE_MEMORY_H 1
| #define HAVE_STRINGS_H 1
| #define HAVE_INTTYPES_H 1
| #define HAVE_STDINT_H 1
| #define HAVE_UNISTD_H 1
| #define HAVE_DLFCN_H 1
| #define LT_OBJDIR ".libs/"
| #define USE_ASM 1
| #define ENABLE_SSE41 1
| #define ENABLE_AVX2 1
| #define ENABLE_SHANI 1
| #define HAVE_PTHREAD_PRIO_INHERIT 1
| #define HAVE_PTHREAD 1
| #define HAVE_DECL_STRERROR_R 1
| #define HAVE_STRERROR_R 1
| #define STRERROR_R_CHAR_P 1
| #define HAVE_FUNC_ATTRIBUTE_VISIBILITY 1
| #define HAVE_ENDIAN_H 1
| #define HAVE_BYTESWAP_H 1
| #define HAVE_STDIO_H 1
| #define HAVE_STDLIB_H 1
| #define HAVE_UNISTD_H 1
| #define HAVE_STRINGS_H 1
| #define HAVE_SYS_TYPES_H 1
| #define HAVE_SYS_STAT_H 1
| #define HAVE_SYS_SELECT_H 1
| #define HAVE_SYS_PRCTL_H 1
| #define HAVE_DECL_GETIFADDRS 1
| #define HAVE_DECL_FREEIFADDRS 1
| #define HAVE_DECL_STRNLEN 1
| #define HAVE_DECL_DAEMON 1
| #define HAVE_DECL_LE16TOH 1
| #define HAVE_DECL_LE32TOH 1
| #define HAVE_DECL_LE64TOH 1
| #define HAVE_DECL_HTOLE16 1
| #define HAVE_DECL_HTOLE32 1
| #define HAVE_DECL_HTOLE64 1
| #define HAVE_DECL_BE16TOH 1
| #define HAVE_DECL_BE32TOH 1
| #define HAVE_DECL_BE64TOH 1
| #define HAVE_DECL_HTOBE16 1
| #define HAVE_DECL_HTOBE32 1
| #define HAVE_DECL_HTOBE64 1
| #define HAVE_DECL_BSWAP_16 1
| #define HAVE_DECL_BSWAP_32 1
| #define HAVE_DECL_BSWAP_64 1
| #define HAVE_DECL___BUILTIN_CLZ 1
| #define HAVE_DECL___BUILTIN_CLZL 1
| #define HAVE_DECL___BUILTIN_CLZLL 1
| #define HAVE_MALLOC_INFO 1
| #define HAVE_MALLOPT_ARENA_MAX 1
| #define HAVE_VISIBILITY_ATTRIBUTE 1
| #define HAVE_THREAD_LOCAL 1
| #define HAVE_SYS_GETRANDOM 1
| #define HAVE_GETENTROPY 1
| #define HAVE_GETENTROPY_RAND 1
| #define HAVE_STD__SYSTEM 1
| #define HAVE_SYSTEM HAVE_STD__SYSTEM || HAVE_WSYSTEM
| /* end confdefs.h.  */
| 
|         #include <db5/db_cxx.h>
| 
| int
| main ()
| {
| 
|         #if !((DB_VERSION_MAJOR == 4 && DB_VERSION_MINOR >= 8) || DB_VERSION_MAJOR > 4)
|           #error "failed to find bdb 4.8+"
|         #endif
| 
|   ;
|   return 0;
| }
configure:29005: g++ -std=c++11 -c -g -O2  -DBITSTASH_BUILD -DHAVE_BUILD_INFO -D__STDC_FORMAT_MACROS conftest.cpp >&5
conftest.cpp:74:18: fatal error: bdb5.3/db_cxx.h: No such file or directory
         #include <bdb5.3/db_cxx.h>
                  ^~~~~~~~~~~~~~~~~
compilation terminated.
configure:29005: $? = 1
configure: failed program was:
| /* confdefs.h */
| #define PACKAGE_NAME "BitStash Core"
| #define PACKAGE_TARNAME "bitstash"
| #define PACKAGE_VERSION "0.19.1"
| #define PACKAGE_STRING "BitStash Core 0.19.1"
| #define PACKAGE_BUGREPORT "https://github.com/bitstashco/BitStash-Core/issues"
| #define PACKAGE_URL "https://bitstash.co//"
| #define HAVE_CXX11 1
| #define STDC_HEADERS 1
| #define HAVE_SYS_TYPES_H 1
| #define HAVE_SYS_STAT_H 1
| #define HAVE_STDLIB_H 1
| #define HAVE_STRING_H 1
| #define HAVE_MEMORY_H 1
| #define HAVE_STRINGS_H 1
| #define HAVE_INTTYPES_H 1
| #define HAVE_STDINT_H 1
| #define HAVE_UNISTD_H 1
| #define HAVE_DLFCN_H 1
| #define LT_OBJDIR ".libs/"
| #define USE_ASM 1
| #define ENABLE_SSE41 1
| #define ENABLE_AVX2 1
| #define ENABLE_SHANI 1
| #define HAVE_PTHREAD_PRIO_INHERIT 1
| #define HAVE_PTHREAD 1
| #define HAVE_DECL_STRERROR_R 1
| #define HAVE_STRERROR_R 1
| #define STRERROR_R_CHAR_P 1
| #define HAVE_FUNC_ATTRIBUTE_VISIBILITY 1
| #define HAVE_ENDIAN_H 1
| #define HAVE_BYTESWAP_H 1
| #define HAVE_STDIO_H 1
| #define HAVE_STDLIB_H 1
| #define HAVE_UNISTD_H 1
| #define HAVE_STRINGS_H 1
| #define HAVE_SYS_TYPES_H 1
| #define HAVE_SYS_STAT_H 1
| #define HAVE_SYS_SELECT_H 1
| #define HAVE_SYS_PRCTL_H 1
| #define HAVE_DECL_GETIFADDRS 1
| #define HAVE_DECL_FREEIFADDRS 1
| #define HAVE_DECL_STRNLEN 1
| #define HAVE_DECL_DAEMON 1
| #define HAVE_DECL_LE16TOH 1
| #define HAVE_DECL_LE32TOH 1
| #define HAVE_DECL_LE64TOH 1
| #define HAVE_DECL_HTOLE16 1
| #define HAVE_DECL_HTOLE32 1
| #define HAVE_DECL_HTOLE64 1
| #define HAVE_DECL_BE16TOH 1
| #define HAVE_DECL_BE32TOH 1
| #define HAVE_DECL_BE64TOH 1
| #define HAVE_DECL_HTOBE16 1
| #define HAVE_DECL_HTOBE32 1
| #define HAVE_DECL_HTOBE64 1
| #define HAVE_DECL_BSWAP_16 1
| #define HAVE_DECL_BSWAP_32 1
| #define HAVE_DECL_BSWAP_64 1
| #define HAVE_DECL___BUILTIN_CLZ 1
| #define HAVE_DECL___BUILTIN_CLZL 1
| #define HAVE_DECL___BUILTIN_CLZLL 1
| #define HAVE_MALLOC_INFO 1
| #define HAVE_MALLOPT_ARENA_MAX 1
| #define HAVE_VISIBILITY_ATTRIBUTE 1
| #define HAVE_THREAD_LOCAL 1
| #define HAVE_SYS_GETRANDOM 1
| #define HAVE_GETENTROPY 1
| #define HAVE_GETENTROPY_RAND 1
| #define HAVE_STD__SYSTEM 1
| #define HAVE_SYSTEM HAVE_STD__SYSTEM || HAVE_WSYSTEM
| /* end confdefs.h.  */
| 
|         #include <bdb5.3/db_cxx.h>
| 
| int
| main ()
| {
| 
|         #if !((DB_VERSION_MAJOR == 4 && DB_VERSION_MINOR >= 8) || DB_VERSION_MAJOR > 4)
|           #error "failed to find bdb 4.8+"
|         #endif
| 
|   ;
|   return 0;
| }
configure:29005: g++ -std=c++11 -c -g -O2  -DBITSTASH_BUILD -DHAVE_BUILD_INFO -D__STDC_FORMAT_MACROS conftest.cpp >&5
conftest.cpp:74:18: fatal error: libdb5.3/db_cxx.h: No such file or directory
         #include <libdb5.3/db_cxx.h>
                  ^~~~~~~~~~~~~~~~~~~
compilation terminated.
configure:29005: $? = 1
configure: failed program was:
| /* confdefs.h */
| #define PACKAGE_NAME "BitStash Core"
| #define PACKAGE_TARNAME "bitstash"
| #define PACKAGE_VERSION "0.19.1"
| #define PACKAGE_STRING "BitStash Core 0.19.1"
| #define PACKAGE_BUGREPORT "https://github.com/bitstashco/BitStash-Core/issues"
| #define PACKAGE_URL "https://bitstash.co//"
| #define HAVE_CXX11 1
| #define STDC_HEADERS 1
| #define HAVE_SYS_TYPES_H 1
| #define HAVE_SYS_STAT_H 1
| #define HAVE_STDLIB_H 1
| #define HAVE_STRING_H 1
| #define HAVE_MEMORY_H 1
| #define HAVE_STRINGS_H 1
| #define HAVE_INTTYPES_H 1
| #define HAVE_STDINT_H 1
| #define HAVE_UNISTD_H 1
| #define HAVE_DLFCN_H 1
| #define LT_OBJDIR ".libs/"
| #define USE_ASM 1
| #define ENABLE_SSE41 1
| #define ENABLE_AVX2 1
| #define ENABLE_SHANI 1
| #define HAVE_PTHREAD_PRIO_INHERIT 1
| #define HAVE_PTHREAD 1
| #define HAVE_DECL_STRERROR_R 1
| #define HAVE_STRERROR_R 1
| #define STRERROR_R_CHAR_P 1
| #define HAVE_FUNC_ATTRIBUTE_VISIBILITY 1
| #define HAVE_ENDIAN_H 1
| #define HAVE_BYTESWAP_H 1
| #define HAVE_STDIO_H 1
| #define HAVE_STDLIB_H 1
| #define HAVE_UNISTD_H 1
| #define HAVE_STRINGS_H 1
| #define HAVE_SYS_TYPES_H 1
| #define HAVE_SYS_STAT_H 1
| #define HAVE_SYS_SELECT_H 1
| #define HAVE_SYS_PRCTL_H 1
| #define HAVE_DECL_GETIFADDRS 1
| #define HAVE_DECL_FREEIFADDRS 1
| #define HAVE_DECL_STRNLEN 1
| #define HAVE_DECL_DAEMON 1
| #define HAVE_DECL_LE16TOH 1
| #define HAVE_DECL_LE32TOH 1
| #define HAVE_DECL_LE64TOH 1
| #define HAVE_DECL_HTOLE16 1
| #define HAVE_DECL_HTOLE32 1
| #define HAVE_DECL_HTOLE64 1
| #define HAVE_DECL_BE16TOH 1
| #define HAVE_DECL_BE32TOH 1
| #define HAVE_DECL_BE64TOH 1
| #define HAVE_DECL_HTOBE16 1
| #define HAVE_DECL_HTOBE32 1
| #define HAVE_DECL_HTOBE64 1
| #define HAVE_DECL_BSWAP_16 1
| #define HAVE_DECL_BSWAP_32 1
| #define HAVE_DECL_BSWAP_64 1
| #define HAVE_DECL___BUILTIN_CLZ 1
| #define HAVE_DECL___BUILTIN_CLZL 1
| #define HAVE_DECL___BUILTIN_CLZLL 1
| #define HAVE_MALLOC_INFO 1
| #define HAVE_MALLOPT_ARENA_MAX 1
| #define HAVE_VISIBILITY_ATTRIBUTE 1
| #define HAVE_THREAD_LOCAL 1
| #define HAVE_SYS_GETRANDOM 1
| #define HAVE_GETENTROPY 1
| #define HAVE_GETENTROPY_RAND 1
| #define HAVE_STD__SYSTEM 1
| #define HAVE_SYSTEM HAVE_STD__SYSTEM || HAVE_WSYSTEM
| /* end confdefs.h.  */
| 
|         #include <libdb5.3/db_cxx.h>
| 
| int
| main ()
| {
| 
|         #if !((DB_VERSION_MAJOR == 4 && DB_VERSION_MINOR >= 8) || DB_VERSION_MAJOR > 4)
|           #error "failed to find bdb 4.8+"
|         #endif
| 
|   ;
|   return 0;
| }
configure:29005: g++ -std=c++11 -c -g -O2  -DBITSTASH_BUILD -DHAVE_BUILD_INFO -D__STDC_FORMAT_MACROS conftest.cpp >&5
conftest.cpp:74:18: fatal error: db5.3/db_cxx.h: No such file or directory
         #include <db5.3/db_cxx.h>
                  ^~~~~~~~~~~~~~~~
compilation terminated.
configure:29005: $? = 1
configure: failed program was:
| /* confdefs.h */
| #define PACKAGE_NAME "BitStash Core"
| #define PACKAGE_TARNAME "bitstash"
| #define PACKAGE_VERSION "0.19.1"
| #define PACKAGE_STRING "BitStash Core 0.19.1"
| #define PACKAGE_BUGREPORT "https://github.com/bitstashco/BitStash-Core/issues"
| #define PACKAGE_URL "https://bitstash.co//"
| #define HAVE_CXX11 1
| #define STDC_HEADERS 1
| #define HAVE_SYS_TYPES_H 1
| #define HAVE_SYS_STAT_H 1
| #define HAVE_STDLIB_H 1
| #define HAVE_STRING_H 1
| #define HAVE_MEMORY_H 1
| #define HAVE_STRINGS_H 1
| #define HAVE_INTTYPES_H 1
| #define HAVE_STDINT_H 1
| #define HAVE_UNISTD_H 1
| #define HAVE_DLFCN_H 1
| #define LT_OBJDIR ".libs/"
| #define USE_ASM 1
| #define ENABLE_SSE41 1
| #define ENABLE_AVX2 1
| #define ENABLE_SHANI 1
| #define HAVE_PTHREAD_PRIO_INHERIT 1
| #define HAVE_PTHREAD 1
| #define HAVE_DECL_STRERROR_R 1
| #define HAVE_STRERROR_R 1
| #define STRERROR_R_CHAR_P 1
| #define HAVE_FUNC_ATTRIBUTE_VISIBILITY 1
| #define HAVE_ENDIAN_H 1
| #define HAVE_BYTESWAP_H 1
| #define HAVE_STDIO_H 1
| #define HAVE_STDLIB_H 1
| #define HAVE_UNISTD_H 1
| #define HAVE_STRINGS_H 1
| #define HAVE_SYS_TYPES_H 1
| #define HAVE_SYS_STAT_H 1
| #define HAVE_SYS_SELECT_H 1
| #define HAVE_SYS_PRCTL_H 1
| #define HAVE_DECL_GETIFADDRS 1
| #define HAVE_DECL_FREEIFADDRS 1
| #define HAVE_DECL_STRNLEN 1
| #define HAVE_DECL_DAEMON 1
| #define HAVE_DECL_LE16TOH 1
| #define HAVE_DECL_LE32TOH 1
| #define HAVE_DECL_LE64TOH 1
| #define HAVE_DECL_HTOLE16 1
| #define HAVE_DECL_HTOLE32 1
| #define HAVE_DECL_HTOLE64 1
| #define HAVE_DECL_BE16TOH 1
| #define HAVE_DECL_BE32TOH 1
| #define HAVE_DECL_BE64TOH 1
| #define HAVE_DECL_HTOBE16 1
| #define HAVE_DECL_HTOBE32 1
| #define HAVE_DECL_HTOBE64 1
| #define HAVE_DECL_BSWAP_16 1
| #define HAVE_DECL_BSWAP_32 1
| #define HAVE_DECL_BSWAP_64 1
| #define HAVE_DECL___BUILTIN_CLZ 1
| #define HAVE_DECL___BUILTIN_CLZL 1
| #define HAVE_DECL___BUILTIN_CLZLL 1
| #define HAVE_MALLOC_INFO 1
| #define HAVE_MALLOPT_ARENA_MAX 1
| #define HAVE_VISIBILITY_ATTRIBUTE 1
| #define HAVE_THREAD_LOCAL 1
| #define HAVE_SYS_GETRANDOM 1
| #define HAVE_GETENTROPY 1
| #define HAVE_GETENTROPY_RAND 1
| #define HAVE_STD__SYSTEM 1
| #define HAVE_SYSTEM HAVE_STD__SYSTEM || HAVE_WSYSTEM
| /* end confdefs.h.  */
| 
|         #include <db5.3/db_cxx.h>
| 
| int
| main ()
| {
| 
|         #if !((DB_VERSION_MAJOR == 4 && DB_VERSION_MINOR >= 8) || DB_VERSION_MAJOR > 4)
|           #error "failed to find bdb 4.8+"
|         #endif
| 
|   ;
|   return 0;
| }
configure:29005: g++ -std=c++11 -c -g -O2  -DBITSTASH_BUILD -DHAVE_BUILD_INFO -D__STDC_FORMAT_MACROS conftest.cpp >&5
conftest.cpp:74:18: fatal error: bdb/db_cxx.h: No such file or directory
         #include <bdb/db_cxx.h>
                  ^~~~~~~~~~~~~~
compilation terminated.
configure:29005: $? = 1
configure: failed program was:
| /* confdefs.h */
| #define PACKAGE_NAME "BitStash Core"
| #define PACKAGE_TARNAME "bitstash"
| #define PACKAGE_VERSION "0.19.1"
| #define PACKAGE_STRING "BitStash Core 0.19.1"
| #define PACKAGE_BUGREPORT "https://github.com/bitstashco/BitStash-Core/issues"
| #define PACKAGE_URL "https://bitstash.co//"
| #define HAVE_CXX11 1
| #define STDC_HEADERS 1
| #define HAVE_SYS_TYPES_H 1
| #define HAVE_SYS_STAT_H 1
| #define HAVE_STDLIB_H 1
| #define HAVE_STRING_H 1
| #define HAVE_MEMORY_H 1
| #define HAVE_STRINGS_H 1
| #define HAVE_INTTYPES_H 1
| #define HAVE_STDINT_H 1
| #define HAVE_UNISTD_H 1
| #define HAVE_DLFCN_H 1
| #define LT_OBJDIR ".libs/"
| #define USE_ASM 1
| #define ENABLE_SSE41 1
| #define ENABLE_AVX2 1
| #define ENABLE_SHANI 1
| #define HAVE_PTHREAD_PRIO_INHERIT 1
| #define HAVE_PTHREAD 1
| #define HAVE_DECL_STRERROR_R 1
| #define HAVE_STRERROR_R 1
| #define STRERROR_R_CHAR_P 1
| #define HAVE_FUNC_ATTRIBUTE_VISIBILITY 1
| #define HAVE_ENDIAN_H 1
| #define HAVE_BYTESWAP_H 1
| #define HAVE_STDIO_H 1
| #define HAVE_STDLIB_H 1
| #define HAVE_UNISTD_H 1
| #define HAVE_STRINGS_H 1
| #define HAVE_SYS_TYPES_H 1
| #define HAVE_SYS_STAT_H 1
| #define HAVE_SYS_SELECT_H 1
| #define HAVE_SYS_PRCTL_H 1
| #define HAVE_DECL_GETIFADDRS 1
| #define HAVE_DECL_FREEIFADDRS 1
| #define HAVE_DECL_STRNLEN 1
| #define HAVE_DECL_DAEMON 1
| #define HAVE_DECL_LE16TOH 1
| #define HAVE_DECL_LE32TOH 1
| #define HAVE_DECL_LE64TOH 1
| #define HAVE_DECL_HTOLE16 1
| #define HAVE_DECL_HTOLE32 1
| #define HAVE_DECL_HTOLE64 1
| #define HAVE_DECL_BE16TOH 1
| #define HAVE_DECL_BE32TOH 1
| #define HAVE_DECL_BE64TOH 1
| #define HAVE_DECL_HTOBE16 1
| #define HAVE_DECL_HTOBE32 1
| #define HAVE_DECL_HTOBE64 1
| #define HAVE_DECL_BSWAP_16 1
| #define HAVE_DECL_BSWAP_32 1
| #define HAVE_DECL_BSWAP_64 1
| #define HAVE_DECL___BUILTIN_CLZ 1
| #define HAVE_DECL___BUILTIN_CLZL 1
| #define HAVE_DECL___BUILTIN_CLZLL 1
| #define HAVE_MALLOC_INFO 1
| #define HAVE_MALLOPT_ARENA_MAX 1
| #define HAVE_VISIBILITY_ATTRIBUTE 1
| #define HAVE_THREAD_LOCAL 1
| #define HAVE_SYS_GETRANDOM 1
| #define HAVE_GETENTROPY 1
| #define HAVE_GETENTROPY_RAND 1
| #define HAVE_STD__SYSTEM 1
| #define HAVE_SYSTEM HAVE_STD__SYSTEM || HAVE_WSYSTEM
| /* end confdefs.h.  */
| 
|         #include <bdb/db_cxx.h>
| 
| int
| main ()
| {
| 
|         #if !((DB_VERSION_MAJOR == 4 && DB_VERSION_MINOR >= 8) || DB_VERSION_MAJOR > 4)
|           #error "failed to find bdb 4.8+"
|         #endif
| 
|   ;
|   return 0;
| }
configure:29005: g++ -std=c++11 -c -g -O2  -DBITSTASH_BUILD -DHAVE_BUILD_INFO -D__STDC_FORMAT_MACROS conftest.cpp >&5
conftest.cpp:74:18: fatal error: libdb/db_cxx.h: No such file or directory
         #include <libdb/db_cxx.h>
                  ^~~~~~~~~~~~~~~~
compilation terminated.
configure:29005: $? = 1
configure: failed program was:
| /* confdefs.h */
| #define PACKAGE_NAME "BitStash Core"
| #define PACKAGE_TARNAME "bitstash"
| #define PACKAGE_VERSION "0.19.1"
| #define PACKAGE_STRING "BitStash Core 0.19.1"
| #define PACKAGE_BUGREPORT "https://github.com/bitstashco/BitStash-Core/issues"
| #define PACKAGE_URL "https://bitstash.co//"
| #define HAVE_CXX11 1
| #define STDC_HEADERS 1
| #define HAVE_SYS_TYPES_H 1
| #define HAVE_SYS_STAT_H 1
| #define HAVE_STDLIB_H 1
| #define HAVE_STRING_H 1
| #define HAVE_MEMORY_H 1
| #define HAVE_STRINGS_H 1
| #define HAVE_INTTYPES_H 1
| #define HAVE_STDINT_H 1
| #define HAVE_UNISTD_H 1
| #define HAVE_DLFCN_H 1
| #define LT_OBJDIR ".libs/"
| #define USE_ASM 1
| #define ENABLE_SSE41 1
| #define ENABLE_AVX2 1
| #define ENABLE_SHANI 1
| #define HAVE_PTHREAD_PRIO_INHERIT 1
| #define HAVE_PTHREAD 1
| #define HAVE_DECL_STRERROR_R 1
| #define HAVE_STRERROR_R 1
| #define STRERROR_R_CHAR_P 1
| #define HAVE_FUNC_ATTRIBUTE_VISIBILITY 1
| #define HAVE_ENDIAN_H 1
| #define HAVE_BYTESWAP_H 1
| #define HAVE_STDIO_H 1
| #define HAVE_STDLIB_H 1
| #define HAVE_UNISTD_H 1
| #define HAVE_STRINGS_H 1
| #define HAVE_SYS_TYPES_H 1
| #define HAVE_SYS_STAT_H 1
| #define HAVE_SYS_SELECT_H 1
| #define HAVE_SYS_PRCTL_H 1
| #define HAVE_DECL_GETIFADDRS 1
| #define HAVE_DECL_FREEIFADDRS 1
| #define HAVE_DECL_STRNLEN 1
| #define HAVE_DECL_DAEMON 1
| #define HAVE_DECL_LE16TOH 1
| #define HAVE_DECL_LE32TOH 1
| #define HAVE_DECL_LE64TOH 1
| #define HAVE_DECL_HTOLE16 1
| #define HAVE_DECL_HTOLE32 1
| #define HAVE_DECL_HTOLE64 1
| #define HAVE_DECL_BE16TOH 1
| #define HAVE_DECL_BE32TOH 1
| #define HAVE_DECL_BE64TOH 1
| #define HAVE_DECL_HTOBE16 1
| #define HAVE_DECL_HTOBE32 1
| #define HAVE_DECL_HTOBE64 1
| #define HAVE_DECL_BSWAP_16 1
| #define HAVE_DECL_BSWAP_32 1
| #define HAVE_DECL_BSWAP_64 1
| #define HAVE_DECL___BUILTIN_CLZ 1
| #define HAVE_DECL___BUILTIN_CLZL 1
| #define HAVE_DECL___BUILTIN_CLZLL 1
| #define HAVE_MALLOC_INFO 1
| #define HAVE_MALLOPT_ARENA_MAX 1
| #define HAVE_VISIBILITY_ATTRIBUTE 1
| #define HAVE_THREAD_LOCAL 1
| #define HAVE_SYS_GETRANDOM 1
| #define HAVE_GETENTROPY 1
| #define HAVE_GETENTROPY_RAND 1
| #define HAVE_STD__SYSTEM 1
| #define HAVE_SYSTEM HAVE_STD__SYSTEM || HAVE_WSYSTEM
| /* end confdefs.h.  */
| 
|         #include <libdb/db_cxx.h>
| 
| int
| main ()
| {
| 
|         #if !((DB_VERSION_MAJOR == 4 && DB_VERSION_MINOR >= 8) || DB_VERSION_MAJOR > 4)
|           #error "failed to find bdb 4.8+"
|         #endif
| 
|   ;
|   return 0;
| }
configure:29005: g++ -std=c++11 -c -g -O2  -DBITSTASH_BUILD -DHAVE_BUILD_INFO -D__STDC_FORMAT_MACROS conftest.cpp >&5
conftest.cpp:74:18: fatal error: db/db_cxx.h: No such file or directory
         #include <db/db_cxx.h>
                  ^~~~~~~~~~~~~
compilation terminated.
configure:29005: $? = 1
configure: failed program was:
| /* confdefs.h */
| #define PACKAGE_NAME "BitStash Core"
| #define PACKAGE_TARNAME "bitstash"
| #define PACKAGE_VERSION "0.19.1"
| #define PACKAGE_STRING "BitStash Core 0.19.1"
| #define PACKAGE_BUGREPORT "https://github.com/bitstashco/BitStash-Core/issues"
| #define PACKAGE_URL "https://bitstash.co//"
| #define HAVE_CXX11 1
| #define STDC_HEADERS 1
| #define HAVE_SYS_TYPES_H 1
| #define HAVE_SYS_STAT_H 1
| #define HAVE_STDLIB_H 1
| #define HAVE_STRING_H 1
| #define HAVE_MEMORY_H 1
| #define HAVE_STRINGS_H 1
| #define HAVE_INTTYPES_H 1
| #define HAVE_STDINT_H 1
| #define HAVE_UNISTD_H 1
| #define HAVE_DLFCN_H 1
| #define LT_OBJDIR ".libs/"
| #define USE_ASM 1
| #define ENABLE_SSE41 1
| #define ENABLE_AVX2 1
| #define ENABLE_SHANI 1
| #define HAVE_PTHREAD_PRIO_INHERIT 1
| #define HAVE_PTHREAD 1
| #define HAVE_DECL_STRERROR_R 1
| #define HAVE_STRERROR_R 1
| #define STRERROR_R_CHAR_P 1
| #define HAVE_FUNC_ATTRIBUTE_VISIBILITY 1
| #define HAVE_ENDIAN_H 1
| #define HAVE_BYTESWAP_H 1
| #define HAVE_STDIO_H 1
| #define HAVE_STDLIB_H 1
| #define HAVE_UNISTD_H 1
| #define HAVE_STRINGS_H 1
| #define HAVE_SYS_TYPES_H 1
| #define HAVE_SYS_STAT_H 1
| #define HAVE_SYS_SELECT_H 1
| #define HAVE_SYS_PRCTL_H 1
| #define HAVE_DECL_GETIFADDRS 1
| #define HAVE_DECL_FREEIFADDRS 1
| #define HAVE_DECL_STRNLEN 1
| #define HAVE_DECL_DAEMON 1
| #define HAVE_DECL_LE16TOH 1
| #define HAVE_DECL_LE32TOH 1
| #define HAVE_DECL_LE64TOH 1
| #define HAVE_DECL_HTOLE16 1
| #define HAVE_DECL_HTOLE32 1
| #define HAVE_DECL_HTOLE64 1
| #define HAVE_DECL_BE16TOH 1
| #define HAVE_DECL_BE32TOH 1
| #define HAVE_DECL_BE64TOH 1
| #define HAVE_DECL_HTOBE16 1
| #define HAVE_DECL_HTOBE32 1
| #define HAVE_DECL_HTOBE64 1
| #define HAVE_DECL_BSWAP_16 1
| #define HAVE_DECL_BSWAP_32 1
| #define HAVE_DECL_BSWAP_64 1
| #define HAVE_DECL___BUILTIN_CLZ 1
| #define HAVE_DECL___BUILTIN_CLZL 1
| #define HAVE_DECL___BUILTIN_CLZLL 1
| #define HAVE_MALLOC_INFO 1
| #define HAVE_MALLOPT_ARENA_MAX 1
| #define HAVE_VISIBILITY_ATTRIBUTE 1
| #define HAVE_THREAD_LOCAL 1
| #define HAVE_SYS_GETRANDOM 1
| #define HAVE_GETENTROPY 1
| #define HAVE_GETENTROPY_RAND 1
| #define HAVE_STD__SYSTEM 1
| #define HAVE_SYSTEM HAVE_STD__SYSTEM || HAVE_WSYSTEM
| /* end confdefs.h.  */
| 
|         #include <db/db_cxx.h>
| 
| int
| main ()
| {
| 
|         #if !((DB_VERSION_MAJOR == 4 && DB_VERSION_MINOR >= 8) || DB_VERSION_MAJOR > 4)
|           #error "failed to find bdb 4.8+"
|         #endif
| 
|   ;
|   return 0;
| }
configure:29005: g++ -std=c++11 -c -g -O2  -DBITSTASH_BUILD -DHAVE_BUILD_INFO -D__STDC_FORMAT_MACROS conftest.cpp >&5
configure:29005: $? = 0
configure:29034: g++ -std=c++11 -c -g -O2  -DBITSTASH_BUILD -DHAVE_BUILD_INFO -D__STDC_FORMAT_MACROS conftest.cpp >&5
configure:29034: $? = 0
configure:29077: result: default
configure:29100: checking for main in -ldb_cxx-4.8
configure:29119: g++ -std=c++11 -o conftest -g -O2  -DBITSTASH_BUILD -DHAVE_BUILD_INFO -D__STDC_FORMAT_MACROS  conftest.cpp -ldb_cxx-4.8   >&5
configure:29119: $? = 0
configure:29129: result: yes
configure:29151: checking miniupnpc/miniwget.h usability
configure:29151: g++ -std=c++11 -c -g -O2  -DBITSTASH_BUILD -DHAVE_BUILD_INFO -D__STDC_FORMAT_MACROS conftest.cpp >&5
configure:29151: $? = 0
configure:29151: result: yes
configure:29151: checking miniupnpc/miniwget.h presence
configure:29151: g++ -std=c++11 -E  -DBITSTASH_BUILD -DHAVE_BUILD_INFO -D__STDC_FORMAT_MACROS conftest.cpp
configure:29151: $? = 0
configure:29151: result: yes
configure:29151: checking for miniupnpc/miniwget.h
configure:29151: result: yes
configure:29156: checking for upnpDiscover in -lminiupnpc
configure:29181: g++ -std=c++11 -o conftest -g -O2  -DBITSTASH_BUILD -DHAVE_BUILD_INFO -D__STDC_FORMAT_MACROS  conftest.cpp -lminiupnpc   >&5
configure:29181: $? = 0
configure:29190: result: yes
configure:29151: checking miniupnpc/miniupnpc.h usability
configure:29151: g++ -std=c++11 -c -g -O2  -DBITSTASH_BUILD -DHAVE_BUILD_INFO -D__STDC_FORMAT_MACROS conftest.cpp >&5
configure:29151: $? = 0
configure:29151: result: yes
configure:29151: checking miniupnpc/miniupnpc.h presence
configure:29151: g++ -std=c++11 -E  -DBITSTASH_BUILD -DHAVE_BUILD_INFO -D__STDC_FORMAT_MACROS conftest.cpp
configure:29151: $? = 0
configure:29151: result: yes
configure:29151: checking for miniupnpc/miniupnpc.h
configure:29151: result: yes
configure:29156: checking for upnpDiscover in -lminiupnpc
configure:29190: result: yes
configure:29151: checking miniupnpc/upnpcommands.h usability
configure:29151: g++ -std=c++11 -c -g -O2  -DBITSTASH_BUILD -DHAVE_BUILD_INFO -D__STDC_FORMAT_MACROS conftest.cpp >&5
configure:29151: $? = 0
configure:29151: result: yes
configure:29151: checking miniupnpc/upnpcommands.h presence
configure:29151: g++ -std=c++11 -E  -DBITSTASH_BUILD -DHAVE_BUILD_INFO -D__STDC_FORMAT_MACROS conftest.cpp
configure:29151: $? = 0
configure:29151: result: yes
configure:29151: checking for miniupnpc/upnpcommands.h
configure:29151: result: yes
configure:29156: checking for upnpDiscover in -lminiupnpc
configure:29190: result: yes
configure:29151: checking miniupnpc/upnperrors.h usability
configure:29151: g++ -std=c++11 -c -g -O2  -DBITSTASH_BUILD -DHAVE_BUILD_INFO -D__STDC_FORMAT_MACROS conftest.cpp >&5
configure:29151: $? = 0
configure:29151: result: yes
configure:29151: checking miniupnpc/upnperrors.h presence
configure:29151: g++ -std=c++11 -E  -DBITSTASH_BUILD -DHAVE_BUILD_INFO -D__STDC_FORMAT_MACROS conftest.cpp
configure:29151: $? = 0
configure:29151: result: yes
configure:29151: checking for miniupnpc/upnperrors.h
configure:29151: result: yes
configure:29156: checking for upnpDiscover in -lminiupnpc
configure:29190: result: yes
configure:29206: checking whether miniUPnPc API version is supported
configure:29227: g++ -std=c++11 -E  -DBITSTASH_BUILD -DHAVE_BUILD_INFO -D__STDC_FORMAT_MACROS conftest.cpp
configure:29227: $? = 0
configure:29229: result: yes
configure:29396: checking for boostlib >= 1.64.0 (106400)
configure:29428: g++ -std=c++11 -c -g -O2  -DBITSTASH_BUILD -DHAVE_BUILD_INFO -D__STDC_FORMAT_MACROS -I/usr/include conftest.cpp >&5
configure:29428: $? = 0
configure:29430: result: yes
configure:29625: checking whether the Boost::System library is available
configure:29650: g++ -std=c++11 -c   -DBITSTASH_BUILD -DHAVE_BUILD_INFO -D__STDC_FORMAT_MACROS -I/usr/include conftest.cpp >&5
configure:29650: $? = 0
configure:29665: result: yes
configure:29680: checking for exit in -lboost_system
configure:29705: g++ -std=c++11 -o conftest -g -O2  -DBITSTASH_BUILD -DHAVE_BUILD_INFO -D__STDC_FORMAT_MACROS -I/usr/include  -L/usr/lib/x86_64-linux-gnu conftest.cpp -lboost_system   >&5
conftest.cpp:86:6: warning: declaration of 'char exit()' conflicts with built-in declaration 'void exit(int)' [-Wbuiltin-declaration-mismatch]
 char exit ();
      ^~~~
configure:29705: $? = 0
configure:29715: result: yes
configure:29870: checking whether the Boost::Filesystem library is available
configure:29894: g++ -std=c++11 -c -g -O2  -DBITSTASH_BUILD -DHAVE_BUILD_INFO -D__STDC_FORMAT_MACROS -I/usr/include conftest.cpp >&5
configure:29894: $? = 0
configure:29908: result: yes
configure:29919: checking for exit in -lboost_filesystem
configure:29944: g++ -std=c++11 -o conftest -g -O2  -DBITSTASH_BUILD -DHAVE_BUILD_INFO -D__STDC_FORMAT_MACROS -I/usr/include  -L/usr/lib/x86_64-linux-gnu conftest.cpp -lboost_filesystem   -lboost_system >&5
conftest.cpp:87:6: warning: declaration of 'char exit()' conflicts with built-in declaration 'void exit(int)' [-Wbuiltin-declaration-mismatch]
 char exit ();
      ^~~~
configure:29944: $? = 0
configure:29954: result: yes
configure:30104: checking whether the Boost::Program_Options library is available
configure:30128: g++ -std=c++11 -c -g -O2  -DBITSTASH_BUILD -DHAVE_BUILD_INFO -D__STDC_FORMAT_MACROS -I/usr/include conftest.cpp >&5
configure:30128: $? = 0
configure:30142: result: yes
configure:30153: checking for exit in -lboost_program_options
configure:30178: g++ -std=c++11 -o conftest -g -O2  -DBITSTASH_BUILD -DHAVE_BUILD_INFO -D__STDC_FORMAT_MACROS -I/usr/include  -L/usr/lib/x86_64-linux-gnu conftest.cpp -lboost_program_options   >&5
conftest.cpp:88:6: warning: declaration of 'char exit()' conflicts with built-in declaration 'void exit(int)' [-Wbuiltin-declaration-mismatch]
 char exit ();
      ^~~~
configure:30178: $? = 0
configure:30188: result: yes
configure:30329: checking whether the Boost::Thread library is available
configure:30362: g++ -std=c++11 -c -pthread -g -O2  -DBITSTASH_BUILD -DHAVE_BUILD_INFO -D__STDC_FORMAT_MACROS -I/usr/include conftest.cpp >&5
configure:30362: $? = 0
configure:30377: result: yes
configure:30406: checking for exit in -lboost_thread
configure:30431: g++ -std=c++11 -o conftest -g -O2  -DBITSTASH_BUILD -DHAVE_BUILD_INFO -D__STDC_FORMAT_MACROS -I/usr/include  -L/usr/lib/x86_64-linux-gnu conftest.cpp -lboost_thread   >&5
conftest.cpp:89:6: warning: declaration of 'char exit()' conflicts with built-in declaration 'void exit(int)' [-Wbuiltin-declaration-mismatch]
 char exit ();
      ^~~~
configure:30431: $? = 0
configure:30441: result: yes
configure:30614: checking whether the Boost::Random library is available
configure:30638: g++ -std=c++11 -c -g -O2  -DBITSTASH_BUILD -DHAVE_BUILD_INFO -D__STDC_FORMAT_MACROS -pthread -I/usr/include conftest.cpp >&5
configure:30638: $? = 0
configure:30653: result: yes
configure:30668: checking for exit in -lboost_random
configure:30693: g++ -std=c++11 -o conftest -g -O2  -DBITSTASH_BUILD -DHAVE_BUILD_INFO -D__STDC_FORMAT_MACROS -pthread -I/usr/include  -L/usr/lib/x86_64-linux-gnu conftest.cpp -lboost_random   >&5
conftest.cpp:90:6: warning: declaration of 'char exit()' conflicts with built-in declaration 'void exit(int)' [-Wbuiltin-declaration-mismatch]
 char exit ();
      ^~~~
configure:30693: $? = 0
configure:30703: result: yes
configure:30857: checking whether the Boost::Chrono library is available
configure:30881: g++ -std=c++11 -c -g -O2  -DBITSTASH_BUILD -DHAVE_BUILD_INFO -D__STDC_FORMAT_MACROS -pthread -I/usr/include conftest.cpp >&5
configure:30881: $? = 0
configure:30896: result: yes
configure:30911: checking for exit in -lboost_chrono
configure:30936: g++ -std=c++11 -o conftest -g -O2  -DBITSTASH_BUILD -DHAVE_BUILD_INFO -D__STDC_FORMAT_MACROS -pthread -I/usr/include  -L/usr/lib/x86_64-linux-gnu conftest.cpp -lboost_chrono   >&5
conftest.cpp:91:6: warning: declaration of 'char exit()' conflicts with built-in declaration 'void exit(int)' [-Wbuiltin-declaration-mismatch]
 char exit ();
      ^~~~
configure:30936: $? = 0
configure:30946: result: yes
configure:31188: checking whether the Boost::Unit_Test_Framework library is available
configure:31211: g++ -std=c++11 -c -g -O2  -DBITSTASH_BUILD -DHAVE_BUILD_INFO -D__STDC_FORMAT_MACROS -DBOOST_SP_USE_STD_ATOMIC -DBOOST_AC_USE_STD_ATOMIC -pthread -I/usr/include conftest.cpp >&5
configure:31211: $? = 0
configure:31225: result: yes
configure:31336: checking for dynamic linked boost test
configure:31351: g++ -std=c++11 -o conftest -g -O2  -DBITSTASH_BUILD -DHAVE_BUILD_INFO -D__STDC_FORMAT_MACROS -DBOOST_SP_USE_STD_ATOMIC -DBOOST_AC_USE_STD_ATOMIC -pthread -I/usr/include  conftest.cpp  -L/usr/lib/x86_64-linux-gnu -lboost_unit_test_framework >&5
configure:31351: $? = 0
configure:31352: result: yes
configure:31378: checking for mismatched boost c++11 scoped enums
configure:31406: g++ -std=c++11 -o conftest -g -O2  -DBITSTASH_BUILD -DHAVE_BUILD_INFO -D__STDC_FORMAT_MACROS -DBOOST_SP_USE_STD_ATOMIC -DBOOST_AC_USE_STD_ATOMIC -pthread -I/usr/include  conftest.cpp -L/usr/lib/x86_64-linux-gnu -lboost_system -lboost_filesystem -lboost_program_options -lboost_thread -lpthread -lboost_chrono -lboost_random  >&5
conftest.cpp: In function 'int main()':
conftest.cpp:102:5: error: 'choke' was not declared in this scope
     choke;
     ^~~~~
conftest.cpp:102:5: note: suggested alternative: 'clone'
     choke;
     ^~~~~
     clone
configure:31406: $? = 1
configure: failed program was:
| /* confdefs.h */
| #define PACKAGE_NAME "BitStash Core"
| #define PACKAGE_TARNAME "bitstash"
| #define PACKAGE_VERSION "0.19.1"
| #define PACKAGE_STRING "BitStash Core 0.19.1"
| #define PACKAGE_BUGREPORT "https://github.com/bitstashco/BitStash-Core/issues"
| #define PACKAGE_URL "https://bitstash.co//"
| #define HAVE_CXX11 1
| #define STDC_HEADERS 1
| #define HAVE_SYS_TYPES_H 1
| #define HAVE_SYS_STAT_H 1
| #define HAVE_STDLIB_H 1
| #define HAVE_STRING_H 1
| #define HAVE_MEMORY_H 1
| #define HAVE_STRINGS_H 1
| #define HAVE_INTTYPES_H 1
| #define HAVE_STDINT_H 1
| #define HAVE_UNISTD_H 1
| #define HAVE_DLFCN_H 1
| #define LT_OBJDIR ".libs/"
| #define USE_ASM 1
| #define ENABLE_SSE41 1
| #define ENABLE_AVX2 1
| #define ENABLE_SHANI 1
| #define HAVE_PTHREAD_PRIO_INHERIT 1
| #define HAVE_PTHREAD 1
| #define HAVE_DECL_STRERROR_R 1
| #define HAVE_STRERROR_R 1
| #define STRERROR_R_CHAR_P 1
| #define HAVE_FUNC_ATTRIBUTE_VISIBILITY 1
| #define HAVE_ENDIAN_H 1
| #define HAVE_BYTESWAP_H 1
| #define HAVE_STDIO_H 1
| #define HAVE_STDLIB_H 1
| #define HAVE_UNISTD_H 1
| #define HAVE_STRINGS_H 1
| #define HAVE_SYS_TYPES_H 1
| #define HAVE_SYS_STAT_H 1
| #define HAVE_SYS_SELECT_H 1
| #define HAVE_SYS_PRCTL_H 1
| #define HAVE_DECL_GETIFADDRS 1
| #define HAVE_DECL_FREEIFADDRS 1
| #define HAVE_DECL_STRNLEN 1
| #define HAVE_DECL_DAEMON 1
| #define HAVE_DECL_LE16TOH 1
| #define HAVE_DECL_LE32TOH 1
| #define HAVE_DECL_LE64TOH 1
| #define HAVE_DECL_HTOLE16 1
| #define HAVE_DECL_HTOLE32 1
| #define HAVE_DECL_HTOLE64 1
| #define HAVE_DECL_BE16TOH 1
| #define HAVE_DECL_BE32TOH 1
| #define HAVE_DECL_BE64TOH 1
| #define HAVE_DECL_HTOBE16 1
| #define HAVE_DECL_HTOBE32 1
| #define HAVE_DECL_HTOBE64 1
| #define HAVE_DECL_BSWAP_16 1
| #define HAVE_DECL_BSWAP_32 1
| #define HAVE_DECL_BSWAP_64 1
| #define HAVE_DECL___BUILTIN_CLZ 1
| #define HAVE_DECL___BUILTIN_CLZL 1
| #define HAVE_DECL___BUILTIN_CLZLL 1
| #define HAVE_MALLOC_INFO 1
| #define HAVE_MALLOPT_ARENA_MAX 1
| #define HAVE_VISIBILITY_ATTRIBUTE 1
| #define HAVE_THREAD_LOCAL 1
| #define HAVE_SYS_GETRANDOM 1
| #define HAVE_GETENTROPY 1
| #define HAVE_GETENTROPY_RAND 1
| #define HAVE_STD__SYSTEM 1
| #define HAVE_SYSTEM HAVE_STD__SYSTEM || HAVE_WSYSTEM
| #define HAVE_MINIUPNPC_MINIWGET_H 1
| #define HAVE_MINIUPNPC_MINIUPNPC_H 1
| #define HAVE_MINIUPNPC_UPNPCOMMANDS_H 1
| #define HAVE_MINIUPNPC_UPNPERRORS_H 1
| #define HAVE_BOOST /**/
| #define HAVE_BOOST_SYSTEM /**/
| #define HAVE_BOOST_FILESYSTEM /**/
| #define HAVE_BOOST_PROGRAM_OPTIONS /**/
| #define HAVE_BOOST_THREAD /**/
| #define HAVE_BOOST_RANDOM /**/
| #define HAVE_BOOST_CHRONO /**/
| #define HAVE_BOOST_UNIT_TEST_FRAMEWORK /**/
| /* end confdefs.h.  */
| 
|   #include <boost/config.hpp>
|   #include <boost/version.hpp>
|   #if !defined(BOOST_NO_SCOPED_ENUMS) && !defined(BOOST_NO_CXX11_SCOPED_ENUMS) && BOOST_VERSION < 105700
|   #define BOOST_NO_SCOPED_ENUMS
|   #define BOOST_NO_CXX11_SCOPED_ENUMS
|   #define CHECK
|   #endif
|   #include <boost/filesystem.hpp>
| 
| int
| main ()
| {
| 
|   #if defined(CHECK)
|     boost::filesystem::copy_file("foo", "bar");
|   #else
|     choke;
|   #endif
| 
|   ;
|   return 0;
| }
configure:31410: result: ok
configure:31442: g++ -std=c++11 -o conftest -g -O2  -DBITSTASH_BUILD -DHAVE_BUILD_INFO -D__STDC_FORMAT_MACROS -DBOOST_SP_USE_STD_ATOMIC -DBOOST_AC_USE_STD_ATOMIC -pthread -I/usr/include  conftest.cpp -L/usr/lib/x86_64-linux-gnu -lboost_system -lboost_filesystem -lboost_program_options -lboost_thread -lpthread -lboost_chrono -lboost_random  >&5
configure:31442: $? = 0
configure:31504: checking for SSL
configure:31511: $PKG_CONFIG --exists --print-errors "libssl"
configure:31514: $? = 0
configure:31528: $PKG_CONFIG --exists --print-errors "libssl"
configure:31531: $? = 0
configure:31569: result: yes
configure:31575: checking for CRYPTO
configure:31582: $PKG_CONFIG --exists --print-errors "libcrypto"
configure:31585: $? = 0
configure:31599: $PKG_CONFIG --exists --print-errors "libcrypto"
configure:31602: $? = 0
configure:31640: result: yes
configure:31731: checking for QR
configure:31738: $PKG_CONFIG --exists --print-errors "libqrencode"
configure:31741: $? = 0
configure:31755: $PKG_CONFIG --exists --print-errors "libqrencode"
configure:31758: $? = 0
configure:31796: result: yes
configure:31809: checking for EVENT
configure:31816: $PKG_CONFIG --exists --print-errors "libevent"
configure:31819: $? = 0
configure:31833: $PKG_CONFIG --exists --print-errors "libevent"
configure:31836: $? = 0
configure:31874: result: yes
configure:31881: checking for EVENT_PTHREADS
configure:31888: $PKG_CONFIG --exists --print-errors "libevent_pthreads"
configure:31891: $? = 0
configure:31905: $PKG_CONFIG --exists --print-errors "libevent_pthreads"
configure:31908: $? = 0
configure:31946: result: yes
configure:31956: checking for ZMQ
configure:31963: $PKG_CONFIG --exists --print-errors "libzmq >= 4"
configure:31966: $? = 0
configure:31980: $PKG_CONFIG --exists --print-errors "libzmq >= 4"
configure:31983: $? = 0
configure:32031: result: yes
configure:32415: checking gmp.h usability
configure:32415: g++ -std=c++11 -c -g -O2  -DBITSTASH_BUILD -DHAVE_BUILD_INFO -D__STDC_FORMAT_MACROS conftest.cpp >&5
configure:32415: $? = 0
configure:32415: result: yes
configure:32415: checking gmp.h presence
configure:32415: g++ -std=c++11 -E  -DBITSTASH_BUILD -DHAVE_BUILD_INFO -D__STDC_FORMAT_MACROS conftest.cpp
configure:32415: $? = 0
configure:32415: result: yes
configure:32415: checking for gmp.h
configure:32415: result: yes
configure:32423: checking for __gmpn_sub_n in -lgmp
configure:32448: g++ -std=c++11 -o conftest -g -O2  -DBITSTASH_BUILD -DHAVE_BUILD_INFO -D__STDC_FORMAT_MACROS  conftest.cpp -lgmp   >&5
configure:32448: $? = 0
configure:32457: result: yes
configure:32466: checking gmpxx.h usability
configure:32466: g++ -std=c++11 -c -g -O2  -DBITSTASH_BUILD -DHAVE_BUILD_INFO -D__STDC_FORMAT_MACROS conftest.cpp >&5
configure:32466: $? = 0
configure:32466: result: yes
configure:32466: checking gmpxx.h presence
configure:32466: g++ -std=c++11 -E  -DBITSTASH_BUILD -DHAVE_BUILD_INFO -D__STDC_FORMAT_MACROS conftest.cpp
configure:32466: $? = 0
configure:32466: result: yes
configure:32466: checking for gmpxx.h
configure:32466: result: yes
configure:32474: checking for main in -lgmpxx
configure:32493: g++ -std=c++11 -o conftest -g -O2  -DBITSTASH_BUILD -DHAVE_BUILD_INFO -D__STDC_FORMAT_MACROS  conftest.cpp -lgmpxx   >&5
configure:32493: $? = 0
configure:32502: result: yes
configure:32513: checking whether EVP_MD_CTX_new is declared
configure:32513: g++ -std=c++11 -c -g -O2    -DBITSTASH_BUILD -DHAVE_BUILD_INFO -D__STDC_FORMAT_MACROS conftest.cpp >&5
configure:32513: $? = 0
configure:32513: result: yes
configure:32534: checking rapidcheck.h usability
configure:32534: g++ -std=c++11 -c -g -O2  -DBITSTASH_BUILD -DHAVE_BUILD_INFO -D__STDC_FORMAT_MACROS conftest.cpp >&5
conftest.cpp:121:10: fatal error: rapidcheck.h: No such file or directory
 #include <rapidcheck.h>
          ^~~~~~~~~~~~~~
compilation terminated.
configure:32534: $? = 1
configure: failed program was:
| /* confdefs.h */
| #define PACKAGE_NAME "BitStash Core"
| #define PACKAGE_TARNAME "bitstash"
| #define PACKAGE_VERSION "0.19.1"
| #define PACKAGE_STRING "BitStash Core 0.19.1"
| #define PACKAGE_BUGREPORT "https://github.com/bitstashco/BitStash-Core/issues"
| #define PACKAGE_URL "https://bitstash.co//"
| #define HAVE_CXX11 1
| #define STDC_HEADERS 1
| #define HAVE_SYS_TYPES_H 1
| #define HAVE_SYS_STAT_H 1
| #define HAVE_STDLIB_H 1
| #define HAVE_STRING_H 1
| #define HAVE_MEMORY_H 1
| #define HAVE_STRINGS_H 1
| #define HAVE_INTTYPES_H 1
| #define HAVE_STDINT_H 1
| #define HAVE_UNISTD_H 1
| #define HAVE_DLFCN_H 1
| #define LT_OBJDIR ".libs/"
| #define USE_ASM 1
| #define ENABLE_SSE41 1
| #define ENABLE_AVX2 1
| #define ENABLE_SHANI 1
| #define HAVE_PTHREAD_PRIO_INHERIT 1
| #define HAVE_PTHREAD 1
| #define HAVE_DECL_STRERROR_R 1
| #define HAVE_STRERROR_R 1
| #define STRERROR_R_CHAR_P 1
| #define HAVE_FUNC_ATTRIBUTE_VISIBILITY 1
| #define HAVE_ENDIAN_H 1
| #define HAVE_BYTESWAP_H 1
| #define HAVE_STDIO_H 1
| #define HAVE_STDLIB_H 1
| #define HAVE_UNISTD_H 1
| #define HAVE_STRINGS_H 1
| #define HAVE_SYS_TYPES_H 1
| #define HAVE_SYS_STAT_H 1
| #define HAVE_SYS_SELECT_H 1
| #define HAVE_SYS_PRCTL_H 1
| #define HAVE_DECL_GETIFADDRS 1
| #define HAVE_DECL_FREEIFADDRS 1
| #define HAVE_DECL_STRNLEN 1
| #define HAVE_DECL_DAEMON 1
| #define HAVE_DECL_LE16TOH 1
| #define HAVE_DECL_LE32TOH 1
| #define HAVE_DECL_LE64TOH 1
| #define HAVE_DECL_HTOLE16 1
| #define HAVE_DECL_HTOLE32 1
| #define HAVE_DECL_HTOLE64 1
| #define HAVE_DECL_BE16TOH 1
| #define HAVE_DECL_BE32TOH 1
| #define HAVE_DECL_BE64TOH 1
| #define HAVE_DECL_HTOBE16 1
| #define HAVE_DECL_HTOBE32 1
| #define HAVE_DECL_HTOBE64 1
| #define HAVE_DECL_BSWAP_16 1
| #define HAVE_DECL_BSWAP_32 1
| #define HAVE_DECL_BSWAP_64 1
| #define HAVE_DECL___BUILTIN_CLZ 1
| #define HAVE_DECL___BUILTIN_CLZL 1
| #define HAVE_DECL___BUILTIN_CLZLL 1
| #define HAVE_MALLOC_INFO 1
| #define HAVE_MALLOPT_ARENA_MAX 1
| #define HAVE_VISIBILITY_ATTRIBUTE 1
| #define HAVE_THREAD_LOCAL 1
| #define HAVE_SYS_GETRANDOM 1
| #define HAVE_GETENTROPY 1
| #define HAVE_GETENTROPY_RAND 1
| #define HAVE_STD__SYSTEM 1
| #define HAVE_SYSTEM HAVE_STD__SYSTEM || HAVE_WSYSTEM
| #define HAVE_MINIUPNPC_MINIWGET_H 1
| #define HAVE_MINIUPNPC_MINIUPNPC_H 1
| #define HAVE_MINIUPNPC_UPNPCOMMANDS_H 1
| #define HAVE_MINIUPNPC_UPNPERRORS_H 1
| #define HAVE_BOOST /**/
| #define HAVE_BOOST_SYSTEM /**/
| #define HAVE_BOOST_FILESYSTEM /**/
| #define HAVE_BOOST_PROGRAM_OPTIONS /**/
| #define HAVE_BOOST_THREAD /**/
| #define HAVE_BOOST_RANDOM /**/
| #define HAVE_BOOST_CHRONO /**/
| #define HAVE_BOOST_UNIT_TEST_FRAMEWORK /**/
| #define HAVE_WORKING_BOOST_SLEEP_FOR 1
| #define ENABLE_ZMQ 1
| #define HAVE_DECL_EVP_MD_CTX_NEW 1
| /* end confdefs.h.  */
| #include <stdio.h>
| #ifdef HAVE_SYS_TYPES_H
| # include <sys/types.h>
| #endif
| #ifdef HAVE_SYS_STAT_H
| # include <sys/stat.h>
| #endif
| #ifdef STDC_HEADERS
| # include <stdlib.h>
| # include <stddef.h>
| #else
| # ifdef HAVE_STDLIB_H
| #  include <stdlib.h>
| # endif
| #endif
| #ifdef HAVE_STRING_H
| # if !defined STDC_HEADERS && defined HAVE_MEMORY_H
| #  include <memory.h>
| # endif
| # include <string.h>
| #endif
| #ifdef HAVE_STRINGS_H
| # include <strings.h>
| #endif
| #ifdef HAVE_INTTYPES_H
| # include <inttypes.h>
| #endif
| #ifdef HAVE_STDINT_H
| # include <stdint.h>
| #endif
| #ifdef HAVE_UNISTD_H
| # include <unistd.h>
| #endif
| #include <rapidcheck.h>
configure:32534: result: no
configure:32534: checking rapidcheck.h presence
configure:32534: g++ -std=c++11 -E  -DBITSTASH_BUILD -DHAVE_BUILD_INFO -D__STDC_FORMAT_MACROS conftest.cpp
conftest.cpp:88:10: fatal error: rapidcheck.h: No such file or directory
 #include <rapidcheck.h>
          ^~~~~~~~~~~~~~
compilation terminated.
configure:32534: $? = 1
configure: failed program was:
| /* confdefs.h */
| #define PACKAGE_NAME "BitStash Core"
| #define PACKAGE_TARNAME "bitstash"
| #define PACKAGE_VERSION "0.19.1"
| #define PACKAGE_STRING "BitStash Core 0.19.1"
| #define PACKAGE_BUGREPORT "https://github.com/bitstashco/BitStash-Core/issues"
| #define PACKAGE_URL "https://bitstash.co//"
| #define HAVE_CXX11 1
| #define STDC_HEADERS 1
| #define HAVE_SYS_TYPES_H 1
| #define HAVE_SYS_STAT_H 1
| #define HAVE_STDLIB_H 1
| #define HAVE_STRING_H 1
| #define HAVE_MEMORY_H 1
| #define HAVE_STRINGS_H 1
| #define HAVE_INTTYPES_H 1
| #define HAVE_STDINT_H 1
| #define HAVE_UNISTD_H 1
| #define HAVE_DLFCN_H 1
| #define LT_OBJDIR ".libs/"
| #define USE_ASM 1
| #define ENABLE_SSE41 1
| #define ENABLE_AVX2 1
| #define ENABLE_SHANI 1
| #define HAVE_PTHREAD_PRIO_INHERIT 1
| #define HAVE_PTHREAD 1
| #define HAVE_DECL_STRERROR_R 1
| #define HAVE_STRERROR_R 1
| #define STRERROR_R_CHAR_P 1
| #define HAVE_FUNC_ATTRIBUTE_VISIBILITY 1
| #define HAVE_ENDIAN_H 1
| #define HAVE_BYTESWAP_H 1
| #define HAVE_STDIO_H 1
| #define HAVE_STDLIB_H 1
| #define HAVE_UNISTD_H 1
| #define HAVE_STRINGS_H 1
| #define HAVE_SYS_TYPES_H 1
| #define HAVE_SYS_STAT_H 1
| #define HAVE_SYS_SELECT_H 1
| #define HAVE_SYS_PRCTL_H 1
| #define HAVE_DECL_GETIFADDRS 1
| #define HAVE_DECL_FREEIFADDRS 1
| #define HAVE_DECL_STRNLEN 1
| #define HAVE_DECL_DAEMON 1
| #define HAVE_DECL_LE16TOH 1
| #define HAVE_DECL_LE32TOH 1
| #define HAVE_DECL_LE64TOH 1
| #define HAVE_DECL_HTOLE16 1
| #define HAVE_DECL_HTOLE32 1
| #define HAVE_DECL_HTOLE64 1
| #define HAVE_DECL_BE16TOH 1
| #define HAVE_DECL_BE32TOH 1
| #define HAVE_DECL_BE64TOH 1
| #define HAVE_DECL_HTOBE16 1
| #define HAVE_DECL_HTOBE32 1
| #define HAVE_DECL_HTOBE64 1
| #define HAVE_DECL_BSWAP_16 1
| #define HAVE_DECL_BSWAP_32 1
| #define HAVE_DECL_BSWAP_64 1
| #define HAVE_DECL___BUILTIN_CLZ 1
| #define HAVE_DECL___BUILTIN_CLZL 1
| #define HAVE_DECL___BUILTIN_CLZLL 1
| #define HAVE_MALLOC_INFO 1
| #define HAVE_MALLOPT_ARENA_MAX 1
| #define HAVE_VISIBILITY_ATTRIBUTE 1
| #define HAVE_THREAD_LOCAL 1
| #define HAVE_SYS_GETRANDOM 1
| #define HAVE_GETENTROPY 1
| #define HAVE_GETENTROPY_RAND 1
| #define HAVE_STD__SYSTEM 1
| #define HAVE_SYSTEM HAVE_STD__SYSTEM || HAVE_WSYSTEM
| #define HAVE_MINIUPNPC_MINIWGET_H 1
| #define HAVE_MINIUPNPC_MINIUPNPC_H 1
| #define HAVE_MINIUPNPC_UPNPCOMMANDS_H 1
| #define HAVE_MINIUPNPC_UPNPERRORS_H 1
| #define HAVE_BOOST /**/
| #define HAVE_BOOST_SYSTEM /**/
| #define HAVE_BOOST_FILESYSTEM /**/
| #define HAVE_BOOST_PROGRAM_OPTIONS /**/
| #define HAVE_BOOST_THREAD /**/
| #define HAVE_BOOST_RANDOM /**/
| #define HAVE_BOOST_CHRONO /**/
| #define HAVE_BOOST_UNIT_TEST_FRAMEWORK /**/
| #define HAVE_WORKING_BOOST_SLEEP_FOR 1
| #define ENABLE_ZMQ 1
| #define HAVE_DECL_EVP_MD_CTX_NEW 1
| /* end confdefs.h.  */
| #include <rapidcheck.h>
configure:32534: result: no
configure:32534: checking for rapidcheck.h
configure:32534: result: no
configure:32850: checking whether to build bitcoind
configure:32860: result: yes
configure:32863: checking whether to build bitcoin-cli
configure:32873: result: yes
configure:32876: checking whether to build bitcoin-tx
configure:32886: result: yes
configure:32889: checking whether to build bitcoin-wallet
configure:32899: result: yes
configure:32902: checking whether to build libraries
configure:32919: result: yes
configure:32930: checking if ccache should be used
configure:32943: result: no
configure:32984: checking if wallet should be enabled
configure:32987: result: yes
configure:33000: checking whether to build with support for UPnP
configure:33011: result: yes
configure:33013: checking whether to build with UPnP enabled by default
configure:33021: result: no
configure:33039: checking whether to build GUI with support for D-Bus
configure:33046: result: yes
configure:33049: checking whether to build GUI with support for QR codes
configure:33059: result: yes
configure:33076: checking whether to build test_bitcoin-qt
configure:33079: result: yes
configure:33087: checking whether to build BIP70 support
configure:33105: result: no
configure:33120: checking whether to build test_bitcoin
configure:33123: result: yes
configure:33132: checking whether to reduce exports
configure:33138: result: no
configure:33546: checking that generated files are newer than configure
configure:33552: result: done
configure:33716: creating ./config.status
configure:36321: result: Fixing libtool for -rpath problems.

## ---------------- ##
## Cache variables. ##
## ---------------- ##

ac_cv_build=x86_64-pc-linux-gnu
ac_cv_c_bigendian=no
ac_cv_c_compiler_gnu=yes
ac_cv_cxx_compiler_gnu=yes
ac_cv_env_ARFLAGS_set=
ac_cv_env_ARFLAGS_value=
ac_cv_env_BDB_CFLAGS_set=
ac_cv_env_BDB_CFLAGS_value=
ac_cv_env_BDB_LIBS_set=
ac_cv_env_BDB_LIBS_value=
ac_cv_env_CCC_set=
ac_cv_env_CCC_value=
ac_cv_env_CC_set=
ac_cv_env_CC_value=
ac_cv_env_CFLAGS_set=
ac_cv_env_CFLAGS_value=
ac_cv_env_CPPFLAGS_set=
ac_cv_env_CPPFLAGS_value=
ac_cv_env_CPP_set=
ac_cv_env_CPP_value=
ac_cv_env_CRYPTO_CFLAGS_set=
ac_cv_env_CRYPTO_CFLAGS_value=
ac_cv_env_CRYPTO_LIBS_set=
ac_cv_env_CRYPTO_LIBS_value=
ac_cv_env_CXXCPP_set=
ac_cv_env_CXXCPP_value=
ac_cv_env_CXXFLAGS_set=
ac_cv_env_CXXFLAGS_value=
ac_cv_env_CXX_set=
ac_cv_env_CXX_value=
ac_cv_env_EVENT_CFLAGS_set=
ac_cv_env_EVENT_CFLAGS_value=
ac_cv_env_EVENT_LIBS_set=
ac_cv_env_EVENT_LIBS_value=
ac_cv_env_EVENT_PTHREADS_CFLAGS_set=
ac_cv_env_EVENT_PTHREADS_CFLAGS_value=
ac_cv_env_EVENT_PTHREADS_LIBS_set=
ac_cv_env_EVENT_PTHREADS_LIBS_value=
ac_cv_env_LDFLAGS_set=
ac_cv_env_LDFLAGS_value=
ac_cv_env_LIBS_set=
ac_cv_env_LIBS_value=
ac_cv_env_LT_SYS_LIBRARY_PATH_set=
ac_cv_env_LT_SYS_LIBRARY_PATH_value=
ac_cv_env_OBJCXXFLAGS_set=
ac_cv_env_OBJCXXFLAGS_value=
ac_cv_env_OBJCXX_set=
ac_cv_env_OBJCXX_value=
ac_cv_env_PKG_CONFIG_LIBDIR_set=
ac_cv_env_PKG_CONFIG_LIBDIR_value=
ac_cv_env_PKG_CONFIG_PATH_set=
ac_cv_env_PKG_CONFIG_PATH_value=
ac_cv_env_PKG_CONFIG_set=
ac_cv_env_PKG_CONFIG_value=
ac_cv_env_PROTOBUF_CFLAGS_set=
ac_cv_env_PROTOBUF_CFLAGS_value=
ac_cv_env_PROTOBUF_LIBS_set=
ac_cv_env_PROTOBUF_LIBS_value=
ac_cv_env_PYTHONPATH_set=set
ac_cv_env_PYTHONPATH_value=
ac_cv_env_QR_CFLAGS_set=
ac_cv_env_QR_CFLAGS_value=
ac_cv_env_QR_LIBS_set=
ac_cv_env_QR_LIBS_value=
ac_cv_env_QT5_CFLAGS_set=
ac_cv_env_QT5_CFLAGS_value=
ac_cv_env_QT5_LIBS_set=
ac_cv_env_QT5_LIBS_value=
ac_cv_env_QTACCESSIBILITY_CFLAGS_set=
ac_cv_env_QTACCESSIBILITY_CFLAGS_value=
ac_cv_env_QTACCESSIBILITY_LIBS_set=
ac_cv_env_QTACCESSIBILITY_LIBS_value=
ac_cv_env_QTCGL_CFLAGS_set=
ac_cv_env_QTCGL_CFLAGS_value=
ac_cv_env_QTCGL_LIBS_set=
ac_cv_env_QTCGL_LIBS_value=
ac_cv_env_QTCLIPBOARD_CFLAGS_set=
ac_cv_env_QTCLIPBOARD_CFLAGS_value=
ac_cv_env_QTCLIPBOARD_LIBS_set=
ac_cv_env_QTCLIPBOARD_LIBS_value=
ac_cv_env_QTDEVICEDISCOVERY_CFLAGS_set=
ac_cv_env_QTDEVICEDISCOVERY_CFLAGS_value=
ac_cv_env_QTDEVICEDISCOVERY_LIBS_set=
ac_cv_env_QTDEVICEDISCOVERY_LIBS_value=
ac_cv_env_QTEVENTDISPATCHER_CFLAGS_set=
ac_cv_env_QTEVENTDISPATCHER_CFLAGS_value=
ac_cv_env_QTEVENTDISPATCHER_LIBS_set=
ac_cv_env_QTEVENTDISPATCHER_LIBS_value=
ac_cv_env_QTFB_CFLAGS_set=
ac_cv_env_QTFB_CFLAGS_value=
ac_cv_env_QTFB_LIBS_set=
ac_cv_env_QTFB_LIBS_value=
ac_cv_env_QTFONTDATABASE_CFLAGS_set=
ac_cv_env_QTFONTDATABASE_CFLAGS_value=
ac_cv_env_QTFONTDATABASE_LIBS_set=
ac_cv_env_QTFONTDATABASE_LIBS_value=
ac_cv_env_QTGRAPHICS_CFLAGS_set=
ac_cv_env_QTGRAPHICS_CFLAGS_value=
ac_cv_env_QTGRAPHICS_LIBS_set=
ac_cv_env_QTGRAPHICS_LIBS_value=
ac_cv_env_QTPLATFORM_CFLAGS_set=
ac_cv_env_QTPLATFORM_CFLAGS_value=
ac_cv_env_QTPLATFORM_LIBS_set=
ac_cv_env_QTPLATFORM_LIBS_value=
ac_cv_env_QTTHEME_CFLAGS_set=
ac_cv_env_QTTHEME_CFLAGS_value=
ac_cv_env_QTTHEME_LIBS_set=
ac_cv_env_QTTHEME_LIBS_value=
ac_cv_env_QTXCBQPA_CFLAGS_set=
ac_cv_env_QTXCBQPA_CFLAGS_value=
ac_cv_env_QTXCBQPA_LIBS_set=
ac_cv_env_QTXCBQPA_LIBS_value=
ac_cv_env_QT_DBUS_CFLAGS_set=
ac_cv_env_QT_DBUS_CFLAGS_value=
ac_cv_env_QT_DBUS_LIBS_set=
ac_cv_env_QT_DBUS_LIBS_value=
ac_cv_env_QT_TEST_CFLAGS_set=
ac_cv_env_QT_TEST_CFLAGS_value=
ac_cv_env_QT_TEST_LIBS_set=
ac_cv_env_QT_TEST_LIBS_value=
ac_cv_env_SSL_CFLAGS_set=
ac_cv_env_SSL_CFLAGS_value=
ac_cv_env_SSL_LIBS_set=
ac_cv_env_SSL_LIBS_value=
ac_cv_env_UNIVALUE_CFLAGS_set=
ac_cv_env_UNIVALUE_CFLAGS_value=
ac_cv_env_UNIVALUE_LIBS_set=
ac_cv_env_UNIVALUE_LIBS_value=
ac_cv_env_ZMQ_CFLAGS_set=
ac_cv_env_ZMQ_CFLAGS_value=
ac_cv_env_ZMQ_LIBS_set=
ac_cv_env_ZMQ_LIBS_value=
ac_cv_env_build_alias_set=
ac_cv_env_build_alias_value=
ac_cv_env_host_alias_set=
ac_cv_env_host_alias_value=
ac_cv_env_target_alias_set=
ac_cv_env_target_alias_value=
ac_cv_func_strerror_r=yes
ac_cv_func_strerror_r_char_p=yes
ac_cv_have_decl_EVP_MD_CTX_new=yes
ac_cv_have_decl___builtin_clz=yes
ac_cv_have_decl___builtin_clzl=yes
ac_cv_have_decl___builtin_clzll=yes
ac_cv_have_decl_be16toh=yes
ac_cv_have_decl_be32toh=yes
ac_cv_have_decl_be64toh=yes
ac_cv_have_decl_bswap_16=yes
ac_cv_have_decl_bswap_32=yes
ac_cv_have_decl_bswap_64=yes
ac_cv_have_decl_daemon=yes
ac_cv_have_decl_freeifaddrs=yes
ac_cv_have_decl_getifaddrs=yes
ac_cv_have_decl_htobe16=yes
ac_cv_have_decl_htobe32=yes
ac_cv_have_decl_htobe64=yes
ac_cv_have_decl_htole16=yes
ac_cv_have_decl_htole32=yes
ac_cv_have_decl_htole64=yes
ac_cv_have_decl_le16toh=yes
ac_cv_have_decl_le32toh=yes
ac_cv_have_decl_le64toh=yes
ac_cv_have_decl_strerror_r=yes
ac_cv_have_decl_strnlen=yes
ac_cv_header_byteswap_h=yes
ac_cv_header_dlfcn_h=yes
ac_cv_header_endian_h=yes
ac_cv_header_gmp_h=yes
ac_cv_header_gmpxx_h=yes
ac_cv_header_inttypes_h=yes
ac_cv_header_memory_h=yes
ac_cv_header_miniupnpc_miniupnpc_h=yes
ac_cv_header_miniupnpc_miniwget_h=yes
ac_cv_header_miniupnpc_upnpcommands_h=yes
ac_cv_header_miniupnpc_upnperrors_h=yes
ac_cv_header_rapidcheck_h=no
ac_cv_header_stdc=yes
ac_cv_header_stdint_h=yes
ac_cv_header_stdio_h=yes
ac_cv_header_stdlib_h=yes
ac_cv_header_string_h=yes
ac_cv_header_strings_h=yes
ac_cv_header_sys_endian_h=no
ac_cv_header_sys_prctl_h=yes
ac_cv_header_sys_select_h=yes
ac_cv_header_sys_stat_h=yes
ac_cv_header_sys_types_h=yes
ac_cv_header_unistd_h=yes
ac_cv_host=x86_64-pc-linux-gnu
ac_cv_lib_boost_chrono___exit=yes
ac_cv_lib_boost_filesystem___exit=yes
ac_cv_lib_boost_program_options___exit=yes
ac_cv_lib_boost_random___exit=yes
ac_cv_lib_boost_system___exit=yes
ac_cv_lib_boost_thread___exit=yes
ac_cv_lib_db_cxx_4_8___main=yes
ac_cv_lib_gmp___gmpn_sub_n=yes
ac_cv_lib_gmpxx_main=yes
ac_cv_lib_miniupnpc_upnpDiscover=yes
ac_cv_objcxx_compiler_gnu=no
ac_cv_objext=o
ac_cv_path_DOXYGEN=/usr/bin/doxygen
ac_cv_path_EGREP='/bin/grep -E'
ac_cv_path_FGREP='/bin/grep -F'
ac_cv_path_GIT=/usr/bin/git
ac_cv_path_GREP=/bin/grep
ac_cv_path_HEXDUMP=/usr/bin/hexdump
ac_cv_path_LRELEASE=/usr/lib/qt5/bin/lrelease
ac_cv_path_LUPDATE=/usr/lib/qt5/bin/lupdate
ac_cv_path_MOC=/usr/lib/qt5/bin/moc
ac_cv_path_PYTHON=/usr/bin/python3.6
ac_cv_path_RCC=/usr/lib/qt5/bin/rcc
ac_cv_path_SED=/bin/sed
ac_cv_path_UIC=/usr/lib/qt5/bin/uic
ac_cv_path_XGETTEXT=/usr/bin/xgettext
ac_cv_path_ac_pt_AR=/usr/bin/ar
ac_cv_path_ac_pt_CPPFILT=/usr/bin/c++filt
ac_cv_path_ac_pt_GCOV=/usr/bin/gcov
ac_cv_path_ac_pt_OBJCOPY=/usr/bin/objcopy
ac_cv_path_ac_pt_PKG_CONFIG=/usr/bin/pkg-config
ac_cv_path_ac_pt_RANLIB=/usr/bin/ranlib
ac_cv_path_ac_pt_READELF=/usr/bin/readelf
ac_cv_path_ac_pt_STRIP=/usr/bin/strip
ac_cv_path_install='/usr/bin/install -c'
ac_cv_path_lt_DD=/bin/dd
ac_cv_path_mkdir=/bin/mkdir
ac_cv_prog_AWK=mawk
ac_cv_prog_CPP='gcc -E'
ac_cv_prog_CXXCPP='g++ -std=c++11 -E'
ac_cv_prog_ac_ct_AR=ar
ac_cv_prog_ac_ct_CC=gcc
ac_cv_prog_ac_ct_CXX=g++
ac_cv_prog_ac_ct_MANIFEST_TOOL=mt
ac_cv_prog_ac_ct_OBJDUMP=objdump
ac_cv_prog_ac_ct_RANLIB=ranlib
ac_cv_prog_ac_ct_STRIP=strip
ac_cv_prog_cc_c89=
ac_cv_prog_cc_g=yes
ac_cv_prog_cxx_g=yes
ac_cv_prog_make_make_set=yes
ac_cv_prog_objcxx_g=no
ac_cv_search_clock_gettime='none required'
ac_cv_sys_file_offset_bits=no
ac_cv_sys_largefile_CC=no
am_cv_CC_dependencies_compiler_type=gcc3
am_cv_CXX_dependencies_compiler_type=gcc3
am_cv_OBJCXX_dependencies_compiler_type=gcc3
am_cv_make_support_nested_variables=yes
am_cv_prog_cc_c_o=yes
ax_cv_PTHREAD_CLANG=no
ax_cv_PTHREAD_JOINABLE_ATTR=PTHREAD_CREATE_JOINABLE
ax_cv_PTHREAD_PRIO_INHERIT=yes
ax_cv_PTHREAD_SPECIAL_FLAGS=no
ax_cv_boost_chrono=yes
ax_cv_boost_filesystem=yes
ax_cv_boost_program_options=yes
ax_cv_boost_random=yes
ax_cv_boost_system=yes
ax_cv_boost_thread=yes
ax_cv_boost_unit_test_framework=yes
ax_cv_check_cxxcppflags___D_FORTIFY_SOURCE_2=yes
ax_cv_check_cxxcppflags___U_FORTIFY_SOURCE=yes
ax_cv_check_cxxflags__Wall=yes
ax_cv_check_cxxflags__Wdeprecated_register=no
ax_cv_check_cxxflags__Wextra=yes
ax_cv_check_cxxflags__Wformat=yes
ax_cv_check_cxxflags__Wformat_security=yes
ax_cv_check_cxxflags__Wimplicit_fallthrough=yes
ax_cv_check_cxxflags__Wno_unknown_pragmas=yes
ax_cv_check_cxxflags__Wrange_loop_analysis=no
ax_cv_check_cxxflags__Wredundant_decls=yes
ax_cv_check_cxxflags__Wself_assign=no
ax_cv_check_cxxflags__Wswitch=yes
ax_cv_check_cxxflags__Wthread_safety_analysis=no
ax_cv_check_cxxflags__Wunused_local_typedef=no
ax_cv_check_cxxflags__Wunused_parameter=yes
ax_cv_check_cxxflags__Wvla=yes
ax_cv_check_cxxflags___Werror=yes
ax_cv_check_cxxflags___Wstack_protector=yes
ax_cv_check_cxxflags___fPIC=yes
ax_cv_check_cxxflags___fstack_protector_all=yes
ax_cv_check_cxxflags___fstack_reuse_none=yes
ax_cv_check_cxxflags__mavx__mavx2=yes
ax_cv_check_cxxflags__msse4_1=yes
ax_cv_check_cxxflags__msse4_2=yes
ax_cv_check_cxxflags__msse4__msha=yes
ax_cv_check_ldflags___Wl___dynamicbase=no
ax_cv_check_ldflags___Wl___high_entropy_va=no
ax_cv_check_ldflags___Wl___large_address_aware=no
ax_cv_check_ldflags___Wl___nxcompat=no
ax_cv_check_ldflags___Wl__z_now=yes
ax_cv_check_ldflags___Wl__z_relro=yes
ax_cv_check_ldflags__fPIE__pie=yes
ax_cv_cxx_compile_cxx11__std_cpp11=yes
ax_cv_have_func_attribute_dllexport=no
ax_cv_have_func_attribute_dllimport=no
ax_cv_have_func_attribute_visibility=yes
bitcoin_cv_static_qt=no
lt_cv_ar_at_file=@
lt_cv_deplibs_check_method=pass_all
lt_cv_file_magic_cmd='$MAGIC_CMD'
lt_cv_file_magic_test_file=
lt_cv_ld_reload_flag=-r
lt_cv_nm_interface='BSD nm'
lt_cv_objdir=.libs
lt_cv_path_LD=/usr/bin/ld
lt_cv_path_LDCXX='/usr/bin/ld -m elf_x86_64'
lt_cv_path_NM='/usr/bin/nm -B'
lt_cv_path_mainfest_tool=no
lt_cv_prog_compiler_c_o=yes
lt_cv_prog_compiler_c_o_CXX=yes
lt_cv_prog_compiler_pic='-fPIC -DPIC'
lt_cv_prog_compiler_pic_CXX='-fPIC -DPIC'
lt_cv_prog_compiler_pic_works=yes
lt_cv_prog_compiler_pic_works_CXX=yes
lt_cv_prog_compiler_rtti_exceptions=no
lt_cv_prog_compiler_static_works=yes
lt_cv_prog_compiler_static_works_CXX=yes
lt_cv_prog_gnu_ld=yes
lt_cv_prog_gnu_ldcxx=yes
lt_cv_sharedlib_from_linklib_cmd='printf %s\n'
lt_cv_shlibpath_overrides_runpath=yes
lt_cv_sys_global_symbol_pipe='sed -n -e '\''s/^.*[	 ]\([ABCDGIRSTW][ABCDGIRSTW]*\)[	 ][	 ]*\([_A-Za-z][_A-Za-z0-9]*\)$/\1 \2 \2/p'\'' | sed '\''/ __gnu_lto/d'\'''
lt_cv_sys_global_symbol_to_c_name_address='sed -n -e '\''s/^: \(.*\) .*$/  {"\1", (void *) 0},/p'\'' -e '\''s/^[ABCDGIRSTW][ABCDGIRSTW]* .* \(.*\)$/  {"\1", (void *) \&\1},/p'\'''
lt_cv_sys_global_symbol_to_c_name_address_lib_prefix='sed -n -e '\''s/^: \(.*\) .*$/  {"\1", (void *) 0},/p'\'' -e '\''s/^[ABCDGIRSTW][ABCDGIRSTW]* .* \(lib.*\)$/  {"\1", (void *) \&\1},/p'\'' -e '\''s/^[ABCDGIRSTW][ABCDGIRSTW]* .* \(.*\)$/  {"lib\1", (void *) \&\1},/p'\'''
lt_cv_sys_global_symbol_to_cdecl='sed -n -e '\''s/^T .* \(.*\)$/extern int \1();/p'\'' -e '\''s/^[ABCDGIRSTW][ABCDGIRSTW]* .* \(.*\)$/extern char \1;/p'\'''
lt_cv_sys_global_symbol_to_import=
lt_cv_sys_max_cmd_len=1572864
lt_cv_to_host_file_cmd=func_convert_file_noop
lt_cv_to_tool_file_cmd=func_convert_file_noop
lt_cv_truncate_bin='/bin/dd bs=4096 count=1'
pkg_cv_CRYPTO_CFLAGS=
pkg_cv_CRYPTO_LIBS=-lcrypto
pkg_cv_EVENT_CFLAGS=
pkg_cv_EVENT_LIBS=-levent
pkg_cv_EVENT_PTHREADS_CFLAGS=-pthread
pkg_cv_EVENT_PTHREADS_LIBS='-levent_pthreads -levent'
pkg_cv_QR_CFLAGS=
pkg_cv_QR_LIBS=-lqrencode
pkg_cv_QT5_CFLAGS='-I/usr/include/x86_64-linux-gnu/qt5/QtNetwork -I/usr/include/x86_64-linux-gnu/qt5 -I/usr/include/x86_64-linux-gnu/qt5/QtWidgets -I/usr/include/x86_64-linux-gnu/qt5 -I/usr/include/x86_64-linux-gnu/qt5/QtGui -I/usr/include/x86_64-linux-gnu/qt5 -I/usr/include/x86_64-linux-gnu/qt5/QtCore -I/usr/include/x86_64-linux-gnu/qt5'
pkg_cv_QT5_LIBS='-lQt5Network -lQt5Widgets -lQt5Gui -lQt5Core'
pkg_cv_QT_DBUS_CFLAGS='-I/usr/include/x86_64-linux-gnu/qt5/QtDBus -I/usr/include/x86_64-linux-gnu/qt5 -I/usr/include/x86_64-linux-gnu/qt5/QtCore -I/usr/include/x86_64-linux-gnu/qt5'
pkg_cv_QT_DBUS_LIBS='-lQt5DBus -lQt5Core'
pkg_cv_QT_TEST_CFLAGS='-I/usr/include/x86_64-linux-gnu/qt5/QtTest -I/usr/include/x86_64-linux-gnu/qt5 -I/usr/include/x86_64-linux-gnu/qt5/QtCore -I/usr/include/x86_64-linux-gnu/qt5'
pkg_cv_QT_TEST_LIBS='-lQt5Test -lQt5Core'
pkg_cv_SSL_CFLAGS=
pkg_cv_SSL_LIBS=-lssl
pkg_cv_ZMQ_CFLAGS=
pkg_cv_ZMQ_LIBS=-lzmq

## ----------------- ##
## Output variables. ##
## ----------------- ##

ACLOCAL='${SHELL} /home/cyperts/Downloads/bitstash/build-aux/missing aclocal-1.15'
AMDEPBACKSLASH='\'
AMDEP_FALSE='#'
AMDEP_TRUE=''
AMTAR='$${TAR-tar}'
AM_BACKSLASH='\'
AM_DEFAULT_V='$(AM_DEFAULT_VERBOSITY)'
AM_DEFAULT_VERBOSITY='0'
AM_V='$(V)'
AR='/usr/bin/ar'
ARFLAGS='cr'
AUTOCONF='${SHELL} /home/cyperts/Downloads/bitstash/build-aux/missing autoconf'
AUTOHEADER='${SHELL} /home/cyperts/Downloads/bitstash/build-aux/missing autoheader'
AUTOMAKE='${SHELL} /home/cyperts/Downloads/bitstash/build-aux/missing automake-1.15'
AVX2_CXXFLAGS='-mavx -mavx2'
AWK='mawk'
BDB_CFLAGS=''
BDB_CPPFLAGS=''
BDB_LIBS='-ldb_cxx-4.8'
BITCOIN_CLI_NAME='bitstash-cli'
BITCOIN_DAEMON_NAME='bitstashd'
BITCOIN_GUI_NAME='bitstash-qt'
BITCOIN_TX_NAME='bitstash-tx'
BITCOIN_WALLET_TOOL_NAME='bitstash-wallet'
BOOST_CHRONO_LIB='-lboost_chrono'
BOOST_CPPFLAGS='-DBOOST_SP_USE_STD_ATOMIC -DBOOST_AC_USE_STD_ATOMIC -pthread -I/usr/include'
BOOST_FILESYSTEM_LIB='-lboost_filesystem'
BOOST_LDFLAGS='-L/usr/lib/x86_64-linux-gnu'
BOOST_LIBS='-L/usr/lib/x86_64-linux-gnu -lboost_system -lboost_filesystem -lboost_program_options -lboost_thread -lpthread -lboost_chrono -lboost_random'
BOOST_PROGRAM_OPTIONS_LIB='-lboost_program_options'
BOOST_RANDOM_LIB='-lboost_random'
BOOST_SYSTEM_LIB='-lboost_system'
BOOST_THREAD_LIB='-lboost_thread -lpthread'
BOOST_UNIT_TEST_FRAMEWORK_LIB='-lboost_unit_test_framework'
BREW=''
BUILD_BITCOIND_FALSE='#'
BUILD_BITCOIND_TRUE=''
BUILD_BITCOIN_CLI_FALSE='#'
BUILD_BITCOIN_CLI_TRUE=''
BUILD_BITCOIN_LIBS_FALSE='#'
BUILD_BITCOIN_LIBS_TRUE=''
BUILD_BITCOIN_TX_FALSE='#'
BUILD_BITCOIN_TX_TRUE=''
BUILD_BITCOIN_WALLET_FALSE='#'
BUILD_BITCOIN_WALLET_TRUE=''
BUILD_DARWIN_FALSE=''
BUILD_DARWIN_TRUE='#'
CC='gcc'
CCACHE=''
CCDEPMODE='depmode=gcc3'
CFLAGS='-g -O2'
CLIENT_VERSION_BUILD='0'
CLIENT_VERSION_IS_RELEASE='true'
CLIENT_VERSION_MAJOR='0'
CLIENT_VERSION_MINOR='19'
CLIENT_VERSION_REVISION='1'
COMPAT_LDFLAGS=''
COPYRIGHT_HOLDERS='The %s Developers'
COPYRIGHT_HOLDERS_FINAL='The BitStash Core Developers'
COPYRIGHT_HOLDERS_SUBSTITUTION='BitStash Core'
COPYRIGHT_YEAR='2020'
CPP='gcc -E'
CPPFILT='/usr/bin/c++filt'
CPPFLAGS=' -DBITSTASH_BUILD -DHAVE_BUILD_INFO -D__STDC_FORMAT_MACROS'
CRYPTOPP_CPPFLAGS=''
CRYPTOPP_TARGET_FLAGS=''
CRYPTO_CFLAGS=''
CRYPTO_LIBS='-lcrypto'
CXX='g++ -std=c++11'
CXXCPP='g++ -std=c++11 -E'
CXXDEPMODE='depmode=gcc3'
CXXFLAGS='-g -O2'
CYGPATH_W='echo'
DEBUG_CPPFLAGS=''
DEBUG_CXXFLAGS=''
DEFS='-DHAVE_CONFIG_H'
DEPDIR='.deps'
DLLTOOL='false'
DOXYGEN='/usr/bin/doxygen'
DSYMUTIL=''
DUMPBIN=''
ECHO_C=''
ECHO_N='-n'
ECHO_T=''
EGREP='/bin/grep -E'
EMBEDDED_CRYPTOPP_FALSE='#'
EMBEDDED_CRYPTOPP_TRUE=''
EMBEDDED_LEVELDB_FALSE='#'
EMBEDDED_LEVELDB_TRUE=''
EMBEDDED_LIBFF_FALSE='#'
EMBEDDED_LIBFF_TRUE=''
EMBEDDED_UNIVALUE_FALSE='#'
EMBEDDED_UNIVALUE_TRUE=''
ENABLE_AVX2_FALSE='#'
ENABLE_AVX2_TRUE=''
ENABLE_BENCH_FALSE='#'
ENABLE_BENCH_TRUE=''
ENABLE_BIP70_FALSE=''
ENABLE_BIP70_TRUE='#'
ENABLE_FUZZ_FALSE=''
ENABLE_FUZZ_TRUE='#'
ENABLE_HWCRC32_FALSE='#'
ENABLE_HWCRC32_TRUE=''
ENABLE_MAN_FALSE='#'
ENABLE_MAN_TRUE=''
ENABLE_PROPERTY_TESTS_FALSE=''
ENABLE_PROPERTY_TESTS_TRUE='#'
ENABLE_QT_FALSE='#'
ENABLE_QT_TESTS_FALSE='#'
ENABLE_QT_TESTS_TRUE=''
ENABLE_QT_TRUE=''
ENABLE_SHANI_FALSE='#'
ENABLE_SHANI_TRUE=''
ENABLE_SSE41_FALSE='#'
ENABLE_SSE41_TRUE=''
ENABLE_TESTS_FALSE='#'
ENABLE_TESTS_TRUE=''
ENABLE_WALLET_FALSE='#'
ENABLE_WALLET_TRUE=''
ENABLE_ZMQ_FALSE='#'
ENABLE_ZMQ_TRUE=''
ERROR_CXXFLAGS=''
EVENT_CFLAGS=''
EVENT_LIBS='-levent'
EVENT_PTHREADS_CFLAGS='-pthread'
EVENT_PTHREADS_LIBS='-levent_pthreads -levent'
EXEEXT=''
EXTENDED_FUNCTIONAL_TESTS=''
FGREP='/bin/grep -F'
GCOV='/usr/bin/gcov'
GENHTML=''
GENISOIMAGE=''
GIT='/usr/bin/git'
GLIBC_BACK_COMPAT_FALSE=''
GLIBC_BACK_COMPAT_TRUE='#'
GMPXX_LIBS='-lgmpxx'
GMP_LIBS='-lgmp'
GPROF_CXXFLAGS=''
GPROF_LDFLAGS=''
GREP='/bin/grep'
HARDENED_CPPFLAGS=' -U_FORTIFY_SOURCE -D_FORTIFY_SOURCE=2'
HARDENED_CXXFLAGS=' -fstack-reuse=none -Wstack-protector -fstack-protector-all'
HARDENED_LDFLAGS=' -Wl,-z,relro -Wl,-z,now -pie'
HARDEN_FALSE='#'
HARDEN_TRUE=''
HAVE_CXX11='1'
HAVE_DOXYGEN_FALSE='#'
HAVE_DOXYGEN_TRUE=''
HEXDUMP='/usr/bin/hexdump'
IMAGEMAGICK_CONVERT=''
INSTALLNAMETOOL=''
INSTALL_DATA='${INSTALL} -m 644'
INSTALL_PROGRAM='${INSTALL}'
INSTALL_SCRIPT='${INSTALL}'
INSTALL_STRIP_PROGRAM='$(install_sh) -c -s'
LCOV=''
LCOV_OPTS=''
LD='/usr/bin/ld -m elf_x86_64'
LDFLAGS=''
LEVELDB_CPPFLAGS=''
LEVELDB_TARGET_FLAGS='-DOS_LINUX'
LIBCRYPTOPP=''
LIBFF=''
LIBFF_CPPFLAGS=''
LIBLEVELDB=''
LIBMEMENV=''
LIBOBJS=''
LIBS=''
LIBTOOL='$(SHELL) $(top_builddir)/libtool'
LIBTOOL_APP_LDFLAGS=''
LIPO=''
LN_S='ln -s'
LRELEASE='/usr/lib/qt5/bin/lrelease'
LTLIBOBJS=''
LT_SYS_LIBRARY_PATH=''
LUPDATE='/usr/lib/qt5/bin/lupdate'
MAINT=''
MAINTAINER_MODE_FALSE='#'
MAINTAINER_MODE_TRUE=''
MAKEINFO='${SHELL} /home/cyperts/Downloads/bitstash/build-aux/missing makeinfo'
MAKENSIS=''
MANIFEST_TOOL=':'
MINIUPNPC_CPPFLAGS=''
MINIUPNPC_LIBS='-lminiupnpc'
MKDIR_P='/bin/mkdir -p'
MOC='/usr/lib/qt5/bin/moc'
MOC_DEFS='-DHAVE_CONFIG_H -I$(srcdir)'
NM='/usr/bin/nm -B'
NMEDIT=''
NOWARN_CXXFLAGS=' -Wno-unused-parameter -Wno-implicit-fallthrough -Wno-unknown-pragmas'
OBJCOPY='/usr/bin/objcopy'
OBJCXX='g++ -std=c++11'
OBJCXXDEPMODE='depmode=gcc3'
OBJCXXFLAGS=''
OBJDUMP='objdump'
OBJEXT='o'
OTOOL64=''
OTOOL=''
PACKAGE='bitstash'
PACKAGE_BUGREPORT='https://github.com/bitstashco/BitStash-Core/issues'
PACKAGE_NAME='BitStash Core'
PACKAGE_STRING='BitStash Core 0.19.1'
PACKAGE_TARNAME='bitstash'
PACKAGE_URL='https://bitstash.co//'
PACKAGE_VERSION='0.19.1'
PATH_SEPARATOR=':'
PIC_FLAGS='-fPIC'
PIE_FLAGS='-fPIE'
PKG_CONFIG='/usr/bin/pkg-config'
PKG_CONFIG_LIBDIR=''
PKG_CONFIG_PATH=''
PROTOBUF_CFLAGS=''
PROTOBUF_LIBS=''
PROTOC=''
PTHREAD_CC='gcc'
PTHREAD_CFLAGS='-pthread'
PTHREAD_LIBS=''
PYTHON='/usr/bin/python3.6'
PYTHONPATH=''
QR_CFLAGS=''
QR_LIBS='-lqrencode'
QT5_CFLAGS='-I/usr/include/x86_64-linux-gnu/qt5/QtNetwork -I/usr/include/x86_64-linux-gnu/qt5 -I/usr/include/x86_64-linux-gnu/qt5/QtWidgets -I/usr/include/x86_64-linux-gnu/qt5 -I/usr/include/x86_64-linux-gnu/qt5/QtGui -I/usr/include/x86_64-linux-gnu/qt5 -I/usr/include/x86_64-linux-gnu/qt5/QtCore -I/usr/include/x86_64-linux-gnu/qt5'
QT5_LIBS='-lQt5Network -lQt5Widgets -lQt5Gui -lQt5Core'
QTACCESSIBILITY_CFLAGS=''
QTACCESSIBILITY_LIBS=''
QTCGL_CFLAGS=''
QTCGL_LIBS=''
QTCLIPBOARD_CFLAGS=''
QTCLIPBOARD_LIBS=''
QTDEVICEDISCOVERY_CFLAGS=''
QTDEVICEDISCOVERY_LIBS=''
QTEVENTDISPATCHER_CFLAGS=''
QTEVENTDISPATCHER_LIBS=''
QTFB_CFLAGS=''
QTFB_LIBS=''
QTFONTDATABASE_CFLAGS=''
QTFONTDATABASE_LIBS=''
QTGRAPHICS_CFLAGS=''
QTGRAPHICS_LIBS=''
QTPLATFORM_CFLAGS=''
QTPLATFORM_LIBS=''
QTTHEME_CFLAGS=''
QTTHEME_LIBS=''
QTXCBQPA_CFLAGS=''
QTXCBQPA_LIBS=''
QT_DBUS_CFLAGS='-I/usr/include/x86_64-linux-gnu/qt5/QtDBus -I/usr/include/x86_64-linux-gnu/qt5 -I/usr/include/x86_64-linux-gnu/qt5/QtCore -I/usr/include/x86_64-linux-gnu/qt5'
QT_DBUS_INCLUDES='-I/usr/include/x86_64-linux-gnu/qt5/QtDBus -I/usr/include/x86_64-linux-gnu/qt5 -I/usr/include/x86_64-linux-gnu/qt5/QtCore -I/usr/include/x86_64-linux-gnu/qt5'
QT_DBUS_LIBS='-lQt5DBus -lQt5Core'
QT_INCLUDES='-I/usr/include/x86_64-linux-gnu/qt5/QtNetwork -I/usr/include/x86_64-linux-gnu/qt5 -I/usr/include/x86_64-linux-gnu/qt5/QtWidgets -I/usr/include/x86_64-linux-gnu/qt5 -I/usr/include/x86_64-linux-gnu/qt5/QtGui -I/usr/include/x86_64-linux-gnu/qt5 -I/usr/include/x86_64-linux-gnu/qt5/QtCore -I/usr/include/x86_64-linux-gnu/qt5'
QT_LDFLAGS=''
QT_LIBS='-lQt5Network -lQt5Widgets -lQt5Gui -lQt5Core'
QT_PIE_FLAGS='-fPIC'
QT_SELECT='qt5'
QT_TEST_CFLAGS='-I/usr/include/x86_64-linux-gnu/qt5/QtTest -I/usr/include/x86_64-linux-gnu/qt5 -I/usr/include/x86_64-linux-gnu/qt5/QtCore -I/usr/include/x86_64-linux-gnu/qt5'
QT_TEST_INCLUDES='-I/usr/include/x86_64-linux-gnu/qt5/QtTest -I/usr/include/x86_64-linux-gnu/qt5 -I/usr/include/x86_64-linux-gnu/qt5/QtCore -I/usr/include/x86_64-linux-gnu/qt5'
QT_TEST_LIBS='-lQt5Test -lQt5Core'
QT_TRANSLATION_DIR=''
RANLIB='/usr/bin/ranlib'
RAPIDCHECK_LIBS=''
RCC='/usr/lib/qt5/bin/rcc'
READELF='/usr/bin/readelf'
RELDFLAGS=''
RSVG_CONVERT=''
SANITIZER_CXXFLAGS=''
SANITIZER_LDFLAGS=''
SED='/bin/sed'
SET_MAKE=''
SHANI_CXXFLAGS='-msse4 -msha'
SHELL='/bin/bash'
SSE41_CXXFLAGS='-msse4.1'
SSE42_CXXFLAGS='-msse4.2'
SSL_CFLAGS=''
SSL_LIBS='-lssl'
STRIP='/usr/bin/strip'
TARGET_DARWIN_FALSE=''
TARGET_DARWIN_TRUE='#'
TARGET_WINDOWS_FALSE=''
TARGET_WINDOWS_TRUE='#'
TESTDEFS=' -DBOOST_TEST_DYN_LINK'
TIFFCP=''
UIC='/usr/lib/qt5/bin/uic'
UNIVALUE_CFLAGS='-I$(srcdir)/univalue/include'
UNIVALUE_LIBS='univalue/libunivalue.la'
USE_ASM_FALSE='#'
USE_ASM_TRUE=''
USE_BRCODE=''
USE_BRCODE_FALSE='#'
USE_BRCODE_TRUE=''
USE_LCOV_FALSE=''
USE_LCOV_TRUE='#'
USE_UPNP=''
VERSION='0.19.1'
WARN_CXXFLAGS=' -Wall -Wextra -Wformat -Wvla -Wswitch -Wformat-security -Wredundant-decls'
WINDOWS_BITS=''
WINDRES=''
XGETTEXT='/usr/bin/xgettext'
ZMQ_CFLAGS=''
ZMQ_LIBS='-lzmq'
ac_ct_AR='ar'
ac_ct_CC='gcc'
ac_ct_CXX='g++'
ac_ct_DUMPBIN=''
ac_ct_OBJCXX=''
am__EXEEXT_FALSE=''
am__EXEEXT_TRUE='#'
am__fastdepCC_FALSE='#'
am__fastdepCC_TRUE=''
am__fastdepCXX_FALSE='#'
am__fastdepCXX_TRUE=''
am__fastdepOBJCXX_FALSE='#'
am__fastdepOBJCXX_TRUE=''
am__include='include'
am__isrc=''
am__leading_dot='.'
am__nodep='_no'
am__quote=''
am__tar='$${TAR-tar} chof - "$$tardir"'
am__untar='$${TAR-tar} xf -'
ax_pthread_config=''
bindir='${exec_prefix}/bin'
build='x86_64-pc-linux-gnu'
build_alias=''
build_cpu='x86_64'
build_os='linux-gnu'
build_vendor='pc'
datadir='${datarootdir}'
datarootdir='${prefix}/share'
docdir='${datarootdir}/doc/${PACKAGE_TARNAME}'
dvidir='${docdir}'
exec_prefix='${prefix}'
host='x86_64-pc-linux-gnu'
host_alias=''
host_cpu='x86_64'
host_os='linux-gnu'
host_vendor='pc'
htmldir='${docdir}'
includedir='${prefix}/include'
infodir='${datarootdir}/info'
install_sh='${SHELL} /home/cyperts/Downloads/bitstash/build-aux/install-sh'
libdir='${exec_prefix}/lib'
libexecdir='${exec_prefix}/libexec'
localedir='${datarootdir}/locale'
localstatedir='${prefix}/var'
mandir='${datarootdir}/man'
mkdir_p='$(MKDIR_P)'
oldincludedir='/usr/include'
pdfdir='${docdir}'
prefix='/usr/local'
program_transform_name='s,x,x,'
psdir='${docdir}'
runstatedir='${localstatedir}/run'
sbindir='${exec_prefix}/sbin'
sharedstatedir='${prefix}/com'
subdirs=' src/univalue src/secp256k1'
sysconfdir='${prefix}/etc'
target_alias=''

## ----------- ##
## confdefs.h. ##
## ----------- ##

/* confdefs.h */
#define PACKAGE_NAME "BitStash Core"
#define PACKAGE_TARNAME "bitstash"
#define PACKAGE_VERSION "0.19.1"
#define PACKAGE_STRING "BitStash Core 0.19.1"
#define PACKAGE_BUGREPORT "https://github.com/bitstashco/BitStash-Core/issues"
#define PACKAGE_URL "https://bitstash.co//"
#define HAVE_CXX11 1
#define STDC_HEADERS 1
#define HAVE_SYS_TYPES_H 1
#define HAVE_SYS_STAT_H 1
#define HAVE_STDLIB_H 1
#define HAVE_STRING_H 1
#define HAVE_MEMORY_H 1
#define HAVE_STRINGS_H 1
#define HAVE_INTTYPES_H 1
#define HAVE_STDINT_H 1
#define HAVE_UNISTD_H 1
#define HAVE_DLFCN_H 1
#define LT_OBJDIR ".libs/"
#define USE_ASM 1
#define ENABLE_SSE41 1
#define ENABLE_AVX2 1
#define ENABLE_SHANI 1
#define HAVE_PTHREAD_PRIO_INHERIT 1
#define HAVE_PTHREAD 1
#define HAVE_DECL_STRERROR_R 1
#define HAVE_STRERROR_R 1
#define STRERROR_R_CHAR_P 1
#define HAVE_FUNC_ATTRIBUTE_VISIBILITY 1
#define HAVE_ENDIAN_H 1
#define HAVE_BYTESWAP_H 1
#define HAVE_STDIO_H 1
#define HAVE_STDLIB_H 1
#define HAVE_UNISTD_H 1
#define HAVE_STRINGS_H 1
#define HAVE_SYS_TYPES_H 1
#define HAVE_SYS_STAT_H 1
#define HAVE_SYS_SELECT_H 1
#define HAVE_SYS_PRCTL_H 1
#define HAVE_DECL_GETIFADDRS 1
#define HAVE_DECL_FREEIFADDRS 1
#define HAVE_DECL_STRNLEN 1
#define HAVE_DECL_DAEMON 1
#define HAVE_DECL_LE16TOH 1
#define HAVE_DECL_LE32TOH 1
#define HAVE_DECL_LE64TOH 1
#define HAVE_DECL_HTOLE16 1
#define HAVE_DECL_HTOLE32 1
#define HAVE_DECL_HTOLE64 1
#define HAVE_DECL_BE16TOH 1
#define HAVE_DECL_BE32TOH 1
#define HAVE_DECL_BE64TOH 1
#define HAVE_DECL_HTOBE16 1
#define HAVE_DECL_HTOBE32 1
#define HAVE_DECL_HTOBE64 1
#define HAVE_DECL_BSWAP_16 1
#define HAVE_DECL_BSWAP_32 1
#define HAVE_DECL_BSWAP_64 1
#define HAVE_DECL___BUILTIN_CLZ 1
#define HAVE_DECL___BUILTIN_CLZL 1
#define HAVE_DECL___BUILTIN_CLZLL 1
#define HAVE_MALLOC_INFO 1
#define HAVE_MALLOPT_ARENA_MAX 1
#define HAVE_VISIBILITY_ATTRIBUTE 1
#define HAVE_THREAD_LOCAL 1
#define HAVE_SYS_GETRANDOM 1
#define HAVE_GETENTROPY 1
#define HAVE_GETENTROPY_RAND 1
#define HAVE_STD__SYSTEM 1
#define HAVE_SYSTEM HAVE_STD__SYSTEM || HAVE_WSYSTEM
#define HAVE_MINIUPNPC_MINIWGET_H 1
#define HAVE_MINIUPNPC_MINIUPNPC_H 1
#define HAVE_MINIUPNPC_UPNPCOMMANDS_H 1
#define HAVE_MINIUPNPC_UPNPERRORS_H 1
#define HAVE_BOOST /**/
#define HAVE_BOOST_SYSTEM /**/
#define HAVE_BOOST_FILESYSTEM /**/
#define HAVE_BOOST_PROGRAM_OPTIONS /**/
#define HAVE_BOOST_THREAD /**/
#define HAVE_BOOST_RANDOM /**/
#define HAVE_BOOST_CHRONO /**/
#define HAVE_BOOST_UNIT_TEST_FRAMEWORK /**/
#define HAVE_WORKING_BOOST_SLEEP_FOR 1
#define ENABLE_ZMQ 1
#define HAVE_DECL_EVP_MD_CTX_NEW 1
#define HAVE_CONSENSUS_LIB 1
#define ENABLE_WALLET 1
#define USE_UPNP 0
#define USE_DBUS 1
#define USE_BRCODE 1
#define CLIENT_VERSION_MAJOR 0
#define CLIENT_VERSION_MINOR 19
#define CLIENT_VERSION_REVISION 1
#define CLIENT_VERSION_BUILD 0
#define CLIENT_VERSION_IS_RELEASE true
#define COPYRIGHT_YEAR 2020
#define COPYRIGHT_HOLDERS "The %s Developers"
#define COPYRIGHT_HOLDERS_SUBSTITUTION "BitStash Core"
#define COPYRIGHT_HOLDERS_FINAL "The BitStash Core Developers"

configure: exit 0

## ---------------------- ##
## Running config.status. ##
## ---------------------- ##

This file was extended by BitStash Core config.status 0.19.1, which was
generated by GNU Autoconf 2.69.  Invocation command line was

  CONFIG_FILES    = 
  CONFIG_HEADERS  = 
  CONFIG_LINKS    = 
  CONFIG_COMMANDS = 
  $ ./config.status 

on cyperts-Latitude-334020646U00WZ

config.status:1483: creating libbitcoinconsensus.pc
config.status:1483: creating Makefile
config.status:1483: creating src/Makefile
config.status:1483: creating doc/man/Makefile
config.status:1483: creating share/setup.nsi
config.status:1483: creating share/qt/Info.plist
config.status:1483: creating test/config.ini
config.status:1483: creating contrib/devtools/split-debug.sh
config.status:1483: creating doc/Doxyfile
config.status:1483: creating src/config/bitcoin-config.h
config.status:1664: src/config/bitcoin-config.h is unchanged
config.status:1743: executing depfiles commands
config.status:1743: executing libtool commands

## ---------------------- ##
## Running config.status. ##
## ---------------------- ##

This file was extended by BitStash Core config.status 0.19.1, which was
generated by GNU Autoconf 2.69.  Invocation command line was

  CONFIG_FILES    = 
  CONFIG_HEADERS  = 
  CONFIG_LINKS    = 
  CONFIG_COMMANDS = 
  $ ./config.status src/config/bitcoin-config.h

on cyperts-Latitude-334020646U00WZ

config.status:1483: creating src/config/bitcoin-config.h
config.status:1664: src/config/bitcoin-config.h is unchanged
